The system is: Linux - 5.0.0-1031-gcp - x86_64
Compiling the C compiler identification source file "CMakeCCompilerId.c" succeeded.
Compiler: /usr/bin/gcc 
Build flags: -coverage
Id flags:  

The output was:
0


Compilation of the C compiler identification source "CMakeCCompilerId.c" produced "CMakeCCompilerId.gcno"

Compilation of the C compiler identification source "CMakeCCompilerId.c" produced "a.out"

The C compiler identification is GNU, found in "/home/travis/build/CESNET/libyang/build/CMakeFiles/3.12.4/CompilerIdC/a.out"

Determining if the C compiler works passed with the following output:
Change Dir: /home/travis/build/CESNET/libyang/build/CMakeFiles/CMakeTmp

Run Build Command:"/usr/bin/make" "cmTC_58e8b/fast"
/usr/bin/make -f CMakeFiles/cmTC_58e8b.dir/build.make CMakeFiles/cmTC_58e8b.dir/build
make[1]: Entering directory '/home/travis/build/CESNET/libyang/build/CMakeFiles/CMakeTmp'
Building C object CMakeFiles/cmTC_58e8b.dir/testCCompiler.c.o
/usr/bin/gcc   -coverage    -o CMakeFiles/cmTC_58e8b.dir/testCCompiler.c.o   -c /home/travis/build/CESNET/libyang/build/CMakeFiles/CMakeTmp/testCCompiler.c
Linking C executable cmTC_58e8b
/usr/local/cmake-3.12.4/bin/cmake -E cmake_link_script CMakeFiles/cmTC_58e8b.dir/link.txt --verbose=1
/usr/bin/gcc -coverage     -rdynamic CMakeFiles/cmTC_58e8b.dir/testCCompiler.c.o  -o cmTC_58e8b 
make[1]: Leaving directory '/home/travis/build/CESNET/libyang/build/CMakeFiles/CMakeTmp'


Detecting C compiler ABI info compiled with the following output:
Change Dir: /home/travis/build/CESNET/libyang/build/CMakeFiles/CMakeTmp

Run Build Command:"/usr/bin/make" "cmTC_e1a19/fast"
/usr/bin/make -f CMakeFiles/cmTC_e1a19.dir/build.make CMakeFiles/cmTC_e1a19.dir/build
make[1]: Entering directory '/home/travis/build/CESNET/libyang/build/CMakeFiles/CMakeTmp'
Building C object CMakeFiles/cmTC_e1a19.dir/CMakeCCompilerABI.c.o
/usr/bin/gcc   -coverage    -o CMakeFiles/cmTC_e1a19.dir/CMakeCCompilerABI.c.o   -c /usr/local/cmake-3.12.4/share/cmake-3.12/Modules/CMakeCCompilerABI.c
Linking C executable cmTC_e1a19
/usr/local/cmake-3.12.4/bin/cmake -E cmake_link_script CMakeFiles/cmTC_e1a19.dir/link.txt --verbose=1
/usr/bin/gcc -coverage    -v -rdynamic CMakeFiles/cmTC_e1a19.dir/CMakeCCompilerABI.c.o  -o cmTC_e1a19 
Using built-in specs.
COLLECT_GCC=/usr/bin/gcc
COLLECT_LTO_WRAPPER=/usr/lib/gcc/x86_64-linux-gnu/7/lto-wrapper
OFFLOAD_TARGET_NAMES=nvptx-none
OFFLOAD_TARGET_DEFAULT=1
Target: x86_64-linux-gnu
Configured with: ../src/configure -v --with-pkgversion='Ubuntu 7.4.0-1ubuntu1~18.04.1' --with-bugurl=file:///usr/share/doc/gcc-7/README.Bugs --enable-languages=c,ada,c++,go,brig,d,fortran,objc,obj-c++ --prefix=/usr --with-gcc-major-version-only --program-suffix=-7 --program-prefix=x86_64-linux-gnu- --enable-shared --enable-linker-build-id --libexecdir=/usr/lib --without-included-gettext --enable-threads=posix --libdir=/usr/lib --enable-nls --with-sysroot=/ --enable-clocale=gnu --enable-libstdcxx-debug --enable-libstdcxx-time=yes --with-default-libstdcxx-abi=new --enable-gnu-unique-object --disable-vtable-verify --enable-libmpx --enable-plugin --enable-default-pie --with-system-zlib --with-target-system-zlib --enable-objc-gc=auto --enable-multiarch --disable-werror --with-arch-32=i686 --with-abi=m64 --with-multilib-list=m32,m64,mx32 --enable-multilib --with-tune=generic --enable-offload-targets=nvptx-none --without-cuda-driver --enable-checking=release --build=x86_64-linux-gnu --host=x86_64-linux-gnu --target=x86_64-linux-gnu
Thread model: posix
gcc version 7.4.0 (Ubuntu 7.4.0-1ubuntu1~18.04.1) 
COMPILER_PATH=/usr/lib/gcc/x86_64-linux-gnu/7/:/usr/lib/gcc/x86_64-linux-gnu/7/:/usr/lib/gcc/x86_64-linux-gnu/:/usr/lib/gcc/x86_64-linux-gnu/7/:/usr/lib/gcc/x86_64-linux-gnu/
LIBRARY_PATH=/usr/lib/gcc/x86_64-linux-gnu/7/:/usr/lib/gcc/x86_64-linux-gnu/7/../../../x86_64-linux-gnu/:/usr/lib/gcc/x86_64-linux-gnu/7/../../../../lib/:/lib/x86_64-linux-gnu/:/lib/../lib/:/usr/lib/x86_64-linux-gnu/:/usr/lib/../lib/:/usr/lib/gcc/x86_64-linux-gnu/7/../../../:/lib/:/usr/lib/
COLLECT_GCC_OPTIONS='-coverage' '-v' '-rdynamic' '-o' 'cmTC_e1a19' '-mtune=generic' '-march=x86-64'
 /usr/lib/gcc/x86_64-linux-gnu/7/collect2 -plugin /usr/lib/gcc/x86_64-linux-gnu/7/liblto_plugin.so -plugin-opt=/usr/lib/gcc/x86_64-linux-gnu/7/lto-wrapper -plugin-opt=-fresolution=/tmp/ccI3MmNA.res -plugin-opt=-pass-through=-lgcc -plugin-opt=-pass-through=-lgcc_s -plugin-opt=-pass-through=-lc -plugin-opt=-pass-through=-lgcc -plugin-opt=-pass-through=-lgcc_s --sysroot=/ --build-id --eh-frame-hdr -m elf_x86_64 --hash-style=gnu --as-needed -export-dynamic -dynamic-linker /lib64/ld-linux-x86-64.so.2 -pie -z now -z relro -o cmTC_e1a19 /usr/lib/gcc/x86_64-linux-gnu/7/../../../x86_64-linux-gnu/Scrt1.o /usr/lib/gcc/x86_64-linux-gnu/7/../../../x86_64-linux-gnu/crti.o /usr/lib/gcc/x86_64-linux-gnu/7/crtbeginS.o -L/usr/lib/gcc/x86_64-linux-gnu/7 -L/usr/lib/gcc/x86_64-linux-gnu/7/../../../x86_64-linux-gnu -L/usr/lib/gcc/x86_64-linux-gnu/7/../../../../lib -L/lib/x86_64-linux-gnu -L/lib/../lib -L/usr/lib/x86_64-linux-gnu -L/usr/lib/../lib -L/usr/lib/gcc/x86_64-linux-gnu/7/../../.. CMakeFiles/cmTC_e1a19.dir/CMakeCCompilerABI.c.o -lgcov -lgcc --push-state --as-needed -lgcc_s --pop-state -lc -lgcc --push-state --as-needed -lgcc_s --pop-state /usr/lib/gcc/x86_64-linux-gnu/7/crtendS.o /usr/lib/gcc/x86_64-linux-gnu/7/../../../x86_64-linux-gnu/crtn.o
COLLECT_GCC_OPTIONS='-coverage' '-v' '-rdynamic' '-o' 'cmTC_e1a19' '-mtune=generic' '-march=x86-64'
make[1]: Leaving directory '/home/travis/build/CESNET/libyang/build/CMakeFiles/CMakeTmp'


Parsed C implicit link information from above output:
  link line regex: [^( *|.*[/\])(ld|CMAKE_LINK_STARTFILE-NOTFOUND|([^/\]+-)?ld|collect2)[^/\]*( |$)]
  ignore line: [Change Dir: /home/travis/build/CESNET/libyang/build/CMakeFiles/CMakeTmp]
  ignore line: []
  ignore line: [Run Build Command:"/usr/bin/make" "cmTC_e1a19/fast"]
  ignore line: [/usr/bin/make -f CMakeFiles/cmTC_e1a19.dir/build.make CMakeFiles/cmTC_e1a19.dir/build]
  ignore line: [make[1]: Entering directory '/home/travis/build/CESNET/libyang/build/CMakeFiles/CMakeTmp']
  ignore line: [Building C object CMakeFiles/cmTC_e1a19.dir/CMakeCCompilerABI.c.o]
  ignore line: [/usr/bin/gcc   -coverage    -o CMakeFiles/cmTC_e1a19.dir/CMakeCCompilerABI.c.o   -c /usr/local/cmake-3.12.4/share/cmake-3.12/Modules/CMakeCCompilerABI.c]
  ignore line: [Linking C executable cmTC_e1a19]
  ignore line: [/usr/local/cmake-3.12.4/bin/cmake -E cmake_link_script CMakeFiles/cmTC_e1a19.dir/link.txt --verbose=1]
  ignore line: [/usr/bin/gcc -coverage    -v -rdynamic CMakeFiles/cmTC_e1a19.dir/CMakeCCompilerABI.c.o  -o cmTC_e1a19 ]
  ignore line: [Using built-in specs.]
  ignore line: [COLLECT_GCC=/usr/bin/gcc]
  ignore line: [COLLECT_LTO_WRAPPER=/usr/lib/gcc/x86_64-linux-gnu/7/lto-wrapper]
  ignore line: [OFFLOAD_TARGET_NAMES=nvptx-none]
  ignore line: [OFFLOAD_TARGET_DEFAULT=1]
  ignore line: [Target: x86_64-linux-gnu]
  ignore line: [Configured with: ../src/configure -v --with-pkgversion='Ubuntu 7.4.0-1ubuntu1~18.04.1' --with-bugurl=file:///usr/share/doc/gcc-7/README.Bugs --enable-languages=c,ada,c++,go,brig,d,fortran,objc,obj-c++ --prefix=/usr --with-gcc-major-version-only --program-suffix=-7 --program-prefix=x86_64-linux-gnu- --enable-shared --enable-linker-build-id --libexecdir=/usr/lib --without-included-gettext --enable-threads=posix --libdir=/usr/lib --enable-nls --with-sysroot=/ --enable-clocale=gnu --enable-libstdcxx-debug --enable-libstdcxx-time=yes --with-default-libstdcxx-abi=new --enable-gnu-unique-object --disable-vtable-verify --enable-libmpx --enable-plugin --enable-default-pie --with-system-zlib --with-target-system-zlib --enable-objc-gc=auto --enable-multiarch --disable-werror --with-arch-32=i686 --with-abi=m64 --with-multilib-list=m32,m64,mx32 --enable-multilib --with-tune=generic --enable-offload-targets=nvptx-none --without-cuda-driver --enable-checking=release --build=x86_64-linux-gnu --host=x86_64-linux-gnu --target=x86_64-linux-gnu]
  ignore line: [Thread model: posix]
  ignore line: [gcc version 7.4.0 (Ubuntu 7.4.0-1ubuntu1~18.04.1) ]
  ignore line: [COMPILER_PATH=/usr/lib/gcc/x86_64-linux-gnu/7/:/usr/lib/gcc/x86_64-linux-gnu/7/:/usr/lib/gcc/x86_64-linux-gnu/:/usr/lib/gcc/x86_64-linux-gnu/7/:/usr/lib/gcc/x86_64-linux-gnu/]
  ignore line: [LIBRARY_PATH=/usr/lib/gcc/x86_64-linux-gnu/7/:/usr/lib/gcc/x86_64-linux-gnu/7/../../../x86_64-linux-gnu/:/usr/lib/gcc/x86_64-linux-gnu/7/../../../../lib/:/lib/x86_64-linux-gnu/:/lib/../lib/:/usr/lib/x86_64-linux-gnu/:/usr/lib/../lib/:/usr/lib/gcc/x86_64-linux-gnu/7/../../../:/lib/:/usr/lib/]
  ignore line: [COLLECT_GCC_OPTIONS='-coverage' '-v' '-rdynamic' '-o' 'cmTC_e1a19' '-mtune=generic' '-march=x86-64']
  link line: [ /usr/lib/gcc/x86_64-linux-gnu/7/collect2 -plugin /usr/lib/gcc/x86_64-linux-gnu/7/liblto_plugin.so -plugin-opt=/usr/lib/gcc/x86_64-linux-gnu/7/lto-wrapper -plugin-opt=-fresolution=/tmp/ccI3MmNA.res -plugin-opt=-pass-through=-lgcc -plugin-opt=-pass-through=-lgcc_s -plugin-opt=-pass-through=-lc -plugin-opt=-pass-through=-lgcc -plugin-opt=-pass-through=-lgcc_s --sysroot=/ --build-id --eh-frame-hdr -m elf_x86_64 --hash-style=gnu --as-needed -export-dynamic -dynamic-linker /lib64/ld-linux-x86-64.so.2 -pie -z now -z relro -o cmTC_e1a19 /usr/lib/gcc/x86_64-linux-gnu/7/../../../x86_64-linux-gnu/Scrt1.o /usr/lib/gcc/x86_64-linux-gnu/7/../../../x86_64-linux-gnu/crti.o /usr/lib/gcc/x86_64-linux-gnu/7/crtbeginS.o -L/usr/lib/gcc/x86_64-linux-gnu/7 -L/usr/lib/gcc/x86_64-linux-gnu/7/../../../x86_64-linux-gnu -L/usr/lib/gcc/x86_64-linux-gnu/7/../../../../lib -L/lib/x86_64-linux-gnu -L/lib/../lib -L/usr/lib/x86_64-linux-gnu -L/usr/lib/../lib -L/usr/lib/gcc/x86_64-linux-gnu/7/../../.. CMakeFiles/cmTC_e1a19.dir/CMakeCCompilerABI.c.o -lgcov -lgcc --push-state --as-needed -lgcc_s --pop-state -lc -lgcc --push-state --as-needed -lgcc_s --pop-state /usr/lib/gcc/x86_64-linux-gnu/7/crtendS.o /usr/lib/gcc/x86_64-linux-gnu/7/../../../x86_64-linux-gnu/crtn.o]
    arg [/usr/lib/gcc/x86_64-linux-gnu/7/collect2] ==> ignore
    arg [-plugin] ==> ignore
    arg [/usr/lib/gcc/x86_64-linux-gnu/7/liblto_plugin.so] ==> ignore
    arg [-plugin-opt=/usr/lib/gcc/x86_64-linux-gnu/7/lto-wrapper] ==> ignore
    arg [-plugin-opt=-fresolution=/tmp/ccI3MmNA.res] ==> ignore
    arg [-plugin-opt=-pass-through=-lgcc] ==> ignore
    arg [-plugin-opt=-pass-through=-lgcc_s] ==> ignore
    arg [-plugin-opt=-pass-through=-lc] ==> ignore
    arg [-plugin-opt=-pass-through=-lgcc] ==> ignore
    arg [-plugin-opt=-pass-through=-lgcc_s] ==> ignore
    arg [--sysroot=/] ==> ignore
    arg [--build-id] ==> ignore
    arg [--eh-frame-hdr] ==> ignore
    arg [-m] ==> ignore
    arg [elf_x86_64] ==> ignore
    arg [--hash-style=gnu] ==> ignore
    arg [--as-needed] ==> ignore
    arg [-export-dynamic] ==> ignore
    arg [-dynamic-linker] ==> ignore
    arg [/lib64/ld-linux-x86-64.so.2] ==> ignore
    arg [-pie] ==> ignore
    arg [-znow] ==> ignore
    arg [-zrelro] ==> ignore
    arg [-o] ==> ignore
    arg [cmTC_e1a19] ==> ignore
    arg [/usr/lib/gcc/x86_64-linux-gnu/7/../../../x86_64-linux-gnu/Scrt1.o] ==> ignore
    arg [/usr/lib/gcc/x86_64-linux-gnu/7/../../../x86_64-linux-gnu/crti.o] ==> ignore
    arg [/usr/lib/gcc/x86_64-linux-gnu/7/crtbeginS.o] ==> ignore
    arg [-L/usr/lib/gcc/x86_64-linux-gnu/7] ==> dir [/usr/lib/gcc/x86_64-linux-gnu/7]
    arg [-L/usr/lib/gcc/x86_64-linux-gnu/7/../../../x86_64-linux-gnu] ==> dir [/usr/lib/gcc/x86_64-linux-gnu/7/../../../x86_64-linux-gnu]
    arg [-L/usr/lib/gcc/x86_64-linux-gnu/7/../../../../lib] ==> dir [/usr/lib/gcc/x86_64-linux-gnu/7/../../../../lib]
    arg [-L/lib/x86_64-linux-gnu] ==> dir [/lib/x86_64-linux-gnu]
    arg [-L/lib/../lib] ==> dir [/lib/../lib]
    arg [-L/usr/lib/x86_64-linux-gnu] ==> dir [/usr/lib/x86_64-linux-gnu]
    arg [-L/usr/lib/../lib] ==> dir [/usr/lib/../lib]
    arg [-L/usr/lib/gcc/x86_64-linux-gnu/7/../../..] ==> dir [/usr/lib/gcc/x86_64-linux-gnu/7/../../..]
    arg [CMakeFiles/cmTC_e1a19.dir/CMakeCCompilerABI.c.o] ==> ignore
    arg [-lgcov] ==> lib [gcov]
    arg [-lgcc] ==> lib [gcc]
    arg [--push-state] ==> ignore
    arg [--as-needed] ==> ignore
    arg [-lgcc_s] ==> lib [gcc_s]
    arg [--pop-state] ==> ignore
    arg [-lc] ==> lib [c]
    arg [-lgcc] ==> lib [gcc]
    arg [--push-state] ==> ignore
    arg [--as-needed] ==> ignore
    arg [-lgcc_s] ==> lib [gcc_s]
    arg [--pop-state] ==> ignore
    arg [/usr/lib/gcc/x86_64-linux-gnu/7/crtendS.o] ==> ignore
    arg [/usr/lib/gcc/x86_64-linux-gnu/7/../../../x86_64-linux-gnu/crtn.o] ==> ignore
  collapse library dir [/usr/lib/gcc/x86_64-linux-gnu/7] ==> [/usr/lib/gcc/x86_64-linux-gnu/7]
  collapse library dir [/usr/lib/gcc/x86_64-linux-gnu/7/../../../x86_64-linux-gnu] ==> [/usr/lib/x86_64-linux-gnu]
  collapse library dir [/usr/lib/gcc/x86_64-linux-gnu/7/../../../../lib] ==> [/usr/lib]
  collapse library dir [/lib/x86_64-linux-gnu] ==> [/lib/x86_64-linux-gnu]
  collapse library dir [/lib/../lib] ==> [/lib]
  collapse library dir [/usr/lib/x86_64-linux-gnu] ==> [/usr/lib/x86_64-linux-gnu]
  collapse library dir [/usr/lib/../lib] ==> [/usr/lib]
  collapse library dir [/usr/lib/gcc/x86_64-linux-gnu/7/../../..] ==> [/usr/lib]
  implicit libs: [gcov;gcc;gcc_s;c;gcc;gcc_s]
  implicit dirs: [/usr/lib/gcc/x86_64-linux-gnu/7;/usr/lib/x86_64-linux-gnu;/usr/lib;/lib/x86_64-linux-gnu;/lib]
  implicit fwks: []




Detecting C [-std=c11] compiler features compiled with the following output:
Change Dir: /home/travis/build/CESNET/libyang/build/CMakeFiles/CMakeTmp

Run Build Command:"/usr/bin/make" "cmTC_ee65b/fast"
/usr/bin/make -f CMakeFiles/cmTC_ee65b.dir/build.make CMakeFiles/cmTC_ee65b.dir/build
make[1]: Entering directory '/home/travis/build/CESNET/libyang/build/CMakeFiles/CMakeTmp'
Building C object CMakeFiles/cmTC_ee65b.dir/feature_tests.c.o
/usr/bin/gcc   -coverage    -std=c11 -o CMakeFiles/cmTC_ee65b.dir/feature_tests.c.o   -c /home/travis/build/CESNET/libyang/build/CMakeFiles/feature_tests.c
Linking C executable cmTC_ee65b
/usr/local/cmake-3.12.4/bin/cmake -E cmake_link_script CMakeFiles/cmTC_ee65b.dir/link.txt --verbose=1
/usr/bin/gcc -coverage     -rdynamic CMakeFiles/cmTC_ee65b.dir/feature_tests.c.o  -o cmTC_ee65b 
make[1]: Leaving directory '/home/travis/build/CESNET/libyang/build/CMakeFiles/CMakeTmp'


    Feature record: C_FEATURE:1c_function_prototypes
    Feature record: C_FEATURE:1c_restrict
    Feature record: C_FEATURE:1c_static_assert
    Feature record: C_FEATURE:1c_variadic_macros


Detecting C [-std=c99] compiler features compiled with the following output:
Change Dir: /home/travis/build/CESNET/libyang/build/CMakeFiles/CMakeTmp

Run Build Command:"/usr/bin/make" "cmTC_5a2a0/fast"
/usr/bin/make -f CMakeFiles/cmTC_5a2a0.dir/build.make CMakeFiles/cmTC_5a2a0.dir/build
make[1]: Entering directory '/home/travis/build/CESNET/libyang/build/CMakeFiles/CMakeTmp'
Building C object CMakeFiles/cmTC_5a2a0.dir/feature_tests.c.o
/usr/bin/gcc   -coverage    -std=c99 -o CMakeFiles/cmTC_5a2a0.dir/feature_tests.c.o   -c /home/travis/build/CESNET/libyang/build/CMakeFiles/feature_tests.c
Linking C executable cmTC_5a2a0
/usr/local/cmake-3.12.4/bin/cmake -E cmake_link_script CMakeFiles/cmTC_5a2a0.dir/link.txt --verbose=1
/usr/bin/gcc -coverage     -rdynamic CMakeFiles/cmTC_5a2a0.dir/feature_tests.c.o  -o cmTC_5a2a0 
make[1]: Leaving directory '/home/travis/build/CESNET/libyang/build/CMakeFiles/CMakeTmp'


    Feature record: C_FEATURE:1c_function_prototypes
    Feature record: C_FEATURE:1c_restrict
    Feature record: C_FEATURE:0c_static_assert
    Feature record: C_FEATURE:1c_variadic_macros


Detecting C [-std=c90] compiler features compiled with the following output:
Change Dir: /home/travis/build/CESNET/libyang/build/CMakeFiles/CMakeTmp

Run Build Command:"/usr/bin/make" "cmTC_affad/fast"
/usr/bin/make -f CMakeFiles/cmTC_affad.dir/build.make CMakeFiles/cmTC_affad.dir/build
make[1]: Entering directory '/home/travis/build/CESNET/libyang/build/CMakeFiles/CMakeTmp'
Building C object CMakeFiles/cmTC_affad.dir/feature_tests.c.o
/usr/bin/gcc   -coverage    -std=c90 -o CMakeFiles/cmTC_affad.dir/feature_tests.c.o   -c /home/travis/build/CESNET/libyang/build/CMakeFiles/feature_tests.c
Linking C executable cmTC_affad
/usr/local/cmake-3.12.4/bin/cmake -E cmake_link_script CMakeFiles/cmTC_affad.dir/link.txt --verbose=1
/usr/bin/gcc -coverage     -rdynamic CMakeFiles/cmTC_affad.dir/feature_tests.c.o  -o cmTC_affad 
make[1]: Leaving directory '/home/travis/build/CESNET/libyang/build/CMakeFiles/CMakeTmp'


    Feature record: C_FEATURE:1c_function_prototypes
    Feature record: C_FEATURE:0c_restrict
    Feature record: C_FEATURE:0c_static_assert
    Feature record: C_FEATURE:0c_variadic_macros
Determining if the vdprintf exist passed with the following output:
Change Dir: /home/travis/build/CESNET/libyang/build/CMakeFiles/CMakeTmp

Run Build Command:"/usr/bin/make" "cmTC_ca835/fast"
/usr/bin/make -f CMakeFiles/cmTC_ca835.dir/build.make CMakeFiles/cmTC_ca835.dir/build
make[1]: Entering directory '/home/travis/build/CESNET/libyang/build/CMakeFiles/CMakeTmp'
Building C object CMakeFiles/cmTC_ca835.dir/CheckSymbolExists.c.o
/usr/bin/gcc -D_GNU_SOURCE -D_POSIX_C_SOURCE=200809L -D__BSD_VISIBLE=1  -coverage -Wall -Wextra -std=gnu99    -o CMakeFiles/cmTC_ca835.dir/CheckSymbolExists.c.o   -c /home/travis/build/CESNET/libyang/build/CMakeFiles/CMakeTmp/CheckSymbolExists.c
Linking C executable cmTC_ca835
/usr/local/cmake-3.12.4/bin/cmake -E cmake_link_script CMakeFiles/cmTC_ca835.dir/link.txt --verbose=1
/usr/bin/gcc -coverage -Wall -Wextra -std=gnu99     -rdynamic CMakeFiles/cmTC_ca835.dir/CheckSymbolExists.c.o  -o cmTC_ca835 
make[1]: Leaving directory '/home/travis/build/CESNET/libyang/build/CMakeFiles/CMakeTmp'

File /home/travis/build/CESNET/libyang/build/CMakeFiles/CMakeTmp/CheckSymbolExists.c:
/* */
#include <stdio.h>
#include <stdarg.h>

int main(int argc, char** argv)
{
  (void)argv;
#ifndef vdprintf
  return ((int*)(&vdprintf))[argc];
#else
  (void)argc;
  return 0;
#endif
}

Determining if the asprintf exist passed with the following output:
Change Dir: /home/travis/build/CESNET/libyang/build/CMakeFiles/CMakeTmp

Run Build Command:"/usr/bin/make" "cmTC_2085f/fast"
/usr/bin/make -f CMakeFiles/cmTC_2085f.dir/build.make CMakeFiles/cmTC_2085f.dir/build
make[1]: Entering directory '/home/travis/build/CESNET/libyang/build/CMakeFiles/CMakeTmp'
Building C object CMakeFiles/cmTC_2085f.dir/CheckSymbolExists.c.o
/usr/bin/gcc -D_GNU_SOURCE -D_POSIX_C_SOURCE=200809L -D__BSD_VISIBLE=1  -coverage -Wall -Wextra -std=gnu99    -o CMakeFiles/cmTC_2085f.dir/CheckSymbolExists.c.o   -c /home/travis/build/CESNET/libyang/build/CMakeFiles/CMakeTmp/CheckSymbolExists.c
Linking C executable cmTC_2085f
/usr/local/cmake-3.12.4/bin/cmake -E cmake_link_script CMakeFiles/cmTC_2085f.dir/link.txt --verbose=1
/usr/bin/gcc -coverage -Wall -Wextra -std=gnu99     -rdynamic CMakeFiles/cmTC_2085f.dir/CheckSymbolExists.c.o  -o cmTC_2085f 
make[1]: Leaving directory '/home/travis/build/CESNET/libyang/build/CMakeFiles/CMakeTmp'

File /home/travis/build/CESNET/libyang/build/CMakeFiles/CMakeTmp/CheckSymbolExists.c:
/* */
#include <stdio.h>

int main(int argc, char** argv)
{
  (void)argv;
#ifndef asprintf
  return ((int*)(&asprintf))[argc];
#else
  (void)argc;
  return 0;
#endif
}

Determining if the vasprintf exist passed with the following output:
Change Dir: /home/travis/build/CESNET/libyang/build/CMakeFiles/CMakeTmp

Run Build Command:"/usr/bin/make" "cmTC_e4e54/fast"
/usr/bin/make -f CMakeFiles/cmTC_e4e54.dir/build.make CMakeFiles/cmTC_e4e54.dir/build
make[1]: Entering directory '/home/travis/build/CESNET/libyang/build/CMakeFiles/CMakeTmp'
Building C object CMakeFiles/cmTC_e4e54.dir/CheckSymbolExists.c.o
/usr/bin/gcc -D_GNU_SOURCE -D_POSIX_C_SOURCE=200809L -D__BSD_VISIBLE=1  -coverage -Wall -Wextra -std=gnu99    -o CMakeFiles/cmTC_e4e54.dir/CheckSymbolExists.c.o   -c /home/travis/build/CESNET/libyang/build/CMakeFiles/CMakeTmp/CheckSymbolExists.c
Linking C executable cmTC_e4e54
/usr/local/cmake-3.12.4/bin/cmake -E cmake_link_script CMakeFiles/cmTC_e4e54.dir/link.txt --verbose=1
/usr/bin/gcc -coverage -Wall -Wextra -std=gnu99     -rdynamic CMakeFiles/cmTC_e4e54.dir/CheckSymbolExists.c.o  -o cmTC_e4e54 
make[1]: Leaving directory '/home/travis/build/CESNET/libyang/build/CMakeFiles/CMakeTmp'

File /home/travis/build/CESNET/libyang/build/CMakeFiles/CMakeTmp/CheckSymbolExists.c:
/* */
#include <stdio.h>

int main(int argc, char** argv)
{
  (void)argv;
#ifndef vasprintf
  return ((int*)(&vasprintf))[argc];
#else
  (void)argc;
  return 0;
#endif
}

Determining if the get_current_dir_name exist passed with the following output:
Change Dir: /home/travis/build/CESNET/libyang/build/CMakeFiles/CMakeTmp

Run Build Command:"/usr/bin/make" "cmTC_ef0be/fast"
/usr/bin/make -f CMakeFiles/cmTC_ef0be.dir/build.make CMakeFiles/cmTC_ef0be.dir/build
make[1]: Entering directory '/home/travis/build/CESNET/libyang/build/CMakeFiles/CMakeTmp'
Building C object CMakeFiles/cmTC_ef0be.dir/CheckSymbolExists.c.o
/usr/bin/gcc -D_GNU_SOURCE -D_POSIX_C_SOURCE=200809L -D__BSD_VISIBLE=1  -coverage -Wall -Wextra -std=gnu99    -o CMakeFiles/cmTC_ef0be.dir/CheckSymbolExists.c.o   -c /home/travis/build/CESNET/libyang/build/CMakeFiles/CMakeTmp/CheckSymbolExists.c
Linking C executable cmTC_ef0be
/usr/local/cmake-3.12.4/bin/cmake -E cmake_link_script CMakeFiles/cmTC_ef0be.dir/link.txt --verbose=1
/usr/bin/gcc -coverage -Wall -Wextra -std=gnu99     -rdynamic CMakeFiles/cmTC_ef0be.dir/CheckSymbolExists.c.o  -o cmTC_ef0be 
make[1]: Leaving directory '/home/travis/build/CESNET/libyang/build/CMakeFiles/CMakeTmp'

File /home/travis/build/CESNET/libyang/build/CMakeFiles/CMakeTmp/CheckSymbolExists.c:
/* */
#include <unistd.h>

int main(int argc, char** argv)
{
  (void)argv;
#ifndef get_current_dir_name
  return ((int*)(&get_current_dir_name))[argc];
#else
  (void)argc;
  return 0;
#endif
}

Determining if the strndup exist passed with the following output:
Change Dir: /home/travis/build/CESNET/libyang/build/CMakeFiles/CMakeTmp

Run Build Command:"/usr/bin/make" "cmTC_54ca6/fast"
/usr/bin/make -f CMakeFiles/cmTC_54ca6.dir/build.make CMakeFiles/cmTC_54ca6.dir/build
make[1]: Entering directory '/home/travis/build/CESNET/libyang/build/CMakeFiles/CMakeTmp'
Building C object CMakeFiles/cmTC_54ca6.dir/CheckSymbolExists.c.o
/usr/bin/gcc -D_GNU_SOURCE -D_POSIX_C_SOURCE=200809L -D__BSD_VISIBLE=1  -coverage -Wall -Wextra -std=gnu99    -o CMakeFiles/cmTC_54ca6.dir/CheckSymbolExists.c.o   -c /home/travis/build/CESNET/libyang/build/CMakeFiles/CMakeTmp/CheckSymbolExists.c
Linking C executable cmTC_54ca6
/usr/local/cmake-3.12.4/bin/cmake -E cmake_link_script CMakeFiles/cmTC_54ca6.dir/link.txt --verbose=1
/usr/bin/gcc -coverage -Wall -Wextra -std=gnu99     -rdynamic CMakeFiles/cmTC_54ca6.dir/CheckSymbolExists.c.o  -o cmTC_54ca6 
make[1]: Leaving directory '/home/travis/build/CESNET/libyang/build/CMakeFiles/CMakeTmp'

File /home/travis/build/CESNET/libyang/build/CMakeFiles/CMakeTmp/CheckSymbolExists.c:
/* */
#include <string.h>

int main(int argc, char** argv)
{
  (void)argv;
#ifndef strndup
  return ((int*)(&strndup))[argc];
#else
  (void)argc;
  return 0;
#endif
}

Determining if the getline exist passed with the following output:
Change Dir: /home/travis/build/CESNET/libyang/build/CMakeFiles/CMakeTmp

Run Build Command:"/usr/bin/make" "cmTC_a7f7e/fast"
/usr/bin/make -f CMakeFiles/cmTC_a7f7e.dir/build.make CMakeFiles/cmTC_a7f7e.dir/build
make[1]: Entering directory '/home/travis/build/CESNET/libyang/build/CMakeFiles/CMakeTmp'
Building C object CMakeFiles/cmTC_a7f7e.dir/CheckSymbolExists.c.o
/usr/bin/gcc -D_GNU_SOURCE -D_POSIX_C_SOURCE=200809L -D__BSD_VISIBLE=1  -coverage -Wall -Wextra -std=gnu99    -o CMakeFiles/cmTC_a7f7e.dir/CheckSymbolExists.c.o   -c /home/travis/build/CESNET/libyang/build/CMakeFiles/CMakeTmp/CheckSymbolExists.c
Linking C executable cmTC_a7f7e
/usr/local/cmake-3.12.4/bin/cmake -E cmake_link_script CMakeFiles/cmTC_a7f7e.dir/link.txt --verbose=1
/usr/bin/gcc -coverage -Wall -Wextra -std=gnu99     -rdynamic CMakeFiles/cmTC_a7f7e.dir/CheckSymbolExists.c.o  -o cmTC_a7f7e 
make[1]: Leaving directory '/home/travis/build/CESNET/libyang/build/CMakeFiles/CMakeTmp'

File /home/travis/build/CESNET/libyang/build/CMakeFiles/CMakeTmp/CheckSymbolExists.c:
/* */
#include <stdio.h>

int main(int argc, char** argv)
{
  (void)argv;
#ifndef getline
  return ((int*)(&getline))[argc];
#else
  (void)argc;
  return 0;
#endif
}

Determining if the include file sys/types.h exists passed with the following output:
Change Dir: /home/travis/build/CESNET/libyang/build/CMakeFiles/CMakeTmp

Run Build Command:"/usr/bin/make" "cmTC_a0b67/fast"
/usr/bin/make -f CMakeFiles/cmTC_a0b67.dir/build.make CMakeFiles/cmTC_a0b67.dir/build
make[1]: Entering directory '/home/travis/build/CESNET/libyang/build/CMakeFiles/CMakeTmp'
Building C object CMakeFiles/cmTC_a0b67.dir/CheckIncludeFile.c.o
/usr/bin/gcc -D_GNU_SOURCE -D_POSIX_C_SOURCE=200809L -D__BSD_VISIBLE=1  -coverage -Wall -Wextra -std=gnu99    -o CMakeFiles/cmTC_a0b67.dir/CheckIncludeFile.c.o   -c /home/travis/build/CESNET/libyang/build/CMakeFiles/CMakeTmp/CheckIncludeFile.c
Linking C executable cmTC_a0b67
/usr/local/cmake-3.12.4/bin/cmake -E cmake_link_script CMakeFiles/cmTC_a0b67.dir/link.txt --verbose=1
/usr/bin/gcc -coverage -Wall -Wextra -std=gnu99     -rdynamic CMakeFiles/cmTC_a0b67.dir/CheckIncludeFile.c.o  -o cmTC_a0b67 
make[1]: Leaving directory '/home/travis/build/CESNET/libyang/build/CMakeFiles/CMakeTmp'


Determining if the include file stdint.h exists passed with the following output:
Change Dir: /home/travis/build/CESNET/libyang/build/CMakeFiles/CMakeTmp

Run Build Command:"/usr/bin/make" "cmTC_82abf/fast"
/usr/bin/make -f CMakeFiles/cmTC_82abf.dir/build.make CMakeFiles/cmTC_82abf.dir/build
make[1]: Entering directory '/home/travis/build/CESNET/libyang/build/CMakeFiles/CMakeTmp'
Building C object CMakeFiles/cmTC_82abf.dir/CheckIncludeFile.c.o
/usr/bin/gcc -D_GNU_SOURCE -D_POSIX_C_SOURCE=200809L -D__BSD_VISIBLE=1  -coverage -Wall -Wextra -std=gnu99    -o CMakeFiles/cmTC_82abf.dir/CheckIncludeFile.c.o   -c /home/travis/build/CESNET/libyang/build/CMakeFiles/CMakeTmp/CheckIncludeFile.c
Linking C executable cmTC_82abf
/usr/local/cmake-3.12.4/bin/cmake -E cmake_link_script CMakeFiles/cmTC_82abf.dir/link.txt --verbose=1
/usr/bin/gcc -coverage -Wall -Wextra -std=gnu99     -rdynamic CMakeFiles/cmTC_82abf.dir/CheckIncludeFile.c.o  -o cmTC_82abf 
make[1]: Leaving directory '/home/travis/build/CESNET/libyang/build/CMakeFiles/CMakeTmp'


Determining if the include file stddef.h exists passed with the following output:
Change Dir: /home/travis/build/CESNET/libyang/build/CMakeFiles/CMakeTmp

Run Build Command:"/usr/bin/make" "cmTC_95647/fast"
/usr/bin/make -f CMakeFiles/cmTC_95647.dir/build.make CMakeFiles/cmTC_95647.dir/build
make[1]: Entering directory '/home/travis/build/CESNET/libyang/build/CMakeFiles/CMakeTmp'
Building C object CMakeFiles/cmTC_95647.dir/CheckIncludeFile.c.o
/usr/bin/gcc -D_GNU_SOURCE -D_POSIX_C_SOURCE=200809L -D__BSD_VISIBLE=1  -coverage -Wall -Wextra -std=gnu99    -o CMakeFiles/cmTC_95647.dir/CheckIncludeFile.c.o   -c /home/travis/build/CESNET/libyang/build/CMakeFiles/CMakeTmp/CheckIncludeFile.c
Linking C executable cmTC_95647
/usr/local/cmake-3.12.4/bin/cmake -E cmake_link_script CMakeFiles/cmTC_95647.dir/link.txt --verbose=1
/usr/bin/gcc -coverage -Wall -Wextra -std=gnu99     -rdynamic CMakeFiles/cmTC_95647.dir/CheckIncludeFile.c.o  -o cmTC_95647 
make[1]: Leaving directory '/home/travis/build/CESNET/libyang/build/CMakeFiles/CMakeTmp'


Determining size of unsigned short passed with the following output:
Change Dir: /home/travis/build/CESNET/libyang/build/CMakeFiles/CMakeTmp

Run Build Command:"/usr/bin/make" "cmTC_1b40e/fast"
/usr/bin/make -f CMakeFiles/cmTC_1b40e.dir/build.make CMakeFiles/cmTC_1b40e.dir/build
make[1]: Entering directory '/home/travis/build/CESNET/libyang/build/CMakeFiles/CMakeTmp'
Building C object CMakeFiles/cmTC_1b40e.dir/CMAKE_SIZEOF_UNSIGNED_SHORT.c.o
/usr/bin/gcc -D_GNU_SOURCE -D_POSIX_C_SOURCE=200809L -D__BSD_VISIBLE=1  -coverage -Wall -Wextra -std=gnu99    -o CMakeFiles/cmTC_1b40e.dir/CMAKE_SIZEOF_UNSIGNED_SHORT.c.o   -c /home/travis/build/CESNET/libyang/build/CMakeFiles/CheckTypeSize/CMAKE_SIZEOF_UNSIGNED_SHORT.c
Linking C executable cmTC_1b40e
/usr/local/cmake-3.12.4/bin/cmake -E cmake_link_script CMakeFiles/cmTC_1b40e.dir/link.txt --verbose=1
/usr/bin/gcc -coverage -Wall -Wextra -std=gnu99     -rdynamic CMakeFiles/cmTC_1b40e.dir/CMAKE_SIZEOF_UNSIGNED_SHORT.c.o  -o cmTC_1b40e 
make[1]: Leaving directory '/home/travis/build/CESNET/libyang/build/CMakeFiles/CMakeTmp'


Determining if the system is big endian passed with the following output:
Change Dir: /home/travis/build/CESNET/libyang/build/CMakeFiles/CMakeTmp

Run Build Command:"/usr/bin/make" "cmTC_16a6e/fast"
/usr/bin/make -f CMakeFiles/cmTC_16a6e.dir/build.make CMakeFiles/cmTC_16a6e.dir/build
make[1]: Entering directory '/home/travis/build/CESNET/libyang/build/CMakeFiles/CMakeTmp'
Building C object CMakeFiles/cmTC_16a6e.dir/TestEndianess.c.o
/usr/bin/gcc   -coverage -Wall -Wextra -std=gnu99    -o CMakeFiles/cmTC_16a6e.dir/TestEndianess.c.o   -c /home/travis/build/CESNET/libyang/build/CMakeFiles/CMakeTmp/TestEndianess.c
Linking C executable cmTC_16a6e
/usr/local/cmake-3.12.4/bin/cmake -E cmake_link_script CMakeFiles/cmTC_16a6e.dir/link.txt --verbose=1
/usr/bin/gcc -coverage -Wall -Wextra -std=gnu99     -rdynamic CMakeFiles/cmTC_16a6e.dir/TestEndianess.c.o  -o cmTC_16a6e 
make[1]: Leaving directory '/home/travis/build/CESNET/libyang/build/CMakeFiles/CMakeTmp'

TestEndianess.c:
/* A 16 bit integer is required. */
typedef unsigned short cmakeint16;

/* On a little endian machine, these 16bit ints will give "THIS IS LITTLE ENDIAN."
   On a big endian machine the characters will be exchanged pairwise. */
const cmakeint16 info_little[] =  {0x4854, 0x5349, 0x4920, 0x2053, 0x494c, 0x5454, 0x454c, 0x4520, 0x444e, 0x4149, 0x2e4e, 0x0000};

/* on a big endian machine, these 16bit ints will give "THIS IS BIG ENDIAN."
   On a little endian machine the characters will be exchanged pairwise. */
const cmakeint16 info_big[] =     {0x5448, 0x4953, 0x2049, 0x5320, 0x4249, 0x4720, 0x454e, 0x4449, 0x414e, 0x2e2e, 0x0000};

#ifdef __CLASSIC_C__
int main(argc, argv) int argc; char *argv[];
#else
int main(int argc, char *argv[])
#endif
{
  int require = 0;
  require += info_little[argc];
  require += info_big[argc];
  (void)argv;
  return require;
}


Determining if the include file pthread.h exists passed with the following output:
Change Dir: /home/travis/build/CESNET/libyang/build/CMakeFiles/CMakeTmp

Run Build Command:"/usr/bin/make" "cmTC_eb898/fast"
/usr/bin/make -f CMakeFiles/cmTC_eb898.dir/build.make CMakeFiles/cmTC_eb898.dir/build
make[1]: Entering directory '/home/travis/build/CESNET/libyang/build/CMakeFiles/CMakeTmp'
Building C object CMakeFiles/cmTC_eb898.dir/CheckIncludeFile.c.o
/usr/bin/gcc -D_GNU_SOURCE -D_POSIX_C_SOURCE=200809L -D__BSD_VISIBLE=1  -coverage -Wall -Wextra -std=gnu99  -fPIE   -o CMakeFiles/cmTC_eb898.dir/CheckIncludeFile.c.o   -c /home/travis/build/CESNET/libyang/build/CMakeFiles/CMakeTmp/CheckIncludeFile.c
Linking C executable cmTC_eb898
/usr/local/cmake-3.12.4/bin/cmake -E cmake_link_script CMakeFiles/cmTC_eb898.dir/link.txt --verbose=1
/usr/bin/gcc -coverage -Wall -Wextra -std=gnu99     -rdynamic CMakeFiles/cmTC_eb898.dir/CheckIncludeFile.c.o  -o cmTC_eb898 
make[1]: Leaving directory '/home/travis/build/CESNET/libyang/build/CMakeFiles/CMakeTmp'


Determining if the function pthread_create exists in the pthread passed with the following output:
Change Dir: /home/travis/build/CESNET/libyang/build/CMakeFiles/CMakeTmp

Run Build Command:"/usr/bin/make" "cmTC_b4b05/fast"
/usr/bin/make -f CMakeFiles/cmTC_b4b05.dir/build.make CMakeFiles/cmTC_b4b05.dir/build
make[1]: Entering directory '/home/travis/build/CESNET/libyang/build/CMakeFiles/CMakeTmp'
Building C object CMakeFiles/cmTC_b4b05.dir/CheckFunctionExists.c.o
/usr/bin/gcc -D_GNU_SOURCE -D_POSIX_C_SOURCE=200809L -D__BSD_VISIBLE=1  -coverage -Wall -Wextra -std=gnu99 -DCHECK_FUNCTION_EXISTS=pthread_create -fPIE   -o CMakeFiles/cmTC_b4b05.dir/CheckFunctionExists.c.o   -c /usr/local/cmake-3.12.4/share/cmake-3.12/Modules/CheckFunctionExists.c
Linking C executable cmTC_b4b05
/usr/local/cmake-3.12.4/bin/cmake -E cmake_link_script CMakeFiles/cmTC_b4b05.dir/link.txt --verbose=1
/usr/bin/gcc -coverage -Wall -Wextra -std=gnu99 -DCHECK_FUNCTION_EXISTS=pthread_create    -rdynamic CMakeFiles/cmTC_b4b05.dir/CheckFunctionExists.c.o  -o cmTC_b4b05 -lpthread 
make[1]: Leaving directory '/home/travis/build/CESNET/libyang/build/CMakeFiles/CMakeTmp'


Compiling the CXX compiler identification source file "CMakeCXXCompilerId.cpp" succeeded.
Compiler: /usr/bin/c++ 
Build flags: 
Id flags:  

The output was:
0


Compilation of the CXX compiler identification source "CMakeCXXCompilerId.cpp" produced "a.out"

The CXX compiler identification is GNU, found in "/home/travis/build/CESNET/libyang/build/CMakeFiles/3.12.4/CompilerIdCXX/a.out"

Determining if the CXX compiler works passed with the following output:
Change Dir: /home/travis/build/CESNET/libyang/build/CMakeFiles/CMakeTmp

Run Build Command:"/usr/bin/make" "cmTC_007bb/fast"
/usr/bin/make -f CMakeFiles/cmTC_007bb.dir/build.make CMakeFiles/cmTC_007bb.dir/build
make[1]: Entering directory '/home/travis/build/CESNET/libyang/build/CMakeFiles/CMakeTmp'
Building CXX object CMakeFiles/cmTC_007bb.dir/testCXXCompiler.cxx.o
/usr/bin/c++    -fPIE   -o CMakeFiles/cmTC_007bb.dir/testCXXCompiler.cxx.o -c /home/travis/build/CESNET/libyang/build/CMakeFiles/CMakeTmp/testCXXCompiler.cxx
Linking CXX executable cmTC_007bb
/usr/local/cmake-3.12.4/bin/cmake -E cmake_link_script CMakeFiles/cmTC_007bb.dir/link.txt --verbose=1
/usr/bin/c++       -rdynamic CMakeFiles/cmTC_007bb.dir/testCXXCompiler.cxx.o  -o cmTC_007bb 
make[1]: Leaving directory '/home/travis/build/CESNET/libyang/build/CMakeFiles/CMakeTmp'


Detecting CXX compiler ABI info compiled with the following output:
Change Dir: /home/travis/build/CESNET/libyang/build/CMakeFiles/CMakeTmp

Run Build Command:"/usr/bin/make" "cmTC_08666/fast"
/usr/bin/make -f CMakeFiles/cmTC_08666.dir/build.make CMakeFiles/cmTC_08666.dir/build
make[1]: Entering directory '/home/travis/build/CESNET/libyang/build/CMakeFiles/CMakeTmp'
Building CXX object CMakeFiles/cmTC_08666.dir/CMakeCXXCompilerABI.cpp.o
/usr/bin/c++    -fPIE   -o CMakeFiles/cmTC_08666.dir/CMakeCXXCompilerABI.cpp.o -c /usr/local/cmake-3.12.4/share/cmake-3.12/Modules/CMakeCXXCompilerABI.cpp
Linking CXX executable cmTC_08666
/usr/local/cmake-3.12.4/bin/cmake -E cmake_link_script CMakeFiles/cmTC_08666.dir/link.txt --verbose=1
/usr/bin/c++      -v -rdynamic CMakeFiles/cmTC_08666.dir/CMakeCXXCompilerABI.cpp.o  -o cmTC_08666 
Using built-in specs.
COLLECT_GCC=/usr/bin/c++
COLLECT_LTO_WRAPPER=/usr/lib/gcc/x86_64-linux-gnu/7/lto-wrapper
OFFLOAD_TARGET_NAMES=nvptx-none
OFFLOAD_TARGET_DEFAULT=1
Target: x86_64-linux-gnu
Configured with: ../src/configure -v --with-pkgversion='Ubuntu 7.4.0-1ubuntu1~18.04.1' --with-bugurl=file:///usr/share/doc/gcc-7/README.Bugs --enable-languages=c,ada,c++,go,brig,d,fortran,objc,obj-c++ --prefix=/usr --with-gcc-major-version-only --program-suffix=-7 --program-prefix=x86_64-linux-gnu- --enable-shared --enable-linker-build-id --libexecdir=/usr/lib --without-included-gettext --enable-threads=posix --libdir=/usr/lib --enable-nls --with-sysroot=/ --enable-clocale=gnu --enable-libstdcxx-debug --enable-libstdcxx-time=yes --with-default-libstdcxx-abi=new --enable-gnu-unique-object --disable-vtable-verify --enable-libmpx --enable-plugin --enable-default-pie --with-system-zlib --with-target-system-zlib --enable-objc-gc=auto --enable-multiarch --disable-werror --with-arch-32=i686 --with-abi=m64 --with-multilib-list=m32,m64,mx32 --enable-multilib --with-tune=generic --enable-offload-targets=nvptx-none --without-cuda-driver --enable-checking=release --build=x86_64-linux-gnu --host=x86_64-linux-gnu --target=x86_64-linux-gnu
Thread model: posix
gcc version 7.4.0 (Ubuntu 7.4.0-1ubuntu1~18.04.1) 
COMPILER_PATH=/usr/lib/gcc/x86_64-linux-gnu/7/:/usr/lib/gcc/x86_64-linux-gnu/7/:/usr/lib/gcc/x86_64-linux-gnu/:/usr/lib/gcc/x86_64-linux-gnu/7/:/usr/lib/gcc/x86_64-linux-gnu/
LIBRARY_PATH=/usr/lib/gcc/x86_64-linux-gnu/7/:/usr/lib/gcc/x86_64-linux-gnu/7/../../../x86_64-linux-gnu/:/usr/lib/gcc/x86_64-linux-gnu/7/../../../../lib/:/lib/x86_64-linux-gnu/:/lib/../lib/:/usr/lib/x86_64-linux-gnu/:/usr/lib/../lib/:/usr/lib/gcc/x86_64-linux-gnu/7/../../../:/lib/:/usr/lib/
COLLECT_GCC_OPTIONS='-v' '-rdynamic' '-o' 'cmTC_08666' '-shared-libgcc' '-mtune=generic' '-march=x86-64'
 /usr/lib/gcc/x86_64-linux-gnu/7/collect2 -plugin /usr/lib/gcc/x86_64-linux-gnu/7/liblto_plugin.so -plugin-opt=/usr/lib/gcc/x86_64-linux-gnu/7/lto-wrapper -plugin-opt=-fresolution=/tmp/ccuBvNs7.res -plugin-opt=-pass-through=-lgcc_s -plugin-opt=-pass-through=-lgcc -plugin-opt=-pass-through=-lc -plugin-opt=-pass-through=-lgcc_s -plugin-opt=-pass-through=-lgcc --sysroot=/ --build-id --eh-frame-hdr -m elf_x86_64 --hash-style=gnu --as-needed -export-dynamic -dynamic-linker /lib64/ld-linux-x86-64.so.2 -pie -z now -z relro -o cmTC_08666 /usr/lib/gcc/x86_64-linux-gnu/7/../../../x86_64-linux-gnu/Scrt1.o /usr/lib/gcc/x86_64-linux-gnu/7/../../../x86_64-linux-gnu/crti.o /usr/lib/gcc/x86_64-linux-gnu/7/crtbeginS.o -L/usr/lib/gcc/x86_64-linux-gnu/7 -L/usr/lib/gcc/x86_64-linux-gnu/7/../../../x86_64-linux-gnu -L/usr/lib/gcc/x86_64-linux-gnu/7/../../../../lib -L/lib/x86_64-linux-gnu -L/lib/../lib -L/usr/lib/x86_64-linux-gnu -L/usr/lib/../lib -L/usr/lib/gcc/x86_64-linux-gnu/7/../../.. CMakeFiles/cmTC_08666.dir/CMakeCXXCompilerABI.cpp.o -lstdc++ -lm -lgcc_s -lgcc -lc -lgcc_s -lgcc /usr/lib/gcc/x86_64-linux-gnu/7/crtendS.o /usr/lib/gcc/x86_64-linux-gnu/7/../../../x86_64-linux-gnu/crtn.o
COLLECT_GCC_OPTIONS='-v' '-rdynamic' '-o' 'cmTC_08666' '-shared-libgcc' '-mtune=generic' '-march=x86-64'
make[1]: Leaving directory '/home/travis/build/CESNET/libyang/build/CMakeFiles/CMakeTmp'


Parsed CXX implicit link information from above output:
  link line regex: [^( *|.*[/\])(ld|CMAKE_LINK_STARTFILE-NOTFOUND|([^/\]+-)?ld|collect2)[^/\]*( |$)]
  ignore line: [Change Dir: /home/travis/build/CESNET/libyang/build/CMakeFiles/CMakeTmp]
  ignore line: []
  ignore line: [Run Build Command:"/usr/bin/make" "cmTC_08666/fast"]
  ignore line: [/usr/bin/make -f CMakeFiles/cmTC_08666.dir/build.make CMakeFiles/cmTC_08666.dir/build]
  ignore line: [make[1]: Entering directory '/home/travis/build/CESNET/libyang/build/CMakeFiles/CMakeTmp']
  ignore line: [Building CXX object CMakeFiles/cmTC_08666.dir/CMakeCXXCompilerABI.cpp.o]
  ignore line: [/usr/bin/c++    -fPIE   -o CMakeFiles/cmTC_08666.dir/CMakeCXXCompilerABI.cpp.o -c /usr/local/cmake-3.12.4/share/cmake-3.12/Modules/CMakeCXXCompilerABI.cpp]
  ignore line: [Linking CXX executable cmTC_08666]
  ignore line: [/usr/local/cmake-3.12.4/bin/cmake -E cmake_link_script CMakeFiles/cmTC_08666.dir/link.txt --verbose=1]
  ignore line: [/usr/bin/c++      -v -rdynamic CMakeFiles/cmTC_08666.dir/CMakeCXXCompilerABI.cpp.o  -o cmTC_08666 ]
  ignore line: [Using built-in specs.]
  ignore line: [COLLECT_GCC=/usr/bin/c++]
  ignore line: [COLLECT_LTO_WRAPPER=/usr/lib/gcc/x86_64-linux-gnu/7/lto-wrapper]
  ignore line: [OFFLOAD_TARGET_NAMES=nvptx-none]
  ignore line: [OFFLOAD_TARGET_DEFAULT=1]
  ignore line: [Target: x86_64-linux-gnu]
  ignore line: [Configured with: ../src/configure -v --with-pkgversion='Ubuntu 7.4.0-1ubuntu1~18.04.1' --with-bugurl=file:///usr/share/doc/gcc-7/README.Bugs --enable-languages=c,ada,c++,go,brig,d,fortran,objc,obj-c++ --prefix=/usr --with-gcc-major-version-only --program-suffix=-7 --program-prefix=x86_64-linux-gnu- --enable-shared --enable-linker-build-id --libexecdir=/usr/lib --without-included-gettext --enable-threads=posix --libdir=/usr/lib --enable-nls --with-sysroot=/ --enable-clocale=gnu --enable-libstdcxx-debug --enable-libstdcxx-time=yes --with-default-libstdcxx-abi=new --enable-gnu-unique-object --disable-vtable-verify --enable-libmpx --enable-plugin --enable-default-pie --with-system-zlib --with-target-system-zlib --enable-objc-gc=auto --enable-multiarch --disable-werror --with-arch-32=i686 --with-abi=m64 --with-multilib-list=m32,m64,mx32 --enable-multilib --with-tune=generic --enable-offload-targets=nvptx-none --without-cuda-driver --enable-checking=release --build=x86_64-linux-gnu --host=x86_64-linux-gnu --target=x86_64-linux-gnu]
  ignore line: [Thread model: posix]
  ignore line: [gcc version 7.4.0 (Ubuntu 7.4.0-1ubuntu1~18.04.1) ]
  ignore line: [COMPILER_PATH=/usr/lib/gcc/x86_64-linux-gnu/7/:/usr/lib/gcc/x86_64-linux-gnu/7/:/usr/lib/gcc/x86_64-linux-gnu/:/usr/lib/gcc/x86_64-linux-gnu/7/:/usr/lib/gcc/x86_64-linux-gnu/]
  ignore line: [LIBRARY_PATH=/usr/lib/gcc/x86_64-linux-gnu/7/:/usr/lib/gcc/x86_64-linux-gnu/7/../../../x86_64-linux-gnu/:/usr/lib/gcc/x86_64-linux-gnu/7/../../../../lib/:/lib/x86_64-linux-gnu/:/lib/../lib/:/usr/lib/x86_64-linux-gnu/:/usr/lib/../lib/:/usr/lib/gcc/x86_64-linux-gnu/7/../../../:/lib/:/usr/lib/]
  ignore line: [COLLECT_GCC_OPTIONS='-v' '-rdynamic' '-o' 'cmTC_08666' '-shared-libgcc' '-mtune=generic' '-march=x86-64']
  link line: [ /usr/lib/gcc/x86_64-linux-gnu/7/collect2 -plugin /usr/lib/gcc/x86_64-linux-gnu/7/liblto_plugin.so -plugin-opt=/usr/lib/gcc/x86_64-linux-gnu/7/lto-wrapper -plugin-opt=-fresolution=/tmp/ccuBvNs7.res -plugin-opt=-pass-through=-lgcc_s -plugin-opt=-pass-through=-lgcc -plugin-opt=-pass-through=-lc -plugin-opt=-pass-through=-lgcc_s -plugin-opt=-pass-through=-lgcc --sysroot=/ --build-id --eh-frame-hdr -m elf_x86_64 --hash-style=gnu --as-needed -export-dynamic -dynamic-linker /lib64/ld-linux-x86-64.so.2 -pie -z now -z relro -o cmTC_08666 /usr/lib/gcc/x86_64-linux-gnu/7/../../../x86_64-linux-gnu/Scrt1.o /usr/lib/gcc/x86_64-linux-gnu/7/../../../x86_64-linux-gnu/crti.o /usr/lib/gcc/x86_64-linux-gnu/7/crtbeginS.o -L/usr/lib/gcc/x86_64-linux-gnu/7 -L/usr/lib/gcc/x86_64-linux-gnu/7/../../../x86_64-linux-gnu -L/usr/lib/gcc/x86_64-linux-gnu/7/../../../../lib -L/lib/x86_64-linux-gnu -L/lib/../lib -L/usr/lib/x86_64-linux-gnu -L/usr/lib/../lib -L/usr/lib/gcc/x86_64-linux-gnu/7/../../.. CMakeFiles/cmTC_08666.dir/CMakeCXXCompilerABI.cpp.o -lstdc++ -lm -lgcc_s -lgcc -lc -lgcc_s -lgcc /usr/lib/gcc/x86_64-linux-gnu/7/crtendS.o /usr/lib/gcc/x86_64-linux-gnu/7/../../../x86_64-linux-gnu/crtn.o]
    arg [/usr/lib/gcc/x86_64-linux-gnu/7/collect2] ==> ignore
    arg [-plugin] ==> ignore
    arg [/usr/lib/gcc/x86_64-linux-gnu/7/liblto_plugin.so] ==> ignore
    arg [-plugin-opt=/usr/lib/gcc/x86_64-linux-gnu/7/lto-wrapper] ==> ignore
    arg [-plugin-opt=-fresolution=/tmp/ccuBvNs7.res] ==> ignore
    arg [-plugin-opt=-pass-through=-lgcc_s] ==> ignore
    arg [-plugin-opt=-pass-through=-lgcc] ==> ignore
    arg [-plugin-opt=-pass-through=-lc] ==> ignore
    arg [-plugin-opt=-pass-through=-lgcc_s] ==> ignore
    arg [-plugin-opt=-pass-through=-lgcc] ==> ignore
    arg [--sysroot=/] ==> ignore
    arg [--build-id] ==> ignore
    arg [--eh-frame-hdr] ==> ignore
    arg [-m] ==> ignore
    arg [elf_x86_64] ==> ignore
    arg [--hash-style=gnu] ==> ignore
    arg [--as-needed] ==> ignore
    arg [-export-dynamic] ==> ignore
    arg [-dynamic-linker] ==> ignore
    arg [/lib64/ld-linux-x86-64.so.2] ==> ignore
    arg [-pie] ==> ignore
    arg [-znow] ==> ignore
    arg [-zrelro] ==> ignore
    arg [-o] ==> ignore
    arg [cmTC_08666] ==> ignore
    arg [/usr/lib/gcc/x86_64-linux-gnu/7/../../../x86_64-linux-gnu/Scrt1.o] ==> ignore
    arg [/usr/lib/gcc/x86_64-linux-gnu/7/../../../x86_64-linux-gnu/crti.o] ==> ignore
    arg [/usr/lib/gcc/x86_64-linux-gnu/7/crtbeginS.o] ==> ignore
    arg [-L/usr/lib/gcc/x86_64-linux-gnu/7] ==> dir [/usr/lib/gcc/x86_64-linux-gnu/7]
    arg [-L/usr/lib/gcc/x86_64-linux-gnu/7/../../../x86_64-linux-gnu] ==> dir [/usr/lib/gcc/x86_64-linux-gnu/7/../../../x86_64-linux-gnu]
    arg [-L/usr/lib/gcc/x86_64-linux-gnu/7/../../../../lib] ==> dir [/usr/lib/gcc/x86_64-linux-gnu/7/../../../../lib]
    arg [-L/lib/x86_64-linux-gnu] ==> dir [/lib/x86_64-linux-gnu]
    arg [-L/lib/../lib] ==> dir [/lib/../lib]
    arg [-L/usr/lib/x86_64-linux-gnu] ==> dir [/usr/lib/x86_64-linux-gnu]
    arg [-L/usr/lib/../lib] ==> dir [/usr/lib/../lib]
    arg [-L/usr/lib/gcc/x86_64-linux-gnu/7/../../..] ==> dir [/usr/lib/gcc/x86_64-linux-gnu/7/../../..]
    arg [CMakeFiles/cmTC_08666.dir/CMakeCXXCompilerABI.cpp.o] ==> ignore
    arg [-lstdc++] ==> lib [stdc++]
    arg [-lm] ==> lib [m]
    arg [-lgcc_s] ==> lib [gcc_s]
    arg [-lgcc] ==> lib [gcc]
    arg [-lc] ==> lib [c]
    arg [-lgcc_s] ==> lib [gcc_s]
    arg [-lgcc] ==> lib [gcc]
    arg [/usr/lib/gcc/x86_64-linux-gnu/7/crtendS.o] ==> ignore
    arg [/usr/lib/gcc/x86_64-linux-gnu/7/../../../x86_64-linux-gnu/crtn.o] ==> ignore
  collapse library dir [/usr/lib/gcc/x86_64-linux-gnu/7] ==> [/usr/lib/gcc/x86_64-linux-gnu/7]
  collapse library dir [/usr/lib/gcc/x86_64-linux-gnu/7/../../../x86_64-linux-gnu] ==> [/usr/lib/x86_64-linux-gnu]
  collapse library dir [/usr/lib/gcc/x86_64-linux-gnu/7/../../../../lib] ==> [/usr/lib]
  collapse library dir [/lib/x86_64-linux-gnu] ==> [/lib/x86_64-linux-gnu]
  collapse library dir [/lib/../lib] ==> [/lib]
  collapse library dir [/usr/lib/x86_64-linux-gnu] ==> [/usr/lib/x86_64-linux-gnu]
  collapse library dir [/usr/lib/../lib] ==> [/usr/lib]
  collapse library dir [/usr/lib/gcc/x86_64-linux-gnu/7/../../..] ==> [/usr/lib]
  implicit libs: [stdc++;m;gcc_s;gcc;c;gcc_s;gcc]
  implicit dirs: [/usr/lib/gcc/x86_64-linux-gnu/7;/usr/lib/x86_64-linux-gnu;/usr/lib;/lib/x86_64-linux-gnu;/lib]
  implicit fwks: []




Detecting CXX [-std=c++1z] compiler features compiled with the following output:
Change Dir: /home/travis/build/CESNET/libyang/build/CMakeFiles/CMakeTmp

Run Build Command:"/usr/bin/make" "cmTC_0f362/fast"
/usr/bin/make -f CMakeFiles/cmTC_0f362.dir/build.make CMakeFiles/cmTC_0f362.dir/build
make[1]: Entering directory '/home/travis/build/CESNET/libyang/build/CMakeFiles/CMakeTmp'
Building CXX object CMakeFiles/cmTC_0f362.dir/feature_tests.cxx.o
/usr/bin/c++    -fPIE   -std=c++1z -o CMakeFiles/cmTC_0f362.dir/feature_tests.cxx.o -c /home/travis/build/CESNET/libyang/build/CMakeFiles/feature_tests.cxx
Linking CXX executable cmTC_0f362
/usr/local/cmake-3.12.4/bin/cmake -E cmake_link_script CMakeFiles/cmTC_0f362.dir/link.txt --verbose=1
/usr/bin/c++       -rdynamic CMakeFiles/cmTC_0f362.dir/feature_tests.cxx.o  -o cmTC_0f362 
make[1]: Leaving directory '/home/travis/build/CESNET/libyang/build/CMakeFiles/CMakeTmp'


    Feature record: CXX_FEATURE:1cxx_aggregate_default_initializers
    Feature record: CXX_FEATURE:1cxx_alias_templates
    Feature record: CXX_FEATURE:1cxx_alignas
    Feature record: CXX_FEATURE:1cxx_alignof
    Feature record: CXX_FEATURE:1cxx_attributes
    Feature record: CXX_FEATURE:1cxx_attribute_deprecated
    Feature record: CXX_FEATURE:1cxx_auto_type
    Feature record: CXX_FEATURE:1cxx_binary_literals
    Feature record: CXX_FEATURE:1cxx_constexpr
    Feature record: CXX_FEATURE:1cxx_contextual_conversions
    Feature record: CXX_FEATURE:1cxx_decltype
    Feature record: CXX_FEATURE:1cxx_decltype_auto
    Feature record: CXX_FEATURE:1cxx_decltype_incomplete_return_types
    Feature record: CXX_FEATURE:1cxx_default_function_template_args
    Feature record: CXX_FEATURE:1cxx_defaulted_functions
    Feature record: CXX_FEATURE:1cxx_defaulted_move_initializers
    Feature record: CXX_FEATURE:1cxx_delegating_constructors
    Feature record: CXX_FEATURE:1cxx_deleted_functions
    Feature record: CXX_FEATURE:1cxx_digit_separators
    Feature record: CXX_FEATURE:1cxx_enum_forward_declarations
    Feature record: CXX_FEATURE:1cxx_explicit_conversions
    Feature record: CXX_FEATURE:1cxx_extended_friend_declarations
    Feature record: CXX_FEATURE:1cxx_extern_templates
    Feature record: CXX_FEATURE:1cxx_final
    Feature record: CXX_FEATURE:1cxx_func_identifier
    Feature record: CXX_FEATURE:1cxx_generalized_initializers
    Feature record: CXX_FEATURE:1cxx_generic_lambdas
    Feature record: CXX_FEATURE:1cxx_inheriting_constructors
    Feature record: CXX_FEATURE:1cxx_inline_namespaces
    Feature record: CXX_FEATURE:1cxx_lambdas
    Feature record: CXX_FEATURE:1cxx_lambda_init_captures
    Feature record: CXX_FEATURE:1cxx_local_type_template_args
    Feature record: CXX_FEATURE:1cxx_long_long_type
    Feature record: CXX_FEATURE:1cxx_noexcept
    Feature record: CXX_FEATURE:1cxx_nonstatic_member_init
    Feature record: CXX_FEATURE:1cxx_nullptr
    Feature record: CXX_FEATURE:1cxx_override
    Feature record: CXX_FEATURE:1cxx_range_for
    Feature record: CXX_FEATURE:1cxx_raw_string_literals
    Feature record: CXX_FEATURE:1cxx_reference_qualified_functions
    Feature record: CXX_FEATURE:1cxx_relaxed_constexpr
    Feature record: CXX_FEATURE:1cxx_return_type_deduction
    Feature record: CXX_FEATURE:1cxx_right_angle_brackets
    Feature record: CXX_FEATURE:1cxx_rvalue_references
    Feature record: CXX_FEATURE:1cxx_sizeof_member
    Feature record: CXX_FEATURE:1cxx_static_assert
    Feature record: CXX_FEATURE:1cxx_strong_enums
    Feature record: CXX_FEATURE:1cxx_template_template_parameters
    Feature record: CXX_FEATURE:1cxx_thread_local
    Feature record: CXX_FEATURE:1cxx_trailing_return_types
    Feature record: CXX_FEATURE:1cxx_unicode_literals
    Feature record: CXX_FEATURE:1cxx_uniform_initialization
    Feature record: CXX_FEATURE:1cxx_unrestricted_unions
    Feature record: CXX_FEATURE:1cxx_user_literals
    Feature record: CXX_FEATURE:1cxx_variable_templates
    Feature record: CXX_FEATURE:1cxx_variadic_macros
    Feature record: CXX_FEATURE:1cxx_variadic_templates


Detecting CXX [-std=c++14] compiler features compiled with the following output:
Change Dir: /home/travis/build/CESNET/libyang/build/CMakeFiles/CMakeTmp

Run Build Command:"/usr/bin/make" "cmTC_ea4d7/fast"
/usr/bin/make -f CMakeFiles/cmTC_ea4d7.dir/build.make CMakeFiles/cmTC_ea4d7.dir/build
make[1]: Entering directory '/home/travis/build/CESNET/libyang/build/CMakeFiles/CMakeTmp'
Building CXX object CMakeFiles/cmTC_ea4d7.dir/feature_tests.cxx.o
/usr/bin/c++    -fPIE   -std=c++14 -o CMakeFiles/cmTC_ea4d7.dir/feature_tests.cxx.o -c /home/travis/build/CESNET/libyang/build/CMakeFiles/feature_tests.cxx
Linking CXX executable cmTC_ea4d7
/usr/local/cmake-3.12.4/bin/cmake -E cmake_link_script CMakeFiles/cmTC_ea4d7.dir/link.txt --verbose=1
/usr/bin/c++       -rdynamic CMakeFiles/cmTC_ea4d7.dir/feature_tests.cxx.o  -o cmTC_ea4d7 
make[1]: Leaving directory '/home/travis/build/CESNET/libyang/build/CMakeFiles/CMakeTmp'


    Feature record: CXX_FEATURE:1cxx_aggregate_default_initializers
    Feature record: CXX_FEATURE:1cxx_alias_templates
    Feature record: CXX_FEATURE:1cxx_alignas
    Feature record: CXX_FEATURE:1cxx_alignof
    Feature record: CXX_FEATURE:1cxx_attributes
    Feature record: CXX_FEATURE:1cxx_attribute_deprecated
    Feature record: CXX_FEATURE:1cxx_auto_type
    Feature record: CXX_FEATURE:1cxx_binary_literals
    Feature record: CXX_FEATURE:1cxx_constexpr
    Feature record: CXX_FEATURE:1cxx_contextual_conversions
    Feature record: CXX_FEATURE:1cxx_decltype
    Feature record: CXX_FEATURE:1cxx_decltype_auto
    Feature record: CXX_FEATURE:1cxx_decltype_incomplete_return_types
    Feature record: CXX_FEATURE:1cxx_default_function_template_args
    Feature record: CXX_FEATURE:1cxx_defaulted_functions
    Feature record: CXX_FEATURE:1cxx_defaulted_move_initializers
    Feature record: CXX_FEATURE:1cxx_delegating_constructors
    Feature record: CXX_FEATURE:1cxx_deleted_functions
    Feature record: CXX_FEATURE:1cxx_digit_separators
    Feature record: CXX_FEATURE:1cxx_enum_forward_declarations
    Feature record: CXX_FEATURE:1cxx_explicit_conversions
    Feature record: CXX_FEATURE:1cxx_extended_friend_declarations
    Feature record: CXX_FEATURE:1cxx_extern_templates
    Feature record: CXX_FEATURE:1cxx_final
    Feature record: CXX_FEATURE:1cxx_func_identifier
    Feature record: CXX_FEATURE:1cxx_generalized_initializers
    Feature record: CXX_FEATURE:1cxx_generic_lambdas
    Feature record: CXX_FEATURE:1cxx_inheriting_constructors
    Feature record: CXX_FEATURE:1cxx_inline_namespaces
    Feature record: CXX_FEATURE:1cxx_lambdas
    Feature record: CXX_FEATURE:1cxx_lambda_init_captures
    Feature record: CXX_FEATURE:1cxx_local_type_template_args
    Feature record: CXX_FEATURE:1cxx_long_long_type
    Feature record: CXX_FEATURE:1cxx_noexcept
    Feature record: CXX_FEATURE:1cxx_nonstatic_member_init
    Feature record: CXX_FEATURE:1cxx_nullptr
    Feature record: CXX_FEATURE:1cxx_override
    Feature record: CXX_FEATURE:1cxx_range_for
    Feature record: CXX_FEATURE:1cxx_raw_string_literals
    Feature record: CXX_FEATURE:1cxx_reference_qualified_functions
    Feature record: CXX_FEATURE:1cxx_relaxed_constexpr
    Feature record: CXX_FEATURE:1cxx_return_type_deduction
    Feature record: CXX_FEATURE:1cxx_right_angle_brackets
    Feature record: CXX_FEATURE:1cxx_rvalue_references
    Feature record: CXX_FEATURE:1cxx_sizeof_member
    Feature record: CXX_FEATURE:1cxx_static_assert
    Feature record: CXX_FEATURE:1cxx_strong_enums
    Feature record: CXX_FEATURE:1cxx_template_template_parameters
    Feature record: CXX_FEATURE:1cxx_thread_local
    Feature record: CXX_FEATURE:1cxx_trailing_return_types
    Feature record: CXX_FEATURE:1cxx_unicode_literals
    Feature record: CXX_FEATURE:1cxx_uniform_initialization
    Feature record: CXX_FEATURE:1cxx_unrestricted_unions
    Feature record: CXX_FEATURE:1cxx_user_literals
    Feature record: CXX_FEATURE:1cxx_variable_templates
    Feature record: CXX_FEATURE:1cxx_variadic_macros
    Feature record: CXX_FEATURE:1cxx_variadic_templates


Detecting CXX [-std=c++11] compiler features compiled with the following output:
Change Dir: /home/travis/build/CESNET/libyang/build/CMakeFiles/CMakeTmp

Run Build Command:"/usr/bin/make" "cmTC_4f1e7/fast"
/usr/bin/make -f CMakeFiles/cmTC_4f1e7.dir/build.make CMakeFiles/cmTC_4f1e7.dir/build
make[1]: Entering directory '/home/travis/build/CESNET/libyang/build/CMakeFiles/CMakeTmp'
Building CXX object CMakeFiles/cmTC_4f1e7.dir/feature_tests.cxx.o
/usr/bin/c++    -fPIE   -std=c++11 -o CMakeFiles/cmTC_4f1e7.dir/feature_tests.cxx.o -c /home/travis/build/CESNET/libyang/build/CMakeFiles/feature_tests.cxx
Linking CXX executable cmTC_4f1e7
/usr/local/cmake-3.12.4/bin/cmake -E cmake_link_script CMakeFiles/cmTC_4f1e7.dir/link.txt --verbose=1
/usr/bin/c++       -rdynamic CMakeFiles/cmTC_4f1e7.dir/feature_tests.cxx.o  -o cmTC_4f1e7 
make[1]: Leaving directory '/home/travis/build/CESNET/libyang/build/CMakeFiles/CMakeTmp'


    Feature record: CXX_FEATURE:0cxx_aggregate_default_initializers
    Feature record: CXX_FEATURE:1cxx_alias_templates
    Feature record: CXX_FEATURE:1cxx_alignas
    Feature record: CXX_FEATURE:1cxx_alignof
    Feature record: CXX_FEATURE:1cxx_attributes
    Feature record: CXX_FEATURE:0cxx_attribute_deprecated
    Feature record: CXX_FEATURE:1cxx_auto_type
    Feature record: CXX_FEATURE:0cxx_binary_literals
    Feature record: CXX_FEATURE:1cxx_constexpr
    Feature record: CXX_FEATURE:0cxx_contextual_conversions
    Feature record: CXX_FEATURE:1cxx_decltype
    Feature record: CXX_FEATURE:0cxx_decltype_auto
    Feature record: CXX_FEATURE:1cxx_decltype_incomplete_return_types
    Feature record: CXX_FEATURE:1cxx_default_function_template_args
    Feature record: CXX_FEATURE:1cxx_defaulted_functions
    Feature record: CXX_FEATURE:1cxx_defaulted_move_initializers
    Feature record: CXX_FEATURE:1cxx_delegating_constructors
    Feature record: CXX_FEATURE:1cxx_deleted_functions
    Feature record: CXX_FEATURE:0cxx_digit_separators
    Feature record: CXX_FEATURE:1cxx_enum_forward_declarations
    Feature record: CXX_FEATURE:1cxx_explicit_conversions
    Feature record: CXX_FEATURE:1cxx_extended_friend_declarations
    Feature record: CXX_FEATURE:1cxx_extern_templates
    Feature record: CXX_FEATURE:1cxx_final
    Feature record: CXX_FEATURE:1cxx_func_identifier
    Feature record: CXX_FEATURE:1cxx_generalized_initializers
    Feature record: CXX_FEATURE:0cxx_generic_lambdas
    Feature record: CXX_FEATURE:1cxx_inheriting_constructors
    Feature record: CXX_FEATURE:1cxx_inline_namespaces
    Feature record: CXX_FEATURE:1cxx_lambdas
    Feature record: CXX_FEATURE:0cxx_lambda_init_captures
    Feature record: CXX_FEATURE:1cxx_local_type_template_args
    Feature record: CXX_FEATURE:1cxx_long_long_type
    Feature record: CXX_FEATURE:1cxx_noexcept
    Feature record: CXX_FEATURE:1cxx_nonstatic_member_init
    Feature record: CXX_FEATURE:1cxx_nullptr
    Feature record: CXX_FEATURE:1cxx_override
    Feature record: CXX_FEATURE:1cxx_range_for
    Feature record: CXX_FEATURE:1cxx_raw_string_literals
    Feature record: CXX_FEATURE:1cxx_reference_qualified_functions
    Feature record: CXX_FEATURE:0cxx_relaxed_constexpr
    Feature record: CXX_FEATURE:0cxx_return_type_deduction
    Feature record: CXX_FEATURE:1cxx_right_angle_brackets
    Feature record: CXX_FEATURE:1cxx_rvalue_references
    Feature record: CXX_FEATURE:1cxx_sizeof_member
    Feature record: CXX_FEATURE:1cxx_static_assert
    Feature record: CXX_FEATURE:1cxx_strong_enums
    Feature record: CXX_FEATURE:1cxx_template_template_parameters
    Feature record: CXX_FEATURE:1cxx_thread_local
    Feature record: CXX_FEATURE:1cxx_trailing_return_types
    Feature record: CXX_FEATURE:1cxx_unicode_literals
    Feature record: CXX_FEATURE:1cxx_uniform_initialization
    Feature record: CXX_FEATURE:1cxx_unrestricted_unions
    Feature record: CXX_FEATURE:1cxx_user_literals
    Feature record: CXX_FEATURE:0cxx_variable_templates
    Feature record: CXX_FEATURE:1cxx_variadic_macros
    Feature record: CXX_FEATURE:1cxx_variadic_templates


Detecting CXX [-std=c++98] compiler features compiled with the following output:
Change Dir: /home/travis/build/CESNET/libyang/build/CMakeFiles/CMakeTmp

Run Build Command:"/usr/bin/make" "cmTC_9fa31/fast"
/usr/bin/make -f CMakeFiles/cmTC_9fa31.dir/build.make CMakeFiles/cmTC_9fa31.dir/build
make[1]: Entering directory '/home/travis/build/CESNET/libyang/build/CMakeFiles/CMakeTmp'
Building CXX object CMakeFiles/cmTC_9fa31.dir/feature_tests.cxx.o
/usr/bin/c++    -fPIE   -std=c++98 -o CMakeFiles/cmTC_9fa31.dir/feature_tests.cxx.o -c /home/travis/build/CESNET/libyang/build/CMakeFiles/feature_tests.cxx
Linking CXX executable cmTC_9fa31
/usr/local/cmake-3.12.4/bin/cmake -E cmake_link_script CMakeFiles/cmTC_9fa31.dir/link.txt --verbose=1
/usr/bin/c++       -rdynamic CMakeFiles/cmTC_9fa31.dir/feature_tests.cxx.o  -o cmTC_9fa31 
make[1]: Leaving directory '/home/travis/build/CESNET/libyang/build/CMakeFiles/CMakeTmp'


    Feature record: CXX_FEATURE:0cxx_aggregate_default_initializers
    Feature record: CXX_FEATURE:0cxx_alias_templates
    Feature record: CXX_FEATURE:0cxx_alignas
    Feature record: CXX_FEATURE:0cxx_alignof
    Feature record: CXX_FEATURE:0cxx_attributes
    Feature record: CXX_FEATURE:0cxx_attribute_deprecated
    Feature record: CXX_FEATURE:0cxx_auto_type
    Feature record: CXX_FEATURE:0cxx_binary_literals
    Feature record: CXX_FEATURE:0cxx_constexpr
    Feature record: CXX_FEATURE:0cxx_contextual_conversions
    Feature record: CXX_FEATURE:0cxx_decltype
    Feature record: CXX_FEATURE:0cxx_decltype_auto
    Feature record: CXX_FEATURE:0cxx_decltype_incomplete_return_types
    Feature record: CXX_FEATURE:0cxx_default_function_template_args
    Feature record: CXX_FEATURE:0cxx_defaulted_functions
    Feature record: CXX_FEATURE:0cxx_defaulted_move_initializers
    Feature record: CXX_FEATURE:0cxx_delegating_constructors
    Feature record: CXX_FEATURE:0cxx_deleted_functions
    Feature record: CXX_FEATURE:0cxx_digit_separators
    Feature record: CXX_FEATURE:0cxx_enum_forward_declarations
    Feature record: CXX_FEATURE:0cxx_explicit_conversions
    Feature record: CXX_FEATURE:0cxx_extended_friend_declarations
    Feature record: CXX_FEATURE:0cxx_extern_templates
    Feature record: CXX_FEATURE:0cxx_final
    Feature record: CXX_FEATURE:0cxx_func_identifier
    Feature record: CXX_FEATURE:0cxx_generalized_initializers
    Feature record: CXX_FEATURE:0cxx_generic_lambdas
    Feature record: CXX_FEATURE:0cxx_inheriting_constructors
    Feature record: CXX_FEATURE:0cxx_inline_namespaces
    Feature record: CXX_FEATURE:0cxx_lambdas
    Feature record: CXX_FEATURE:0cxx_lambda_init_captures
    Feature record: CXX_FEATURE:0cxx_local_type_template_args
    Feature record: CXX_FEATURE:0cxx_long_long_type
    Feature record: CXX_FEATURE:0cxx_noexcept
    Feature record: CXX_FEATURE:0cxx_nonstatic_member_init
    Feature record: CXX_FEATURE:0cxx_nullptr
    Feature record: CXX_FEATURE:0cxx_override
    Feature record: CXX_FEATURE:0cxx_range_for
    Feature record: CXX_FEATURE:0cxx_raw_string_literals
    Feature record: CXX_FEATURE:0cxx_reference_qualified_functions
    Feature record: CXX_FEATURE:0cxx_relaxed_constexpr
    Feature record: CXX_FEATURE:0cxx_return_type_deduction
    Feature record: CXX_FEATURE:0cxx_right_angle_brackets
    Feature record: CXX_FEATURE:0cxx_rvalue_references
    Feature record: CXX_FEATURE:0cxx_sizeof_member
    Feature record: CXX_FEATURE:0cxx_static_assert
    Feature record: CXX_FEATURE:0cxx_strong_enums
    Feature record: CXX_FEATURE:1cxx_template_template_parameters
    Feature record: CXX_FEATURE:0cxx_thread_local
    Feature record: CXX_FEATURE:0cxx_trailing_return_types
    Feature record: CXX_FEATURE:0cxx_unicode_literals
    Feature record: CXX_FEATURE:0cxx_uniform_initialization
    Feature record: CXX_FEATURE:0cxx_unrestricted_unions
    Feature record: CXX_FEATURE:0cxx_user_literals
    Feature record: CXX_FEATURE:0cxx_variable_templates
    Feature record: CXX_FEATURE:0cxx_variadic_macros
    Feature record: CXX_FEATURE:0cxx_variadic_templates
