The C compiler identification could not be found in "/home/travis/build/CESNET/libyang/build/CMakeFiles/3.12.4/CompilerIdC/CMakeCCompilerId.gcno"

Determining if the pthread_create exist failed with the following output:
Change Dir: /home/travis/build/CESNET/libyang/build/CMakeFiles/CMakeTmp

Run Build Command:"/usr/bin/make" "cmTC_19b13/fast"
/usr/bin/make -f CMakeFiles/cmTC_19b13.dir/build.make CMakeFiles/cmTC_19b13.dir/build
make[1]: Entering directory '/home/travis/build/CESNET/libyang/build/CMakeFiles/CMakeTmp'
Building C object CMakeFiles/cmTC_19b13.dir/CheckSymbolExists.c.o
/usr/bin/gcc -D_GNU_SOURCE -D_POSIX_C_SOURCE=200809L -D__BSD_VISIBLE=1  -coverage -Wall -Wextra -std=gnu99  -fPIE   -o CMakeFiles/cmTC_19b13.dir/CheckSymbolExists.c.o   -c /home/travis/build/CESNET/libyang/build/CMakeFiles/CMakeTmp/CheckSymbolExists.c
Linking C executable cmTC_19b13
/usr/local/cmake-3.12.4/bin/cmake -E cmake_link_script CMakeFiles/cmTC_19b13.dir/link.txt --verbose=1
/usr/bin/gcc -coverage -Wall -Wextra -std=gnu99     -rdynamic CMakeFiles/cmTC_19b13.dir/CheckSymbolExists.c.o  -o cmTC_19b13 
CMakeFiles/cmTC_19b13.dir/CheckSymbolExists.c.o: In function `main':
CheckSymbolExists.c:(.text+0x1b): undefined reference to `pthread_create'
collect2: error: ld returned 1 exit status
CMakeFiles/cmTC_19b13.dir/build.make:86: recipe for target 'cmTC_19b13' failed
make[1]: *** [cmTC_19b13] Error 1
make[1]: Leaving directory '/home/travis/build/CESNET/libyang/build/CMakeFiles/CMakeTmp'
Makefile:121: recipe for target 'cmTC_19b13/fast' failed
make: *** [cmTC_19b13/fast] Error 2

File /home/travis/build/CESNET/libyang/build/CMakeFiles/CMakeTmp/CheckSymbolExists.c:
/* */
#include <pthread.h>

int main(int argc, char** argv)
{
  (void)argv;
#ifndef pthread_create
  return ((int*)(&pthread_create))[argc];
#else
  (void)argc;
  return 0;
#endif
}

Determining if the function pthread_create exists in the pthreads failed with the following output:
Change Dir: /home/travis/build/CESNET/libyang/build/CMakeFiles/CMakeTmp

Run Build Command:"/usr/bin/make" "cmTC_5bfb8/fast"
/usr/bin/make -f CMakeFiles/cmTC_5bfb8.dir/build.make CMakeFiles/cmTC_5bfb8.dir/build
make[1]: Entering directory '/home/travis/build/CESNET/libyang/build/CMakeFiles/CMakeTmp'
Building C object CMakeFiles/cmTC_5bfb8.dir/CheckFunctionExists.c.o
/usr/bin/gcc -D_GNU_SOURCE -D_POSIX_C_SOURCE=200809L -D__BSD_VISIBLE=1  -coverage -Wall -Wextra -std=gnu99 -DCHECK_FUNCTION_EXISTS=pthread_create -fPIE   -o CMakeFiles/cmTC_5bfb8.dir/CheckFunctionExists.c.o   -c /usr/local/cmake-3.12.4/share/cmake-3.12/Modules/CheckFunctionExists.c
Linking C executable cmTC_5bfb8
/usr/local/cmake-3.12.4/bin/cmake -E cmake_link_script CMakeFiles/cmTC_5bfb8.dir/link.txt --verbose=1
/usr/bin/gcc -coverage -Wall -Wextra -std=gnu99 -DCHECK_FUNCTION_EXISTS=pthread_create    -rdynamic CMakeFiles/cmTC_5bfb8.dir/CheckFunctionExists.c.o  -o cmTC_5bfb8 -lpthreads 
/usr/bin/ld: cannot find -lpthreads
collect2: error: ld returned 1 exit status
CMakeFiles/cmTC_5bfb8.dir/build.make:86: recipe for target 'cmTC_5bfb8' failed
make[1]: *** [cmTC_5bfb8] Error 1
make[1]: Leaving directory '/home/travis/build/CESNET/libyang/build/CMakeFiles/CMakeTmp'
Makefile:121: recipe for target 'cmTC_5bfb8/fast' failed
make: *** [cmTC_5bfb8/fast] Error 2


