2020-05-19 12:09:00,637 - INFO - embl-tools-jl extension starting up.
2020-05-19 12:09:00,638 - INFO - embl-tools-jl extension started.
2020-05-19 12:09:03,907 - ERROR - [Errno 2] No such file or directory: '/media/np/ManoPD/personal/DataHub/embl-tools-jl/.git/modules/embl_tools/notebooks'
2020-05-19 14:34:58,753 - INFO - embl-tools-jl extension starting up.
2020-05-19 14:34:59,116 - INFO - embl-tools-jl extension started.
2020-05-19 15:34:37,171 - INFO - embl-tools-jl extension starting up.
2020-05-19 15:34:37,172 - INFO - embl-tools-jl extension started.
2020-05-19 16:07:43,585 - INFO - embl-tools-jl extension starting up.
2020-05-19 16:07:43,585 - INFO - embl-tools-jl extension started.
2020-05-21 17:45:20,450 - INFO - embl-tools-jl extension starting up.
2020-05-21 17:45:20,535 - INFO - embl-tools-jl extension started.
2020-05-21 17:55:28,395 - INFO - embl-tools-jl extension starting up.
2020-05-21 17:55:28,395 - INFO - embl-tools-jl extension started.
2020-05-22 08:24:04,101 - INFO - embl-tools-jl extension starting up.
2020-05-22 08:24:04,103 - INFO - embl-tools-jl extension started.
2020-05-22 09:25:37,867 - INFO - embl-tools-jl extension starting up.
2020-05-22 09:25:37,870 - INFO - embl-tools-jl extension started.
2020-05-22 14:43:53,164 - INFO - embl-tools-jl extension starting up.
2020-05-22 14:43:53,166 - INFO - embl-tools-jl extension started.
2020-05-23 10:03:03,497 - INFO - embl-tools-jl extension starting up.
2020-05-23 10:03:03,499 - INFO - embl-tools-jl extension started.
2020-05-23 10:15:56,533 - INFO - embl-tools-jl extension starting up.
2020-05-23 10:15:56,533 - INFO - embl-tools-jl extension started.
2020-05-23 10:48:33,916 - INFO - embl-tools-jl extension starting up.
2020-05-23 10:48:33,916 - INFO - embl-tools-jl extension started.
2020-05-23 10:55:03,684 - INFO - embl-tools-jl extension starting up.
2020-05-23 10:55:03,685 - INFO - embl-tools-jl extension started.
2020-05-25 14:06:41,406 - INFO - embl-tools-jl extension starting up.
2020-05-25 14:06:41,407 - INFO - embl-tools-jl extension started.
2020-05-25 14:46:42,391 - INFO - embl-tools-jl extension starting up.
2020-05-25 14:46:42,392 - INFO - embl-tools-jl extension started.
2020-05-25 14:48:33,287 - INFO - embl-tools-jl extension starting up.
2020-05-25 14:48:33,288 - INFO - embl-tools-jl extension started.
2020-05-26 09:02:04,817 - INFO - embl-tools-jl extension starting up.
2020-05-26 09:02:04,820 - INFO - embl-tools-jl extension started.
2020-05-26 09:02:36,006 - INFO - embl-tools-jl extension starting up.
2020-05-26 09:02:36,006 - INFO - embl-tools-jl extension started.
2020-05-26 10:09:12,651 - INFO - embl-tools-jl extension starting up.
2020-05-26 10:09:12,651 - INFO - embl-tools-jl extension started.
2020-05-26 14:48:14,990 - INFO - embl-tools-jl extension starting up.
2020-05-26 14:48:14,990 - INFO - embl-tools-jl extension started.
2020-05-27 08:35:00,757 - INFO - embl-tools-jl extension starting up.
2020-05-27 08:35:00,760 - INFO - embl-tools-jl extension started.
2020-05-27 08:43:39,347 - INFO - embl-tools-jl extension starting up.
2020-05-27 08:43:39,348 - INFO - embl-tools-jl extension started.
2020-05-27 09:22:42,044 - INFO - embl-tools-jl extension starting up.
2020-05-27 09:22:42,045 - INFO - embl-tools-jl extension started.
2020-05-27 09:24:13,816 - INFO - embl-tools-jl extension starting up.
2020-05-27 09:24:13,817 - INFO - embl-tools-jl extension started.
2020-05-29 08:24:52,451 - INFO - embl-tools-jl extension starting up.
2020-05-29 08:24:52,455 - INFO - embl-tools-jl extension started.
2020-05-31 10:05:11,677 - INFO - embl-tools-jl extension starting up.
2020-05-31 10:05:11,679 - INFO - embl-tools-jl extension started.
2020-06-04 14:32:40,615 - INFO - embl-tools-jl extension starting up.
2020-06-04 14:32:40,616 - INFO - embl-tools-jl extension started.
2020-06-04 14:34:12,083 - INFO - embl-tools-jl extension starting up.
2020-06-04 14:34:12,084 - INFO - embl-tools-jl extension started.
2020-06-04 16:14:32,041 - INFO - embl-tools-jl extension starting up.
2020-06-04 16:14:32,042 - INFO - embl-tools-jl extension started.
2020-06-04 17:16:27,173 - INFO - embl-tools-jl extension starting up.
2020-06-04 17:16:27,174 - INFO - embl-tools-jl extension started.
2020-06-04 17:32:55,042 - INFO - embl-tools-jl extension starting up.
2020-06-04 17:32:55,044 - INFO - embl-tools-jl extension started.
2020-06-04 17:32:58,073 - WARNING - Permission denied: /media/np/ManoPD/.Trash-1000/expunged/2816444396/etcd/member
2020-06-04 17:34:24,956 - INFO - embl-tools-jl extension starting up.
2020-06-04 17:34:24,957 - INFO - embl-tools-jl extension started.
2020-06-05 14:29:16,023 - INFO - embl-tools-jl extension starting up.
2020-06-05 14:29:16,659 - INFO - embl-tools-jl extension started.
2020-06-05 14:33:36,669 - INFO - embl-tools-jl extension starting up.
2020-06-05 14:33:36,669 - INFO - embl-tools-jl extension started.
2020-06-05 14:33:39,668 - WARNING - Permission denied: /media/np/ManoPD/.Trash-1000/expunged/2816444396/etcd/member
2020-06-06 09:08:08,231 - INFO - embl-tools-jl extension starting up.
2020-06-06 09:08:08,232 - INFO - embl-tools-jl extension started.
2020-06-06 09:25:45,314 - INFO - embl-tools-jl extension starting up.
2020-06-06 09:25:45,315 - INFO - embl-tools-jl extension started.
2020-06-06 09:25:48,182 - WARNING - Permission denied: /media/np/ManoPD/.Trash-1000/expunged/2816444396/etcd/member
2020-06-06 09:56:31,388 - INFO - embl-tools-jl extension starting up.
2020-06-06 09:56:31,389 - INFO - embl-tools-jl extension started.
2020-06-06 09:57:36,379 - INFO - embl-tools-jl extension starting up.
2020-06-06 09:57:36,380 - INFO - embl-tools-jl extension started.
2020-06-06 09:58:10,546 - INFO - embl-tools-jl extension starting up.
2020-06-06 09:58:10,546 - INFO - embl-tools-jl extension started.
2020-06-07 12:11:49,053 - INFO - embl-tools-jl extension starting up.
2020-06-07 12:11:49,055 - INFO - embl-tools-jl extension started.
2020-06-07 13:14:23,850 - INFO - embl-tools-jl extension starting up.
2020-06-07 13:14:23,851 - INFO - embl-tools-jl extension started.
2020-06-07 13:27:30,793 - INFO - embl-tools-jl extension starting up.
2020-06-07 13:27:30,794 - INFO - embl-tools-jl extension started.
2020-06-07 13:27:34,441 - WARNING - Permission denied: /media/np/ManoPD/.Trash-1000/expunged/2816444396/etcd/member
2020-06-07 13:53:54,784 - INFO - embl-tools-jl extension starting up.
2020-06-07 13:53:54,785 - INFO - embl-tools-jl extension started.
2020-06-07 15:38:33,162 - INFO - embl-tools-jl extension starting up.
2020-06-07 15:38:33,163 - INFO - embl-tools-jl extension started.
2020-06-08 09:40:57,235 - INFO - embl-tools-jl extension starting up.
2020-06-08 09:40:57,237 - INFO - embl-tools-jl extension started.
2020-06-08 10:10:31,595 - INFO - embl-tools-jl extension starting up.
2020-06-08 10:10:31,595 - INFO - embl-tools-jl extension started.
2020-06-08 12:58:19,542 - INFO - embl-tools-jl extension starting up.
2020-06-08 12:58:19,543 - INFO - embl-tools-jl extension started.
2020-06-08 12:58:22,392 - INFO - EMBL-Tools not found in current Jupyter Lab root dir: None. Copying built in version as temporary solution.
2020-06-08 12:58:23,149 - ERROR - Failed to save settings. name '_settingsHandler__settings_file_location' is not defined
2020-06-08 13:00:30,426 - INFO - EMBL-Tools not found in current Jupyter Lab root dir: None. Copying built in version as temporary solution.
2020-06-08 13:00:31,937 - ERROR - Failed to save settings. name '_settingsHandler__settings_file_location' is not defined
2020-06-08 13:05:30,652 - INFO - embl-tools-jl extension starting up.
2020-06-08 13:05:30,653 - INFO - embl-tools-jl extension started.
2020-06-08 13:05:35,448 - INFO - EMBL-Tools not found in current Jupyter Lab root dir: None. Copying built in version as temporary solution.
2020-06-08 13:05:36,738 - ERROR - Failed to save settings. must have exactly one of create/read/write/append mode
2020-06-08 13:10:02,866 - INFO - embl-tools-jl extension starting up.
2020-06-08 13:10:02,866 - INFO - embl-tools-jl extension started.
2020-06-08 13:10:06,645 - INFO - EMBL-Tools not found in current Jupyter Lab root dir: None. Copying built in version as temporary solution.
2020-06-08 13:10:06,648 - ERROR - Failed to read / write settings file at startup. [Errno 2] No such file or directory: '/home/biodatahub/private/.embl_tools/settings.json'
2020-06-08 13:10:06,651 - INFO - Removed EMBL-tools from old temporary location: 
2020-06-08 13:10:06,738 - ERROR - [Errno 2] No such file or directory: '/media/np/ManoPD/personal/ThesisProjects/media/np/ManoPD/personal/ThesisProjects/.embl_tools/notebooks'
2020-06-08 13:10:08,779 - ERROR - Failed to save settings. [Errno 2] No such file or directory: '/home/biodatahub/private/.embl_tools/settings.json'
2020-06-08 13:10:08,805 - INFO - EMBL-Tools not found in current Jupyter Lab root dir: None. Copying built in version as temporary solution.
2020-06-08 13:10:08,813 - ERROR - Failed to read / write settings file at startup. [Errno 2] No such file or directory: '/home/biodatahub/private/.embl_tools/settings.json'
2020-06-08 13:10:08,819 - INFO - Removed EMBL-tools from old temporary location: 
2020-06-08 13:10:09,361 - ERROR - [Errno 2] No such file or directory: '/media/np/ManoPD/personal/ThesisProjects/media/np/ManoPD/personal/ThesisProjects/.embl_tools/notebooks'
2020-06-08 13:10:09,704 - ERROR - Failed to save settings. [Errno 2] No such file or directory: '/home/biodatahub/private/.embl_tools/settings.json'
2020-06-08 13:24:58,029 - INFO - embl-tools-jl extension starting up.
2020-06-08 13:24:58,030 - INFO - embl-tools-jl extension started.
2020-06-08 13:25:00,758 - INFO - EMBL-Tools not found in current Jupyter Lab root dir: None. Copying built in version as temporary solution.
2020-06-08 13:25:00,761 - ERROR - Failed to read / write settings file at startup. [Errno 2] No such file or directory: '/home/biodatahub/private/.embl_tools/settings.json'
2020-06-08 13:25:00,765 - INFO - Removed EMBL-tools from old temporary location: 
2020-06-08 13:25:00,831 - ERROR - [Errno 2] No such file or directory: '/media/np/ManoPD/personal/ThesisProjects/media/np/ManoPD/personal/ThesisProjects/.embl_tools/notebooks'
2020-06-08 13:25:02,137 - ERROR - Failed to save settings. [Errno 2] No such file or directory: '/home/biodatahub/private/.embl_tools/settings.json'
2020-06-08 13:25:05,825 - INFO - EMBL-Tools not found in current Jupyter Lab root dir: None. Copying built in version as temporary solution.
2020-06-08 13:25:05,831 - ERROR - Failed to read / write settings file at startup. [Errno 2] No such file or directory: '/home/biodatahub/private/.embl_tools/settings.json'
2020-06-08 13:25:05,835 - INFO - Removed EMBL-tools from old temporary location: 
2020-06-08 13:25:05,901 - ERROR - [Errno 2] No such file or directory: '/media/np/ManoPD/personal/ThesisProjects/media/np/ManoPD/personal/ThesisProjects/.embl_tools/notebooks'
2020-06-08 13:25:06,600 - ERROR - Failed to save settings. [Errno 2] No such file or directory: '/home/biodatahub/private/.embl_tools/settings.json'
2020-06-08 13:27:07,889 - INFO - embl-tools-jl extension starting up.
2020-06-08 13:27:07,889 - INFO - embl-tools-jl extension started.
2020-06-08 13:27:10,612 - INFO - EMBL-Tools not found in current Jupyter Lab root dir: None. Copying built in version as temporary solution.
2020-06-08 13:27:10,615 - ERROR - Failed to read / write settings file at startup. [Errno 2] No such file or directory: '/home/biodatahub/private/.embl_tools/settings.json'
2020-06-08 13:27:10,619 - INFO - Removed EMBL-tools from old temporary location: 
2020-06-08 13:27:10,681 - ERROR - [Errno 2] No such file or directory: '/media/np/ManoPD/personal/ThesisProjects/media/np/ManoPD/personal/ThesisProjects/.embl_tools/notebooks'
2020-06-08 13:27:15,025 - INFO - EMBL-Tools not found in current Jupyter Lab root dir: None. Copying built in version as temporary solution.
2020-06-08 13:27:15,030 - ERROR - Failed to read / write settings file at startup. [Errno 2] No such file or directory: '/home/biodatahub/private/.embl_tools/settings.json'
2020-06-08 13:27:15,034 - INFO - Removed EMBL-tools from old temporary location: 
2020-06-08 13:27:15,104 - ERROR - [Errno 2] No such file or directory: '/media/np/ManoPD/personal/ThesisProjects/media/np/ManoPD/personal/ThesisProjects/.embl_tools/notebooks'
2020-06-08 13:27:16,304 - ERROR - Failed to save settings. [Errno 2] No such file or directory: '/home/biodatahub/private/.embl_tools/settings.json'
2020-06-08 13:31:28,811 - INFO - embl-tools-jl extension starting up.
2020-06-08 13:31:28,812 - INFO - embl-tools-jl extension started.
2020-06-08 13:31:31,600 - INFO - EMBL-Tools not found in current Jupyter Lab root dir: /media/np/ManoPD/personal/ThesisProjects. Copying built in version as temporary solution.
2020-06-08 13:31:31,601 - INFO - Executing: cp -rf /media/np/ManoPD/personal/DataHub/embl-tools-jl/embl_tools_jl/../embl_tools/ /media/np/ManoPD/personal/ThesisProjects/.embl_tools)
2020-06-08 13:31:31,603 - ERROR - Failed to read / write settings file at startup. [Errno 2] No such file or directory: '/home/biodatahub/private/.embl_tools/settings.json'
2020-06-08 13:31:31,607 - INFO - Removed EMBL-tools from old temporary location: 
2020-06-08 13:31:31,667 - ERROR - [Errno 2] No such file or directory: '/media/np/ManoPD/personal/ThesisProjects/media/np/ManoPD/personal/ThesisProjects/.embl_tools/notebooks'
2020-06-08 13:31:32,909 - ERROR - Failed to save settings. [Errno 2] No such file or directory: '/home/biodatahub/private/.embl_tools/settings.json'
2020-06-08 13:33:21,873 - INFO - embl-tools-jl extension starting up.
2020-06-08 13:33:21,874 - INFO - embl-tools-jl extension started.
2020-06-08 13:33:24,478 - INFO - EMBL-Tools not found in current Jupyter Lab root dir: /media/np/ManoPD/personal/ThesisProjects. Copying built in version as temporary solution.
2020-06-08 13:33:24,478 - INFO - Executing: cp -rf /media/np/ManoPD/personal/DataHub/embl-tools-jl/embl_tools_jl/embl_tools/ /media/np/ManoPD/personal/ThesisProjects/.embl_tools)
2020-06-08 13:33:24,481 - ERROR - Failed to read / write settings file at startup. [Errno 2] No such file or directory: '/home/biodatahub/private/.embl_tools/settings.json'
2020-06-08 13:33:24,485 - INFO - Removed EMBL-tools from old temporary location: 
2020-06-08 13:33:24,546 - ERROR - [Errno 2] No such file or directory: '/media/np/ManoPD/personal/ThesisProjects/media/np/ManoPD/personal/ThesisProjects/.embl_tools/notebooks'
2020-06-08 13:33:25,751 - ERROR - Failed to save settings. [Errno 2] No such file or directory: '/home/biodatahub/private/.embl_tools/settings.json'
2020-06-08 13:38:03,839 - INFO - embl-tools-jl extension starting up.
2020-06-08 13:38:03,840 - INFO - embl-tools-jl extension started.
2020-06-08 13:38:06,601 - INFO - EMBL-Tools not found in current Jupyter Lab root dir: /media/np/ManoPD/personal/ThesisProjects. Copying built in version as temporary solution.
2020-06-08 13:38:06,601 - INFO - Executing: cp -R /media/np/ManoPD/personal/DataHub/embl-tools-jl/embl_tools_jl/../embl_tools/ /media/np/ManoPD/personal/ThesisProjects/.embl_tools)
2020-06-08 13:38:06,604 - ERROR - Failed to read / write settings file at startup. [Errno 2] No such file or directory: '/home/biodatahub/private/.embl_tools/settings.json'
2020-06-08 13:38:06,608 - INFO - Removed EMBL-tools from old temporary location: 
2020-06-08 13:38:06,683 - ERROR - [Errno 2] No such file or directory: '/media/np/ManoPD/personal/ThesisProjects/media/np/ManoPD/personal/ThesisProjects/.embl_tools/notebooks'
2020-06-08 13:38:08,121 - ERROR - Failed to save settings. [Errno 2] No such file or directory: '/home/biodatahub/private/.embl_tools/settings.json'
2020-06-08 13:44:04,996 - INFO - embl-tools-jl extension starting up.
2020-06-08 13:44:04,996 - INFO - embl-tools-jl extension started.
2020-06-08 13:44:08,632 - INFO - EMBL-Tools not found in current Jupyter Lab root dir: /media/np/ManoPD/personal/ThesisProjects. Copying built in version as temporary solution.
2020-06-08 13:44:08,632 - INFO - Executing: cp -R /media/np/ManoPD/personal/DataHub/embl-tools-jl/embl_tools_jl/../embl_tools/ /media/np/ManoPD/personal/ThesisProjects/.embl_tools)
2020-06-08 13:44:08,634 - ERROR - Failed to read / write settings file at startup. [Errno 2] No such file or directory: 'cp -R /media/np/ManoPD/personal/DataHub/embl-tools-jl/embl_tools_jl/../embl_tools/ /media/np/ManoPD/personal/ThesisProjects/.embl_tools)': 'cp -R /media/np/ManoPD/personal/DataHub/embl-tools-jl/embl_tools_jl/../embl_tools/ /media/np/ManoPD/personal/ThesisProjects/.embl_tools)'
2020-06-08 13:44:10,036 - INFO - Settings file not found at: /home/biodatahub/private/.embl_tools/settings.json
Creating empty settings file.
2020-06-08 13:44:10,036 - ERROR - Failed to save settings. [Errno 2] No such file or directory: '/home/biodatahub/private/.embl_tools/settings.json'
2020-06-08 13:46:30,044 - INFO - embl-tools-jl extension starting up.
2020-06-08 13:46:30,044 - INFO - embl-tools-jl extension started.
2020-06-08 13:46:33,694 - INFO - EMBL-Tools not found in current Jupyter Lab root dir: /media/np/ManoPD/personal/ThesisProjects. Copying built in version as temporary solution.
2020-06-08 13:46:33,694 - INFO - Executing: cp -R /media/np/ManoPD/personal/DataHub/embl-tools-jl/embl_tools_jl/../embl_tools/ /media/np/ManoPD/personal/ThesisProjects/.embl_tools)
2020-06-08 13:46:33,697 - ERROR - Failed to read / write settings file at startup. [Errno 2] No such file or directory: 'cp -R /media/np/ManoPD/personal/DataHub/embl-tools-jl/embl_tools_jl/../embl_tools/ /media/np/ManoPD/personal/ThesisProjects/.embl_tools': 'cp -R /media/np/ManoPD/personal/DataHub/embl-tools-jl/embl_tools_jl/../embl_tools/ /media/np/ManoPD/personal/ThesisProjects/.embl_tools'
2020-06-08 13:46:34,881 - INFO - Settings file not found at: /home/biodatahub/private/.embl_tools/settings.json
Creating empty settings file.
2020-06-08 13:46:34,881 - ERROR - Failed to save settings. [Errno 2] No such file or directory: '/home/biodatahub/private/.embl_tools/settings.json'
2020-06-08 13:51:35,292 - INFO - embl-tools-jl extension starting up.
2020-06-08 13:51:35,293 - INFO - embl-tools-jl extension started.
2020-06-08 13:51:38,026 - INFO - EMBL-Tools not found in current Jupyter Lab root dir: /media/np/ManoPD/personal/ThesisProjects. Copying built in version as temporary solution.
2020-06-08 13:51:38,026 - INFO - Executing: cp -R /media/np/ManoPD/personal/DataHub/embl-tools-jl/embl_tools_jl/../embl_tools/ /media/np/ManoPD/personal/ThesisProjects/.embl_tools)
2020-06-08 13:51:38,030 - ERROR - Failed to copy EMBL-tools to current Jupyer Lab location
[Errno 2] No such file or directory: 'cp -R /media/np/ManoPD/personal/DataHub/embl-tools-jl/embl_tools_jl/../embl_tools/ /media/np/ManoPD/personal/ThesisProjects/.embl_tools': 'cp -R /media/np/ManoPD/personal/DataHub/embl-tools-jl/embl_tools_jl/../embl_tools/ /media/np/ManoPD/personal/ThesisProjects/.embl_tools'
2020-06-08 13:51:38,030 - INFO - Settings file not found at: /home/biodatahub/private/.embl_tools/settings.json
Creating empty settings file.
2020-06-08 13:51:38,031 - INFO - Result of settings file creation: True
2020-06-08 13:51:38,031 - ERROR - Failed to read / write settings file at startup. 'tmp_loc'
2020-06-08 13:51:38,037 - INFO - Removed EMBL-tools from old temporary location: 
2020-06-08 13:51:38,105 - ERROR - [Errno 2] No such file or directory: '/media/np/ManoPD/personal/ThesisProjects/media/np/ManoPD/personal/ThesisProjects/.embl_tools/notebooks'
2020-06-08 13:55:46,520 - INFO - embl-tools-jl extension starting up.
2020-06-08 13:55:46,520 - INFO - embl-tools-jl extension started.
2020-06-08 13:55:49,149 - INFO - EMBL-Tools not found in current Jupyter Lab root dir: /media/np/ManoPD/personal/ThesisProjects. Copying built in version as temporary solution.
2020-06-08 13:55:49,149 - INFO - Executing: cp -R /media/np/ManoPD/personal/DataHub/embl-tools-jl/embl_tools_jl/../embl_tools/ /media/np/ManoPD/personal/ThesisProjects/.embl_tools)
2020-06-08 13:55:49,158 - ERROR - Failed to read / write settings file at startup. Extra data: line 1 column 3 (char 2)
2020-06-08 13:55:49,233 - ERROR - [Errno 2] No such file or directory: '/media/np/ManoPD/personal/ThesisProjects/media/np/ManoPD/personal/ThesisProjects/.embl_tools/notebooks'
2020-06-08 13:55:50,577 - ERROR - Failed to save settings. Extra data: line 1 column 3 (char 2)
2020-06-08 13:59:40,763 - INFO - embl-tools-jl extension starting up.
2020-06-08 13:59:40,764 - INFO - embl-tools-jl extension started.
2020-06-08 13:59:43,394 - INFO - EMBL-Tools not found in current Jupyter Lab root dir: /media/np/ManoPD/personal/ThesisProjects. Copying built in version as temporary solution.
2020-06-08 13:59:43,394 - INFO - Executing: cp -R /media/np/ManoPD/personal/DataHub/embl-tools-jl/embl_tools_jl/../embl_tools/ /media/np/ManoPD/personal/ThesisProjects/.embl_tools)
2020-06-08 13:59:43,404 - INFO - Settings file not found at: /home/biodatahub/private/.embl_tools/settings.json
Creating empty settings file.
2020-06-08 13:59:43,405 - ERROR - Failed to read / write settings file at startup. Expecting value: line 1 column 1 (char 0)
2020-06-08 13:59:43,470 - ERROR - [Errno 2] No such file or directory: '/media/np/ManoPD/personal/ThesisProjects/media/np/ManoPD/personal/ThesisProjects/.embl_tools/notebooks'
2020-06-08 13:59:44,155 - ERROR - Failed to save settings. Expecting value: line 1 column 1 (char 0)
2020-06-08 14:36:55,119 - INFO - embl-tools-jl extension starting up.
2020-06-08 14:36:55,120 - INFO - embl-tools-jl extension started.
2020-06-08 14:41:33,564 - INFO - embl-tools-jl extension starting up.
2020-06-08 14:41:33,565 - INFO - embl-tools-jl extension started.
2020-06-08 14:41:37,201 - ERROR - Failed to read / write settings file at startup. Expecting value: line 1 column 1 (char 0)
2020-06-08 14:41:38,522 - ERROR - Failed to save settings. Expecting value: line 1 column 1 (char 0)
2020-06-08 14:41:53,015 - INFO - embl-tools-jl extension starting up.
2020-06-08 14:41:53,015 - INFO - embl-tools-jl extension started.
2020-06-08 14:41:56,781 - INFO - Settings file not found at: /home/biodatahub/private/.embl_tools/settings.json
Creating empty settings file.
2020-06-08 14:41:56,781 - ERROR - Failed to read / write settings file at startup. 'tmp_loc'
2020-06-08 14:42:09,818 - ERROR - Failed to read / write settings file at startup. Extra data: line 1 column 3 (char 2)
2020-06-08 14:42:10,661 - ERROR - Failed to save settings. Extra data: line 1 column 3 (char 2)
2020-06-08 14:44:20,693 - INFO - embl-tools-jl extension starting up.
2020-06-08 14:44:20,694 - INFO - embl-tools-jl extension started.
2020-06-08 14:44:23,344 - INFO - Settings file not found at: /home/biodatahub/private/.embl_tools/settings.json
Creating empty settings file.
2020-06-08 14:44:23,344 - ERROR - Failed to read / write settings file at startup. 'tmp_loc'
2020-06-08 14:46:19,496 - INFO - embl-tools-jl extension starting up.
2020-06-08 14:46:19,497 - INFO - embl-tools-jl extension started.
2020-06-08 14:46:23,162 - INFO - EMBL-Tools not found in current Jupyter Lab root dir: /media/np/ManoPD/personal/ThesisProjects. Copying built in version as temporary solution.
2020-06-08 14:46:23,163 - INFO - Executing: cp -R /media/np/ManoPD/personal/DataHub/embl-tools-jl/embl_tools_jl/../embl_tools/ /media/np/ManoPD/personal/ThesisProjects/.embl_tools)
2020-06-08 14:46:23,174 - INFO - Settings file not found at: /home/biodatahub/private/.embl_tools/settings.json
Creating empty settings file.
2020-06-08 14:46:23,174 - ERROR - Failed to read / write settings file at startup. 'tmp_loc'
2020-06-08 14:46:23,229 - ERROR - [Errno 2] No such file or directory: '/media/np/ManoPD/personal/ThesisProjects/media/np/ManoPD/personal/ThesisProjects/.embl_tools/notebooks'
2020-06-08 14:48:06,878 - INFO - embl-tools-jl extension starting up.
2020-06-08 14:48:06,879 - INFO - embl-tools-jl extension started.
2020-06-08 14:48:09,534 - INFO - EMBL-Tools not found in current Jupyter Lab root dir: /media/np/ManoPD/personal/ThesisProjects. Copying built in version as temporary solution.
2020-06-08 14:48:09,535 - INFO - Executing: cp -R /media/np/ManoPD/personal/DataHub/embl-tools-jl/embl_tools_jl/../embl_tools/ /media/np/ManoPD/personal/ThesisProjects/.embl_tools)
2020-06-08 14:48:09,543 - ERROR - Failed to read / write settings file at startup. 'tmp_loc'
2020-06-08 14:48:09,619 - ERROR - [Errno 2] No such file or directory: '/media/np/ManoPD/personal/ThesisProjects/media/np/ManoPD/personal/ThesisProjects/.embl_tools/notebooks'
2020-06-08 14:49:12,524 - INFO - embl-tools-jl extension starting up.
2020-06-08 14:49:12,525 - INFO - embl-tools-jl extension started.
2020-06-08 14:49:16,249 - INFO - EMBL-Tools not found in current Jupyter Lab root dir: /media/np/ManoPD/personal/ThesisProjects. Copying built in version as temporary solution.
2020-06-08 14:49:16,249 - INFO - Executing: cp -R /media/np/ManoPD/personal/DataHub/embl-tools-jl/embl_tools_jl/../embl_tools/ /media/np/ManoPD/personal/ThesisProjects/embl_tools)
2020-06-08 14:49:16,259 - ERROR - Failed to read / write settings file at startup. 'tmp_loc'
2020-06-08 14:49:16,333 - ERROR - [Errno 2] No such file or directory: '/media/np/ManoPD/personal/ThesisProjects/media/np/ManoPD/personal/ThesisProjects/embl_tools/notebooks'
2020-06-08 14:53:16,860 - INFO - embl-tools-jl extension starting up.
2020-06-08 14:53:16,861 - INFO - embl-tools-jl extension started.
2020-06-08 14:53:20,514 - ERROR - Failed to read settings file at startup. 'tmp_loc'
2020-06-08 14:54:23,337 - INFO - embl-tools-jl extension starting up.
2020-06-08 14:54:23,338 - INFO - embl-tools-jl extension started.
2020-06-08 14:54:27,720 - INFO - EMBL-Tools not found in current Jupyter Lab root dir: /media/np/ManoPD/personal/ThesisProjects. Copying built in version as temporary solution.
2020-06-08 14:54:27,720 - INFO - Executing: cp -R /media/np/ManoPD/personal/DataHub/embl-tools-jl/embl_tools_jl/../embl_tools/ /media/np/ManoPD/personal/ThesisProjects/embl_tools)
2020-06-08 14:54:27,730 - ERROR - Failed to read / write settings file at startup. 'tmploc'
2020-06-08 14:54:27,804 - ERROR - [Errno 2] No such file or directory: '/media/np/ManoPD/personal/ThesisProjects/media/np/ManoPD/personal/ThesisProjects/embl_tools/notebooks'
2020-06-08 15:00:13,176 - INFO - embl-tools-jl extension starting up.
2020-06-08 15:00:13,177 - INFO - embl-tools-jl extension started.
2020-06-08 15:00:15,951 - ERROR - Failed to read settings file at startup. 'tmploc'
2020-06-08 15:01:41,382 - INFO - embl-tools-jl extension starting up.
2020-06-08 15:01:41,383 - INFO - embl-tools-jl extension started.
2020-06-08 15:01:45,015 - ERROR - Failed to read settings file at startup. 'tmploc'
2020-06-08 15:02:53,203 - INFO - embl-tools-jl extension starting up.
2020-06-08 15:02:53,204 - INFO - embl-tools-jl extension started.
2020-06-08 15:02:56,946 - INFO - EMBL-Tools not found in current Jupyter Lab root dir: /media/np/ManoPD/personal/ThesisProjects. Copying built in version as temporary solution.
2020-06-08 15:02:56,946 - INFO - Executing: cp -R /media/np/ManoPD/personal/DataHub/embl-tools-jl/embl_tools_jl/../embl_tools/ /media/np/ManoPD/personal/ThesisProjects/embl_tools)
2020-06-08 15:02:56,956 - INFO - Copying done.
2020-06-08 15:05:03,405 - INFO - embl-tools-jl extension starting up.
2020-06-08 15:05:03,405 - INFO - embl-tools-jl extension started.
2020-06-08 15:05:07,175 - ERROR - Failed to read settings file at startup. 'tmploc'
2020-06-08 15:05:25,030 - INFO - embl-tools-jl extension starting up.
2020-06-08 15:05:25,031 - INFO - embl-tools-jl extension started.
2020-06-08 15:05:28,680 - INFO - EMBL-Tools not found in current Jupyter Lab root dir: /media/np/ManoPD/personal/ThesisProjects. Copying built in version as temporary solution.
2020-06-08 15:05:28,680 - INFO - Executing: cp -R /media/np/ManoPD/personal/DataHub/embl-tools-jl/embl_tools_jl/../embl_tools/ /media/np/ManoPD/personal/ThesisProjects/embl_tools)
2020-06-08 15:05:28,690 - INFO - Copying done.
2020-06-08 15:05:28,691 - INFO - {'email': 'nandor.poka@gmail.com', 'outdir': './results'}
2020-06-08 15:06:10,383 - INFO - embl-tools-jl extension starting up.
2020-06-08 15:06:10,384 - INFO - embl-tools-jl extension started.
2020-06-08 15:06:14,087 - ERROR - Failed to read settings file at startup. 'tmploc'
2020-06-08 15:06:28,824 - INFO - embl-tools-jl extension starting up.
2020-06-08 15:06:28,825 - INFO - embl-tools-jl extension started.
2020-06-08 15:06:32,634 - INFO - EMBL-Tools not found in current Jupyter Lab root dir: /media/np/ManoPD/personal/ThesisProjects. Copying built in version as temporary solution.
2020-06-08 15:06:32,634 - INFO - Executing: cp -R /media/np/ManoPD/personal/DataHub/embl-tools-jl/embl_tools_jl/../embl_tools/ /media/np/ManoPD/personal/ThesisProjects/embl_tools)
2020-06-08 15:06:32,644 - INFO - Copying done.
2020-06-08 15:09:13,311 - INFO - embl-tools-jl extension starting up.
2020-06-08 15:09:13,312 - INFO - embl-tools-jl extension started.
2020-06-08 15:09:15,941 - INFO - EMBL-Tools not found in current Jupyter Lab root dir: /media/np/ManoPD/personal/ThesisProjects. Copying built in version as temporary solution.
2020-06-08 15:09:15,942 - INFO - Executing: cp -R /media/np/ManoPD/personal/DataHub/embl-tools-jl/embl_tools_jl/../embl_tools/ /media/np/ManoPD/personal/ThesisProjects/embl_tools)
2020-06-08 15:09:15,951 - INFO - Copying done.
2020-06-08 15:09:15,951 - INFO - {'email': 'nandor.poka@gmail.com', 'outdir': './results'}
2020-06-08 15:10:46,625 - INFO - embl-tools-jl extension starting up.
2020-06-08 15:10:46,626 - INFO - embl-tools-jl extension started.
2020-06-08 15:10:50,198 - INFO - EMBL-Tools not found in current Jupyter Lab root dir: /media/np/ManoPD/personal/ThesisProjects. Copying built in version as temporary solution.
2020-06-08 15:10:50,198 - INFO - Executing: cp -R /media/np/ManoPD/personal/DataHub/embl-tools-jl/embl_tools_jl/../embl_tools/ /media/np/ManoPD/personal/ThesisProjects/embl_tools)
2020-06-08 15:10:50,208 - INFO - Copying done.
2020-06-08 15:10:50,208 - INFO - Read settings file at startup:
{'email': 'nandor.poka@gmail.com', 'outdir': './results'}
2020-06-08 15:11:55,115 - INFO - embl-tools-jl extension starting up.
2020-06-08 15:11:55,116 - INFO - embl-tools-jl extension started.
2020-06-08 15:11:58,868 - INFO - EMBL-Tools not found in current Jupyter Lab root dir: /media/np/ManoPD/personal/ThesisProjects. Copying built in version as temporary solution.
2020-06-08 15:11:58,869 - INFO - Executing: cp -R /media/np/ManoPD/personal/DataHub/embl-tools-jl/embl_tools_jl/../embl_tools/ /media/np/ManoPD/personal/ThesisProjects/embl_tools)
2020-06-08 15:11:58,877 - INFO - Copying done.
2020-06-08 15:11:58,878 - INFO - Read settings file at startup:
{'email': 'nandor.poka@gmail.com', 'outdir': './results'}
2020-06-08 15:15:48,965 - INFO - embl-tools-jl extension starting up.
2020-06-08 15:15:48,966 - INFO - embl-tools-jl extension started.
2020-06-08 15:16:28,625 - INFO - EMBL-Tools not found in current Jupyter Lab root dir: /media/np/ManoPD/personal/ThesisProjects. Copying built in version as temporary solution.
2020-06-08 15:16:28,625 - INFO - Executing: cp -R /media/np/ManoPD/personal/DataHub/embl-tools-jl/embl_tools_jl/../embl_tools/ /media/np/ManoPD/personal/ThesisProjects/embl_tools)
2020-06-08 15:16:28,635 - INFO - Copying done.
2020-06-08 15:16:28,636 - INFO - Read settings file at startup:
{'email': 'nandor.poka@gmail.com', 'outdir': './results'}
2020-06-08 15:16:28,636 - INFO - Saved settings file at startup:
{'email': 'nandor.poka@gmail.com', 'outdir': './results', 'tmploc': '/media/np/ManoPD/personal/ThesisProjects/embl_tools'}
2020-06-08 15:16:28,696 - ERROR - [Errno 2] No such file or directory: '/media/np/ManoPD/personal/ThesisProjects/media/np/ManoPD/personal/ThesisProjects/embl_tools/notebooks'
2020-06-08 15:17:28,226 - INFO - embl-tools-jl extension starting up.
2020-06-08 15:17:28,227 - INFO - embl-tools-jl extension started.
2020-06-08 15:19:17,677 - INFO - embl-tools-jl extension starting up.
2020-06-08 15:19:17,678 - INFO - embl-tools-jl extension started.
2020-06-08 15:19:21,348 - INFO - Removed EMBL-tools from old temporary location: /media/np/ManoPD/personal/ThesisProjects/embl_tools
2020-06-08 15:19:21,961 - ERROR - [Errno 2] No such file or directory: '/media/np/ManoPD/personal/ThesisProjects/embl_tools/notebooks'
2020-06-08 15:20:39,014 - INFO - embl-tools-jl extension starting up.
2020-06-08 15:20:39,015 - INFO - embl-tools-jl extension started.
2020-06-08 15:20:41,717 - INFO - EMBL-Tools not found in current Jupyter Lab root dir: /media/np/ManoPD/personal/ThesisProjects. Copying built in version as temporary solution.
2020-06-08 15:20:41,717 - INFO - Executing: cp -R /media/np/ManoPD/personal/DataHub/embl-tools-jl/embl_tools_jl/../embl_tools/ /media/np/ManoPD/personal/ThesisProjects/embl_tools)
2020-06-08 15:20:41,725 - INFO - Copying done.
2020-06-08 15:20:41,726 - INFO - Read settings file at startup:
{'email': 'nandor.poka@gmail.com', 'outdir': './results', 'tmploc': '/media/np/ManoPD/personal/ThesisProjects/embl_tools'}
2020-06-08 15:20:41,726 - INFO - Saved settings file at startup:
{'email': 'nandor.poka@gmail.com', 'outdir': './results', 'tmploc': '/media/np/ManoPD/personal/ThesisProjects/embl_tools'}
2020-06-08 15:20:41,786 - ERROR - [Errno 2] No such file or directory: '/media/np/ManoPD/personal/ThesisProjects/media/np/ManoPD/personal/ThesisProjects/embl_tools/notebooks'
2020-06-08 15:20:57,301 - INFO - Removed EMBL-tools from old temporary location: /media/np/ManoPD/personal/ThesisProjects/embl_tools
2020-06-08 15:20:57,372 - ERROR - [Errno 2] No such file or directory: '/media/np/ManoPD/personal/ThesisProjects/embl_tools/notebooks'
2020-06-08 15:26:51,808 - INFO - embl-tools-jl extension starting up.
2020-06-08 15:26:51,808 - INFO - embl-tools-jl extension started.
2020-06-08 15:26:55,617 - INFO - EMBL-Tools not found in current Jupyter Lab root dir: /media/np/ManoPD/personal/ThesisProjects. Copying built in version as temporary solution.
2020-06-08 15:26:55,617 - INFO - Executing: cp -R /media/np/ManoPD/personal/DataHub/embl-tools-jl/embl_tools_jl/../embl_tools/ ('/media/np/ManoPD/personal/ThesisProjects', 'embl_tools'))
2020-06-08 15:26:55,621 - INFO - Copying done.
2020-06-08 15:26:55,621 - INFO - Read settings file at startup:
{'email': 'nandor.poka@gmail.com', 'outdir': './results', 'tmploc': '/media/np/ManoPD/personal/ThesisProjects/embl_tools'}
2020-06-08 15:26:55,621 - INFO - Saved settings file at startup:
{'email': 'nandor.poka@gmail.com', 'outdir': './results', 'tmploc': ('/media/np/ManoPD/personal/ThesisProjects', 'embl_tools')}
2020-06-08 15:26:55,625 - INFO - Removed EMBL-tools from old temporary location: /media/np/ManoPD/personal/ThesisProjects/embl_tools
2020-06-08 15:26:55,681 - ERROR - [Errno 2] No such file or directory: '/media/np/ManoPD/personal/ThesisProjects/embl_tools/notebooks'
2020-06-08 15:28:00,124 - INFO - embl-tools-jl extension starting up.
2020-06-08 15:28:00,124 - INFO - embl-tools-jl extension started.
2020-06-08 15:28:03,736 - INFO - EMBL-Tools not found in current Jupyter Lab root dir: /media/np/ManoPD/personal/ThesisProjects. Copying built in version as temporary solution.
2020-06-08 15:28:03,736 - INFO - Executing: cp -R /media/np/ManoPD/personal/DataHub/embl-tools-jl/embl_tools_jl/../embl_tools/ ('/media/np/ManoPD/personal/ThesisProjects', 'embl_tools'))
2020-06-08 15:28:03,740 - INFO - Copying done.
2020-06-08 15:28:03,740 - INFO - Read settings file at startup:
{'email': 'nandor.poka@gmail.com', 'outdir': './results', 'tmploc': ['/media/np/ManoPD/personal/ThesisProjects', 'embl_tools']}
2020-06-08 15:28:03,741 - INFO - Saved settings file at startup:
{'email': 'nandor.poka@gmail.com', 'outdir': './results', 'tmploc': ('/media/np/ManoPD/personal/ThesisProjects', 'embl_tools')}
2020-06-08 15:28:03,741 - INFO - ['/media/np/ManoPD/personal/ThesisProjects', 'embl_tools'] vs ('/media/np/ManoPD/personal/ThesisProjects', 'embl_tools')
2020-06-08 15:28:03,744 - INFO - Removed EMBL-tools from old temporary location: ['/media/np/ManoPD/personal/ThesisProjects', 'embl_tools']
2020-06-08 15:28:03,798 - ERROR - [Errno 2] No such file or directory: '/media/np/ManoPD/personal/ThesisProjects/embl_tools/notebooks'
2020-06-08 15:30:39,095 - INFO - embl-tools-jl extension starting up.
2020-06-08 15:30:39,095 - INFO - embl-tools-jl extension started.
2020-06-08 15:30:42,731 - INFO - EMBL-Tools not found in current Jupyter Lab root dir: /media/np/ManoPD/personal/ThesisProjects. Copying built in version as temporary solution.
2020-06-08 15:30:42,731 - INFO - Executing: cp -R /media/np/ManoPD/personal/DataHub/embl-tools-jl/embl_tools_jl/../embl_tools/ /media/np/ManoPD/personal/ThesisProjects/embl_tools)
2020-06-08 15:30:42,740 - INFO - Copying done.
2020-06-08 15:30:42,741 - INFO - Read settings file at startup:
{'email': 'nandor.poka@gmail.com', 'outdir': './results', 'tmploc': ['/media/np/ManoPD/personal/ThesisProjects', 'embl_tools']}
2020-06-08 15:30:42,741 - INFO - Saved settings file at startup:
{'email': 'nandor.poka@gmail.com', 'outdir': './results', 'tmploc': '/media/np/ManoPD/personal/ThesisProjects/embl_tools'}
2020-06-08 15:30:42,741 - INFO - ['/media/np/ManoPD/personal/ThesisProjects', 'embl_tools'] vs /media/np/ManoPD/personal/ThesisProjects/embl_tools
2020-06-08 15:30:42,746 - INFO - Removed EMBL-tools from old temporary location: ['/media/np/ManoPD/personal/ThesisProjects', 'embl_tools']
2020-06-08 15:32:24,017 - INFO - embl-tools-jl extension starting up.
2020-06-08 15:32:24,018 - INFO - embl-tools-jl extension started.
2020-06-08 15:32:27,591 - INFO - EMBL-Tools not found in current Jupyter Lab root dir: /media/np/ManoPD/personal/ThesisProjects. Copying built in version as temporary solution.
2020-06-08 15:32:27,591 - INFO - Executing: cp -R /media/np/ManoPD/personal/DataHub/embl-tools-jl/embl_tools_jl/../embl_tools/ /media/np/ManoPD/personal/ThesisProjects/embl_tools)
2020-06-08 15:32:27,601 - INFO - Copying done.
2020-06-08 15:32:27,602 - INFO - Read settings file at startup:
{'email': 'nandor.poka@gmail.com', 'outdir': './results', 'tmploc': '/media/np/ManoPD/personal/ThesisProjects/embl_tools'}
2020-06-08 15:32:27,602 - INFO - Saved settings file at startup:
{'email': 'nandor.poka@gmail.com', 'outdir': './results', 'tmploc': '/media/np/ManoPD/personal/ThesisProjects/embl_tools'}
2020-06-08 15:33:17,745 - INFO - embl-tools-jl extension starting up.
2020-06-08 15:33:17,746 - INFO - embl-tools-jl extension started.
2020-06-08 15:33:21,419 - INFO - EMBL-Tools not found in current Jupyter Lab root dir: /media/np/ManoPD/personal/PyConDE. Copying built in version as temporary solution.
2020-06-08 15:33:21,419 - INFO - Executing: cp -R /media/np/ManoPD/personal/DataHub/embl-tools-jl/embl_tools_jl/../embl_tools/ /media/np/ManoPD/personal/PyConDE/embl_tools)
2020-06-08 15:33:21,427 - INFO - Copying done.
2020-06-08 15:33:21,428 - INFO - Read settings file at startup:
{'email': 'nandor.poka@gmail.com', 'outdir': './results', 'tmploc': '/media/np/ManoPD/personal/ThesisProjects/embl_tools'}
2020-06-08 15:33:21,428 - INFO - Saved settings file at startup:
{'email': 'nandor.poka@gmail.com', 'outdir': './results', 'tmploc': '/media/np/ManoPD/personal/PyConDE/embl_tools'}
2020-06-08 15:33:21,428 - INFO - /media/np/ManoPD/personal/ThesisProjects/embl_tools vs /media/np/ManoPD/personal/PyConDE/embl_tools
2020-06-08 15:33:21,434 - INFO - Removed EMBL-tools from old temporary location: /media/np/ManoPD/personal/ThesisProjects/embl_tools
2020-06-08 15:35:23,855 - INFO - embl-tools-jl extension starting up.
2020-06-08 15:35:23,855 - INFO - embl-tools-jl extension started.
2020-06-08 15:38:24,254 - INFO - embl-tools-jl extension starting up.
2020-06-08 15:38:24,255 - INFO - embl-tools-jl extension started.
2020-06-08 15:47:36,228 - INFO - embl-tools-jl extension starting up.
2020-06-08 15:47:36,229 - INFO - embl-tools-jl extension started.
2020-06-08 15:48:54,380 - INFO - embl-tools-jl extension starting up.
2020-06-08 15:48:54,381 - INFO - embl-tools-jl extension started.
2020-06-08 15:48:57,075 - INFO - EMBL-Tools found at /media/np/ManoPD/personal/PyConDE/embl_tools
2020-06-08 15:48:57,075 - INFO - Setting PYTHONPATH environmental variable.
2020-06-08 15:51:52,177 - INFO - embl-tools-jl extension starting up.
2020-06-08 15:51:52,177 - INFO - embl-tools-jl extension started.
2020-06-08 15:51:54,911 - INFO - EMBL-Tools found at /media/np/ManoPD/personal/PyConDE/embl_tools
2020-06-08 15:51:54,911 - INFO - Setting PYTHONPATH environmental variable.
2020-06-08 15:52:44,219 - INFO - embl-tools-jl extension starting up.
2020-06-08 15:52:44,219 - INFO - embl-tools-jl extension started.
2020-06-08 15:52:46,875 - INFO - EMBL-Tools not found in current Jupyter Lab root dir: /media/np/ManoPD/personal/JFS2020. Copying built in version as temporary solution.
2020-06-08 15:52:46,875 - INFO - Executing: cp -R /media/np/ManoPD/personal/DataHub/embl-tools-jl/embl_tools_jl/../embl_tools/ /media/np/ManoPD/personal/JFS2020/embl_tools)
2020-06-08 15:52:46,884 - INFO - Copying done.
2020-06-08 15:52:46,884 - INFO - Setting PYTHONPATH environmental variable.
2020-06-08 15:52:46,889 - INFO - Removed EMBL-tools from old temporary location: /media/np/ManoPD/personal/PyConDE/embl_tools
2020-06-08 20:43:16,288 - INFO - embl-tools-jl extension starting up.
2020-06-08 20:43:16,290 - INFO - embl-tools-jl extension started.
2020-06-09 11:18:22,380 - INFO - embl-tools-jl extension starting up.
2020-06-09 11:18:22,381 - INFO - embl-tools-jl extension started.
2020-06-09 14:05:21,625 - INFO - embl-tools-jl extension starting up.
2020-06-09 14:05:21,626 - INFO - embl-tools-jl extension started.
2020-06-09 14:33:01,497 - INFO - embl-tools-jl extension starting up.
2020-06-09 14:33:01,498 - INFO - embl-tools-jl extension started.
2020-06-09 14:33:04,316 - WARNING - Permission denied: /media/np/ManoPD/.Trash-1000/expunged/2816444396/etcd/member
2020-06-09 14:33:04,449 - INFO - EMBL-Tools found at /media/np/ManoPD/personal/DataHub/EMBL-Tools
2020-06-09 14:33:04,450 - INFO - Setting PYTHONPATH environmental variable.
2020-06-09 14:33:04,463 - INFO - Removed EMBL-tools from old temporary location: /media/np/ManoPD/personal/JFS2020/embl_tools
2020-06-09 14:33:20,549 - WARNING - Permission denied: /media/np/ManoPD/.Trash-1000/expunged/2816444396/etcd/member
2020-06-09 14:33:20,575 - INFO - EMBL-Tools found at /media/np/ManoPD/personal/DataHub/EMBL-Tools
2020-06-09 14:33:20,576 - INFO - Setting PYTHONPATH environmental variable.
2020-06-09 14:33:20,579 - INFO - Removed EMBL-tools from old temporary location: /media/np/ManoPD/personal/JFS2020/embl_tools
2020-06-09 15:15:30,348 - WARNING - Permission denied: /media/np/ManoPD/.Trash-1000/expunged/2816444396/etcd/member
2020-06-09 15:15:30,376 - INFO - EMBL-Tools found at /media/np/ManoPD/personal/DataHub/EMBL-Tools
2020-06-09 15:15:30,376 - INFO - Setting PYTHONPATH environmental variable.
2020-06-09 15:15:30,381 - INFO - Removed EMBL-tools from old temporary location: /media/np/ManoPD/personal/JFS2020/embl_tools
2020-06-10 08:29:02,753 - INFO - embl-tools-jl extension starting up.
2020-06-10 08:29:02,754 - INFO - embl-tools-jl extension started.
2020-06-10 08:31:22,041 - INFO - embl-tools-jl extension starting up.
2020-06-10 08:31:22,041 - INFO - embl-tools-jl extension started.
2020-06-10 08:31:24,682 - WARNING - Permission denied: /media/np/ManoPD/.Trash-1000/expunged/2816444396/etcd/member
2020-06-10 08:31:25,100 - INFO - EMBL-Tools found at /media/np/ManoPD/personal/DataHub/EMBL-Tools
2020-06-10 08:31:25,100 - INFO - Setting PYTHONPATH environmental variable.
2020-06-10 08:31:25,109 - INFO - Removed EMBL-tools from old temporary location: /media/np/ManoPD/personal/JFS2020/embl_tools
2020-06-10 08:31:28,988 - WARNING - Permission denied: /media/np/ManoPD/.Trash-1000/expunged/2816444396/etcd/member
2020-06-10 08:31:29,014 - INFO - EMBL-Tools found at /media/np/ManoPD/personal/DataHub/EMBL-Tools
2020-06-10 08:31:29,014 - INFO - Setting PYTHONPATH environmental variable.
2020-06-10 08:31:29,018 - INFO - Removed EMBL-tools from old temporary location: /media/np/ManoPD/personal/JFS2020/embl_tools
2020-06-10 09:23:57,796 - INFO - embl-tools-jl extension starting up.
2020-06-10 09:23:57,798 - INFO - embl-tools-jl extension started.
2020-06-10 09:23:58,571 - INFO - embl-tools-jl extension starting up.
2020-06-10 09:23:58,572 - INFO - embl-tools-jl extension started.
2020-06-10 09:24:01,927 - WARNING - Permission denied: /media/np/ManoPD/.Trash-1000/expunged/2816444396/etcd/member
2020-06-10 09:24:02,194 - INFO - EMBL-Tools found at /media/np/ManoPD/personal/DataHub/EMBL-Tools
2020-06-10 09:24:02,194 - INFO - Setting PYTHONPATH environmental variable.
2020-06-10 09:24:02,199 - INFO - Removed EMBL-tools from old temporary location: /media/np/ManoPD/personal/JFS2020/embl_tools
2020-06-10 09:24:06,819 - WARNING - Permission denied: /media/np/ManoPD/.Trash-1000/expunged/2816444396/etcd/member
2020-06-10 09:24:06,860 - INFO - EMBL-Tools found at /media/np/ManoPD/personal/DataHub/EMBL-Tools
2020-06-10 09:24:06,860 - INFO - Setting PYTHONPATH environmental variable.
2020-06-10 09:24:06,864 - INFO - Removed EMBL-tools from old temporary location: /media/np/ManoPD/personal/JFS2020/embl_tools
2020-06-10 11:26:21,526 - WARNING - Permission denied: /media/np/ManoPD/.Trash-1000/expunged/2816444396/etcd/member
2020-06-10 11:26:21,551 - INFO - EMBL-Tools found at /media/np/ManoPD/personal/DataHub/EMBL-Tools
2020-06-10 11:26:21,551 - INFO - Setting PYTHONPATH environmental variable.
2020-06-10 11:26:21,554 - INFO - Removed EMBL-tools from old temporary location: /media/np/ManoPD/personal/JFS2020/embl_tools
2020-06-10 13:56:47,247 - INFO - embl-tools-jl extension starting up.
2020-06-10 13:56:47,248 - INFO - embl-tools-jl extension started.
2020-06-10 15:22:29,579 - INFO - embl-tools-jl extension starting up.
2020-06-10 15:22:29,596 - INFO - embl-tools-jl extension started.
2020-06-10 15:27:08,013 - INFO - embl-tools-jl extension starting up.
2020-06-10 15:27:08,014 - INFO - embl-tools-jl extension started.
