The system is: Linux - 5.0.0-1031-gcp - x86_64
Compiling the C compiler identification source file "CMakeCCompilerId.c" succeeded.
Compiler: /usr/bin/gcc 
Build flags: 
Id flags:  

The output was:
0


Compilation of the C compiler identification source "CMakeCCompilerId.c" produced "a.out"

The C compiler identification is GNU, found in "/home/travis/build/CESNET/libyang/cmocka/build/CMakeFiles/3.12.4/CompilerIdC/a.out"

Determining if the C compiler works passed with the following output:
Change Dir: /home/travis/build/CESNET/libyang/cmocka/build/CMakeFiles/CMakeTmp

Run Build Command:"/usr/bin/make" "cmTC_3909e/fast"
/usr/bin/make -f CMakeFiles/cmTC_3909e.dir/build.make CMakeFiles/cmTC_3909e.dir/build
make[1]: Entering directory '/home/travis/build/CESNET/libyang/cmocka/build/CMakeFiles/CMakeTmp'
Building C object CMakeFiles/cmTC_3909e.dir/testCCompiler.c.o
/usr/bin/gcc   -fPIE   -o CMakeFiles/cmTC_3909e.dir/testCCompiler.c.o   -c /home/travis/build/CESNET/libyang/cmocka/build/CMakeFiles/CMakeTmp/testCCompiler.c
Linking C executable cmTC_3909e
/usr/local/cmake-3.12.4/bin/cmake -E cmake_link_script CMakeFiles/cmTC_3909e.dir/link.txt --verbose=1
/usr/bin/gcc      CMakeFiles/cmTC_3909e.dir/testCCompiler.c.o  -o cmTC_3909e 
make[1]: Leaving directory '/home/travis/build/CESNET/libyang/cmocka/build/CMakeFiles/CMakeTmp'


Detecting C compiler ABI info compiled with the following output:
Change Dir: /home/travis/build/CESNET/libyang/cmocka/build/CMakeFiles/CMakeTmp

Run Build Command:"/usr/bin/make" "cmTC_40663/fast"
/usr/bin/make -f CMakeFiles/cmTC_40663.dir/build.make CMakeFiles/cmTC_40663.dir/build
make[1]: Entering directory '/home/travis/build/CESNET/libyang/cmocka/build/CMakeFiles/CMakeTmp'
Building C object CMakeFiles/cmTC_40663.dir/CMakeCCompilerABI.c.o
/usr/bin/gcc   -fPIE   -o CMakeFiles/cmTC_40663.dir/CMakeCCompilerABI.c.o   -c /usr/local/cmake-3.12.4/share/cmake-3.12/Modules/CMakeCCompilerABI.c
Linking C executable cmTC_40663
/usr/local/cmake-3.12.4/bin/cmake -E cmake_link_script CMakeFiles/cmTC_40663.dir/link.txt --verbose=1
/usr/bin/gcc     -v CMakeFiles/cmTC_40663.dir/CMakeCCompilerABI.c.o  -o cmTC_40663 
Using built-in specs.
COLLECT_GCC=/usr/bin/gcc
COLLECT_LTO_WRAPPER=/usr/lib/gcc/x86_64-linux-gnu/7/lto-wrapper
OFFLOAD_TARGET_NAMES=nvptx-none
OFFLOAD_TARGET_DEFAULT=1
Target: x86_64-linux-gnu
Configured with: ../src/configure -v --with-pkgversion='Ubuntu 7.4.0-1ubuntu1~18.04.1' --with-bugurl=file:///usr/share/doc/gcc-7/README.Bugs --enable-languages=c,ada,c++,go,brig,d,fortran,objc,obj-c++ --prefix=/usr --with-gcc-major-version-only --program-suffix=-7 --program-prefix=x86_64-linux-gnu- --enable-shared --enable-linker-build-id --libexecdir=/usr/lib --without-included-gettext --enable-threads=posix --libdir=/usr/lib --enable-nls --with-sysroot=/ --enable-clocale=gnu --enable-libstdcxx-debug --enable-libstdcxx-time=yes --with-default-libstdcxx-abi=new --enable-gnu-unique-object --disable-vtable-verify --enable-libmpx --enable-plugin --enable-default-pie --with-system-zlib --with-target-system-zlib --enable-objc-gc=auto --enable-multiarch --disable-werror --with-arch-32=i686 --with-abi=m64 --with-multilib-list=m32,m64,mx32 --enable-multilib --with-tune=generic --enable-offload-targets=nvptx-none --without-cuda-driver --enable-checking=release --build=x86_64-linux-gnu --host=x86_64-linux-gnu --target=x86_64-linux-gnu
Thread model: posix
gcc version 7.4.0 (Ubuntu 7.4.0-1ubuntu1~18.04.1) 
COMPILER_PATH=/usr/lib/gcc/x86_64-linux-gnu/7/:/usr/lib/gcc/x86_64-linux-gnu/7/:/usr/lib/gcc/x86_64-linux-gnu/:/usr/lib/gcc/x86_64-linux-gnu/7/:/usr/lib/gcc/x86_64-linux-gnu/
LIBRARY_PATH=/usr/lib/gcc/x86_64-linux-gnu/7/:/usr/lib/gcc/x86_64-linux-gnu/7/../../../x86_64-linux-gnu/:/usr/lib/gcc/x86_64-linux-gnu/7/../../../../lib/:/lib/x86_64-linux-gnu/:/lib/../lib/:/usr/lib/x86_64-linux-gnu/:/usr/lib/../lib/:/usr/lib/gcc/x86_64-linux-gnu/7/../../../:/lib/:/usr/lib/
COLLECT_GCC_OPTIONS='-v' '-o' 'cmTC_40663' '-mtune=generic' '-march=x86-64'
 /usr/lib/gcc/x86_64-linux-gnu/7/collect2 -plugin /usr/lib/gcc/x86_64-linux-gnu/7/liblto_plugin.so -plugin-opt=/usr/lib/gcc/x86_64-linux-gnu/7/lto-wrapper -plugin-opt=-fresolution=/tmp/ccvjRwqw.res -plugin-opt=-pass-through=-lgcc -plugin-opt=-pass-through=-lgcc_s -plugin-opt=-pass-through=-lc -plugin-opt=-pass-through=-lgcc -plugin-opt=-pass-through=-lgcc_s --sysroot=/ --build-id --eh-frame-hdr -m elf_x86_64 --hash-style=gnu --as-needed -dynamic-linker /lib64/ld-linux-x86-64.so.2 -pie -z now -z relro -o cmTC_40663 /usr/lib/gcc/x86_64-linux-gnu/7/../../../x86_64-linux-gnu/Scrt1.o /usr/lib/gcc/x86_64-linux-gnu/7/../../../x86_64-linux-gnu/crti.o /usr/lib/gcc/x86_64-linux-gnu/7/crtbeginS.o -L/usr/lib/gcc/x86_64-linux-gnu/7 -L/usr/lib/gcc/x86_64-linux-gnu/7/../../../x86_64-linux-gnu -L/usr/lib/gcc/x86_64-linux-gnu/7/../../../../lib -L/lib/x86_64-linux-gnu -L/lib/../lib -L/usr/lib/x86_64-linux-gnu -L/usr/lib/../lib -L/usr/lib/gcc/x86_64-linux-gnu/7/../../.. CMakeFiles/cmTC_40663.dir/CMakeCCompilerABI.c.o -lgcc --push-state --as-needed -lgcc_s --pop-state -lc -lgcc --push-state --as-needed -lgcc_s --pop-state /usr/lib/gcc/x86_64-linux-gnu/7/crtendS.o /usr/lib/gcc/x86_64-linux-gnu/7/../../../x86_64-linux-gnu/crtn.o
COLLECT_GCC_OPTIONS='-v' '-o' 'cmTC_40663' '-mtune=generic' '-march=x86-64'
make[1]: Leaving directory '/home/travis/build/CESNET/libyang/cmocka/build/CMakeFiles/CMakeTmp'


Parsed C implicit link information from above output:
  link line regex: [^( *|.*[/\])(ld|CMAKE_LINK_STARTFILE-NOTFOUND|([^/\]+-)?ld|collect2)[^/\]*( |$)]
  ignore line: [Change Dir: /home/travis/build/CESNET/libyang/cmocka/build/CMakeFiles/CMakeTmp]
  ignore line: []
  ignore line: [Run Build Command:"/usr/bin/make" "cmTC_40663/fast"]
  ignore line: [/usr/bin/make -f CMakeFiles/cmTC_40663.dir/build.make CMakeFiles/cmTC_40663.dir/build]
  ignore line: [make[1]: Entering directory '/home/travis/build/CESNET/libyang/cmocka/build/CMakeFiles/CMakeTmp']
  ignore line: [Building C object CMakeFiles/cmTC_40663.dir/CMakeCCompilerABI.c.o]
  ignore line: [/usr/bin/gcc   -fPIE   -o CMakeFiles/cmTC_40663.dir/CMakeCCompilerABI.c.o   -c /usr/local/cmake-3.12.4/share/cmake-3.12/Modules/CMakeCCompilerABI.c]
  ignore line: [Linking C executable cmTC_40663]
  ignore line: [/usr/local/cmake-3.12.4/bin/cmake -E cmake_link_script CMakeFiles/cmTC_40663.dir/link.txt --verbose=1]
  ignore line: [/usr/bin/gcc     -v CMakeFiles/cmTC_40663.dir/CMakeCCompilerABI.c.o  -o cmTC_40663 ]
  ignore line: [Using built-in specs.]
  ignore line: [COLLECT_GCC=/usr/bin/gcc]
  ignore line: [COLLECT_LTO_WRAPPER=/usr/lib/gcc/x86_64-linux-gnu/7/lto-wrapper]
  ignore line: [OFFLOAD_TARGET_NAMES=nvptx-none]
  ignore line: [OFFLOAD_TARGET_DEFAULT=1]
  ignore line: [Target: x86_64-linux-gnu]
  ignore line: [Configured with: ../src/configure -v --with-pkgversion='Ubuntu 7.4.0-1ubuntu1~18.04.1' --with-bugurl=file:///usr/share/doc/gcc-7/README.Bugs --enable-languages=c,ada,c++,go,brig,d,fortran,objc,obj-c++ --prefix=/usr --with-gcc-major-version-only --program-suffix=-7 --program-prefix=x86_64-linux-gnu- --enable-shared --enable-linker-build-id --libexecdir=/usr/lib --without-included-gettext --enable-threads=posix --libdir=/usr/lib --enable-nls --with-sysroot=/ --enable-clocale=gnu --enable-libstdcxx-debug --enable-libstdcxx-time=yes --with-default-libstdcxx-abi=new --enable-gnu-unique-object --disable-vtable-verify --enable-libmpx --enable-plugin --enable-default-pie --with-system-zlib --with-target-system-zlib --enable-objc-gc=auto --enable-multiarch --disable-werror --with-arch-32=i686 --with-abi=m64 --with-multilib-list=m32,m64,mx32 --enable-multilib --with-tune=generic --enable-offload-targets=nvptx-none --without-cuda-driver --enable-checking=release --build=x86_64-linux-gnu --host=x86_64-linux-gnu --target=x86_64-linux-gnu]
  ignore line: [Thread model: posix]
  ignore line: [gcc version 7.4.0 (Ubuntu 7.4.0-1ubuntu1~18.04.1) ]
  ignore line: [COMPILER_PATH=/usr/lib/gcc/x86_64-linux-gnu/7/:/usr/lib/gcc/x86_64-linux-gnu/7/:/usr/lib/gcc/x86_64-linux-gnu/:/usr/lib/gcc/x86_64-linux-gnu/7/:/usr/lib/gcc/x86_64-linux-gnu/]
  ignore line: [LIBRARY_PATH=/usr/lib/gcc/x86_64-linux-gnu/7/:/usr/lib/gcc/x86_64-linux-gnu/7/../../../x86_64-linux-gnu/:/usr/lib/gcc/x86_64-linux-gnu/7/../../../../lib/:/lib/x86_64-linux-gnu/:/lib/../lib/:/usr/lib/x86_64-linux-gnu/:/usr/lib/../lib/:/usr/lib/gcc/x86_64-linux-gnu/7/../../../:/lib/:/usr/lib/]
  ignore line: [COLLECT_GCC_OPTIONS='-v' '-o' 'cmTC_40663' '-mtune=generic' '-march=x86-64']
  link line: [ /usr/lib/gcc/x86_64-linux-gnu/7/collect2 -plugin /usr/lib/gcc/x86_64-linux-gnu/7/liblto_plugin.so -plugin-opt=/usr/lib/gcc/x86_64-linux-gnu/7/lto-wrapper -plugin-opt=-fresolution=/tmp/ccvjRwqw.res -plugin-opt=-pass-through=-lgcc -plugin-opt=-pass-through=-lgcc_s -plugin-opt=-pass-through=-lc -plugin-opt=-pass-through=-lgcc -plugin-opt=-pass-through=-lgcc_s --sysroot=/ --build-id --eh-frame-hdr -m elf_x86_64 --hash-style=gnu --as-needed -dynamic-linker /lib64/ld-linux-x86-64.so.2 -pie -z now -z relro -o cmTC_40663 /usr/lib/gcc/x86_64-linux-gnu/7/../../../x86_64-linux-gnu/Scrt1.o /usr/lib/gcc/x86_64-linux-gnu/7/../../../x86_64-linux-gnu/crti.o /usr/lib/gcc/x86_64-linux-gnu/7/crtbeginS.o -L/usr/lib/gcc/x86_64-linux-gnu/7 -L/usr/lib/gcc/x86_64-linux-gnu/7/../../../x86_64-linux-gnu -L/usr/lib/gcc/x86_64-linux-gnu/7/../../../../lib -L/lib/x86_64-linux-gnu -L/lib/../lib -L/usr/lib/x86_64-linux-gnu -L/usr/lib/../lib -L/usr/lib/gcc/x86_64-linux-gnu/7/../../.. CMakeFiles/cmTC_40663.dir/CMakeCCompilerABI.c.o -lgcc --push-state --as-needed -lgcc_s --pop-state -lc -lgcc --push-state --as-needed -lgcc_s --pop-state /usr/lib/gcc/x86_64-linux-gnu/7/crtendS.o /usr/lib/gcc/x86_64-linux-gnu/7/../../../x86_64-linux-gnu/crtn.o]
    arg [/usr/lib/gcc/x86_64-linux-gnu/7/collect2] ==> ignore
    arg [-plugin] ==> ignore
    arg [/usr/lib/gcc/x86_64-linux-gnu/7/liblto_plugin.so] ==> ignore
    arg [-plugin-opt=/usr/lib/gcc/x86_64-linux-gnu/7/lto-wrapper] ==> ignore
    arg [-plugin-opt=-fresolution=/tmp/ccvjRwqw.res] ==> ignore
    arg [-plugin-opt=-pass-through=-lgcc] ==> ignore
    arg [-plugin-opt=-pass-through=-lgcc_s] ==> ignore
    arg [-plugin-opt=-pass-through=-lc] ==> ignore
    arg [-plugin-opt=-pass-through=-lgcc] ==> ignore
    arg [-plugin-opt=-pass-through=-lgcc_s] ==> ignore
    arg [--sysroot=/] ==> ignore
    arg [--build-id] ==> ignore
    arg [--eh-frame-hdr] ==> ignore
    arg [-m] ==> ignore
    arg [elf_x86_64] ==> ignore
    arg [--hash-style=gnu] ==> ignore
    arg [--as-needed] ==> ignore
    arg [-dynamic-linker] ==> ignore
    arg [/lib64/ld-linux-x86-64.so.2] ==> ignore
    arg [-pie] ==> ignore
    arg [-znow] ==> ignore
    arg [-zrelro] ==> ignore
    arg [-o] ==> ignore
    arg [cmTC_40663] ==> ignore
    arg [/usr/lib/gcc/x86_64-linux-gnu/7/../../../x86_64-linux-gnu/Scrt1.o] ==> ignore
    arg [/usr/lib/gcc/x86_64-linux-gnu/7/../../../x86_64-linux-gnu/crti.o] ==> ignore
    arg [/usr/lib/gcc/x86_64-linux-gnu/7/crtbeginS.o] ==> ignore
    arg [-L/usr/lib/gcc/x86_64-linux-gnu/7] ==> dir [/usr/lib/gcc/x86_64-linux-gnu/7]
    arg [-L/usr/lib/gcc/x86_64-linux-gnu/7/../../../x86_64-linux-gnu] ==> dir [/usr/lib/gcc/x86_64-linux-gnu/7/../../../x86_64-linux-gnu]
    arg [-L/usr/lib/gcc/x86_64-linux-gnu/7/../../../../lib] ==> dir [/usr/lib/gcc/x86_64-linux-gnu/7/../../../../lib]
    arg [-L/lib/x86_64-linux-gnu] ==> dir [/lib/x86_64-linux-gnu]
    arg [-L/lib/../lib] ==> dir [/lib/../lib]
    arg [-L/usr/lib/x86_64-linux-gnu] ==> dir [/usr/lib/x86_64-linux-gnu]
    arg [-L/usr/lib/../lib] ==> dir [/usr/lib/../lib]
    arg [-L/usr/lib/gcc/x86_64-linux-gnu/7/../../..] ==> dir [/usr/lib/gcc/x86_64-linux-gnu/7/../../..]
    arg [CMakeFiles/cmTC_40663.dir/CMakeCCompilerABI.c.o] ==> ignore
    arg [-lgcc] ==> lib [gcc]
    arg [--push-state] ==> ignore
    arg [--as-needed] ==> ignore
    arg [-lgcc_s] ==> lib [gcc_s]
    arg [--pop-state] ==> ignore
    arg [-lc] ==> lib [c]
    arg [-lgcc] ==> lib [gcc]
    arg [--push-state] ==> ignore
    arg [--as-needed] ==> ignore
    arg [-lgcc_s] ==> lib [gcc_s]
    arg [--pop-state] ==> ignore
    arg [/usr/lib/gcc/x86_64-linux-gnu/7/crtendS.o] ==> ignore
    arg [/usr/lib/gcc/x86_64-linux-gnu/7/../../../x86_64-linux-gnu/crtn.o] ==> ignore
  collapse library dir [/usr/lib/gcc/x86_64-linux-gnu/7] ==> [/usr/lib/gcc/x86_64-linux-gnu/7]
  collapse library dir [/usr/lib/gcc/x86_64-linux-gnu/7/../../../x86_64-linux-gnu] ==> [/usr/lib/x86_64-linux-gnu]
  collapse library dir [/usr/lib/gcc/x86_64-linux-gnu/7/../../../../lib] ==> [/usr/lib]
  collapse library dir [/lib/x86_64-linux-gnu] ==> [/lib/x86_64-linux-gnu]
  collapse library dir [/lib/../lib] ==> [/lib]
  collapse library dir [/usr/lib/x86_64-linux-gnu] ==> [/usr/lib/x86_64-linux-gnu]
  collapse library dir [/usr/lib/../lib] ==> [/usr/lib]
  collapse library dir [/usr/lib/gcc/x86_64-linux-gnu/7/../../..] ==> [/usr/lib]
  implicit libs: [gcc;gcc_s;c;gcc;gcc_s]
  implicit dirs: [/usr/lib/gcc/x86_64-linux-gnu/7;/usr/lib/x86_64-linux-gnu;/usr/lib;/lib/x86_64-linux-gnu;/lib]
  implicit fwks: []




Detecting C [-std=c11] compiler features compiled with the following output:
Change Dir: /home/travis/build/CESNET/libyang/cmocka/build/CMakeFiles/CMakeTmp

Run Build Command:"/usr/bin/make" "cmTC_84068/fast"
/usr/bin/make -f CMakeFiles/cmTC_84068.dir/build.make CMakeFiles/cmTC_84068.dir/build
make[1]: Entering directory '/home/travis/build/CESNET/libyang/cmocka/build/CMakeFiles/CMakeTmp'
Building C object CMakeFiles/cmTC_84068.dir/feature_tests.c.o
/usr/bin/gcc   -fPIE   -std=c11 -o CMakeFiles/cmTC_84068.dir/feature_tests.c.o   -c /home/travis/build/CESNET/libyang/cmocka/build/CMakeFiles/feature_tests.c
Linking C executable cmTC_84068
/usr/local/cmake-3.12.4/bin/cmake -E cmake_link_script CMakeFiles/cmTC_84068.dir/link.txt --verbose=1
/usr/bin/gcc      CMakeFiles/cmTC_84068.dir/feature_tests.c.o  -o cmTC_84068 
make[1]: Leaving directory '/home/travis/build/CESNET/libyang/cmocka/build/CMakeFiles/CMakeTmp'


    Feature record: C_FEATURE:1c_function_prototypes
    Feature record: C_FEATURE:1c_restrict
    Feature record: C_FEATURE:1c_static_assert
    Feature record: C_FEATURE:1c_variadic_macros


Detecting C [-std=c99] compiler features compiled with the following output:
Change Dir: /home/travis/build/CESNET/libyang/cmocka/build/CMakeFiles/CMakeTmp

Run Build Command:"/usr/bin/make" "cmTC_7ac75/fast"
/usr/bin/make -f CMakeFiles/cmTC_7ac75.dir/build.make CMakeFiles/cmTC_7ac75.dir/build
make[1]: Entering directory '/home/travis/build/CESNET/libyang/cmocka/build/CMakeFiles/CMakeTmp'
Building C object CMakeFiles/cmTC_7ac75.dir/feature_tests.c.o
/usr/bin/gcc   -fPIE   -std=c99 -o CMakeFiles/cmTC_7ac75.dir/feature_tests.c.o   -c /home/travis/build/CESNET/libyang/cmocka/build/CMakeFiles/feature_tests.c
Linking C executable cmTC_7ac75
/usr/local/cmake-3.12.4/bin/cmake -E cmake_link_script CMakeFiles/cmTC_7ac75.dir/link.txt --verbose=1
/usr/bin/gcc      CMakeFiles/cmTC_7ac75.dir/feature_tests.c.o  -o cmTC_7ac75 
make[1]: Leaving directory '/home/travis/build/CESNET/libyang/cmocka/build/CMakeFiles/CMakeTmp'


    Feature record: C_FEATURE:1c_function_prototypes
    Feature record: C_FEATURE:1c_restrict
    Feature record: C_FEATURE:0c_static_assert
    Feature record: C_FEATURE:1c_variadic_macros


Detecting C [-std=c90] compiler features compiled with the following output:
Change Dir: /home/travis/build/CESNET/libyang/cmocka/build/CMakeFiles/CMakeTmp

Run Build Command:"/usr/bin/make" "cmTC_713b0/fast"
/usr/bin/make -f CMakeFiles/cmTC_713b0.dir/build.make CMakeFiles/cmTC_713b0.dir/build
make[1]: Entering directory '/home/travis/build/CESNET/libyang/cmocka/build/CMakeFiles/CMakeTmp'
Building C object CMakeFiles/cmTC_713b0.dir/feature_tests.c.o
/usr/bin/gcc   -fPIE   -std=c90 -o CMakeFiles/cmTC_713b0.dir/feature_tests.c.o   -c /home/travis/build/CESNET/libyang/cmocka/build/CMakeFiles/feature_tests.c
Linking C executable cmTC_713b0
/usr/local/cmake-3.12.4/bin/cmake -E cmake_link_script CMakeFiles/cmTC_713b0.dir/link.txt --verbose=1
/usr/bin/gcc      CMakeFiles/cmTC_713b0.dir/feature_tests.c.o  -o cmTC_713b0 
make[1]: Leaving directory '/home/travis/build/CESNET/libyang/cmocka/build/CMakeFiles/CMakeTmp'


    Feature record: C_FEATURE:1c_function_prototypes
    Feature record: C_FEATURE:0c_restrict
    Feature record: C_FEATURE:0c_static_assert
    Feature record: C_FEATURE:0c_variadic_macros
Performing C SOURCE FILE Test REQUIRED_FLAGS_WERROR succeeded with the following output:
Change Dir: /home/travis/build/CESNET/libyang/cmocka/build/CMakeFiles/CMakeTmp

Run Build Command:"/usr/bin/make" "cmTC_3f890/fast"
/usr/bin/make -f CMakeFiles/cmTC_3f890.dir/build.make CMakeFiles/cmTC_3f890.dir/build
make[1]: Entering directory '/home/travis/build/CESNET/libyang/cmocka/build/CMakeFiles/CMakeTmp'
Building C object CMakeFiles/cmTC_3f890.dir/src.c.o
/usr/bin/gcc   -DREQUIRED_FLAGS_WERROR -fPIE   -Werror -o CMakeFiles/cmTC_3f890.dir/src.c.o   -c /home/travis/build/CESNET/libyang/cmocka/build/CMakeFiles/CMakeTmp/src.c
Linking C executable cmTC_3f890
/usr/local/cmake-3.12.4/bin/cmake -E cmake_link_script CMakeFiles/cmTC_3f890.dir/link.txt --verbose=1
/usr/bin/gcc  -DREQUIRED_FLAGS_WERROR    CMakeFiles/cmTC_3f890.dir/src.c.o  -o cmTC_3f890 
make[1]: Leaving directory '/home/travis/build/CESNET/libyang/cmocka/build/CMakeFiles/CMakeTmp'

Source file was:
int main(void) { return 0; }
Performing C SOURCE FILE Test WITH_STD_GNU99_FLAG succeeded with the following output:
Change Dir: /home/travis/build/CESNET/libyang/cmocka/build/CMakeFiles/CMakeTmp

Run Build Command:"/usr/bin/make" "cmTC_26b5f/fast"
/usr/bin/make -f CMakeFiles/cmTC_26b5f.dir/build.make CMakeFiles/cmTC_26b5f.dir/build
make[1]: Entering directory '/home/travis/build/CESNET/libyang/cmocka/build/CMakeFiles/CMakeTmp'
Building C object CMakeFiles/cmTC_26b5f.dir/src.c.o
/usr/bin/gcc   -DWITH_STD_GNU99_FLAG -Werror -fPIE   -std=gnu99 -o CMakeFiles/cmTC_26b5f.dir/src.c.o   -c /home/travis/build/CESNET/libyang/cmocka/build/CMakeFiles/CMakeTmp/src.c
Linking C executable cmTC_26b5f
/usr/local/cmake-3.12.4/bin/cmake -E cmake_link_script CMakeFiles/cmTC_26b5f.dir/link.txt --verbose=1
/usr/bin/gcc  -DWITH_STD_GNU99_FLAG -Werror    CMakeFiles/cmTC_26b5f.dir/src.c.o  -o cmTC_26b5f 
make[1]: Leaving directory '/home/travis/build/CESNET/libyang/cmocka/build/CMakeFiles/CMakeTmp'

Source file was:
int main(void) { return 0; }
Performing C SOURCE FILE Test WITH_WPEDANTIC_FLAG succeeded with the following output:
Change Dir: /home/travis/build/CESNET/libyang/cmocka/build/CMakeFiles/CMakeTmp

Run Build Command:"/usr/bin/make" "cmTC_49c03/fast"
/usr/bin/make -f CMakeFiles/cmTC_49c03.dir/build.make CMakeFiles/cmTC_49c03.dir/build
make[1]: Entering directory '/home/travis/build/CESNET/libyang/cmocka/build/CMakeFiles/CMakeTmp'
Building C object CMakeFiles/cmTC_49c03.dir/src.c.o
/usr/bin/gcc   -DWITH_WPEDANTIC_FLAG -Werror -fPIE   -Wpedantic -o CMakeFiles/cmTC_49c03.dir/src.c.o   -c /home/travis/build/CESNET/libyang/cmocka/build/CMakeFiles/CMakeTmp/src.c
Linking C executable cmTC_49c03
/usr/local/cmake-3.12.4/bin/cmake -E cmake_link_script CMakeFiles/cmTC_49c03.dir/link.txt --verbose=1
/usr/bin/gcc  -DWITH_WPEDANTIC_FLAG -Werror    CMakeFiles/cmTC_49c03.dir/src.c.o  -o cmTC_49c03 
make[1]: Leaving directory '/home/travis/build/CESNET/libyang/cmocka/build/CMakeFiles/CMakeTmp'

Source file was:
int main(void) { return 0; }
Performing C SOURCE FILE Test WITH_WALL_FLAG succeeded with the following output:
Change Dir: /home/travis/build/CESNET/libyang/cmocka/build/CMakeFiles/CMakeTmp

Run Build Command:"/usr/bin/make" "cmTC_de904/fast"
/usr/bin/make -f CMakeFiles/cmTC_de904.dir/build.make CMakeFiles/cmTC_de904.dir/build
make[1]: Entering directory '/home/travis/build/CESNET/libyang/cmocka/build/CMakeFiles/CMakeTmp'
Building C object CMakeFiles/cmTC_de904.dir/src.c.o
/usr/bin/gcc   -DWITH_WALL_FLAG -Werror -fPIE   -Wall -o CMakeFiles/cmTC_de904.dir/src.c.o   -c /home/travis/build/CESNET/libyang/cmocka/build/CMakeFiles/CMakeTmp/src.c
Linking C executable cmTC_de904
/usr/local/cmake-3.12.4/bin/cmake -E cmake_link_script CMakeFiles/cmTC_de904.dir/link.txt --verbose=1
/usr/bin/gcc  -DWITH_WALL_FLAG -Werror    CMakeFiles/cmTC_de904.dir/src.c.o  -o cmTC_de904 
make[1]: Leaving directory '/home/travis/build/CESNET/libyang/cmocka/build/CMakeFiles/CMakeTmp'

Source file was:
int main(void) { return 0; }
Performing C SOURCE FILE Test WITH_WSHADOW_FLAG succeeded with the following output:
Change Dir: /home/travis/build/CESNET/libyang/cmocka/build/CMakeFiles/CMakeTmp

Run Build Command:"/usr/bin/make" "cmTC_e5471/fast"
/usr/bin/make -f CMakeFiles/cmTC_e5471.dir/build.make CMakeFiles/cmTC_e5471.dir/build
make[1]: Entering directory '/home/travis/build/CESNET/libyang/cmocka/build/CMakeFiles/CMakeTmp'
Building C object CMakeFiles/cmTC_e5471.dir/src.c.o
/usr/bin/gcc   -DWITH_WSHADOW_FLAG -Werror -fPIE   -Wshadow -o CMakeFiles/cmTC_e5471.dir/src.c.o   -c /home/travis/build/CESNET/libyang/cmocka/build/CMakeFiles/CMakeTmp/src.c
Linking C executable cmTC_e5471
/usr/local/cmake-3.12.4/bin/cmake -E cmake_link_script CMakeFiles/cmTC_e5471.dir/link.txt --verbose=1
/usr/bin/gcc  -DWITH_WSHADOW_FLAG -Werror    CMakeFiles/cmTC_e5471.dir/src.c.o  -o cmTC_e5471 
make[1]: Leaving directory '/home/travis/build/CESNET/libyang/cmocka/build/CMakeFiles/CMakeTmp'

Source file was:
int main(void) { return 0; }
Performing C SOURCE FILE Test WITH_WMISSING_PROTOTYPES_FLAG succeeded with the following output:
Change Dir: /home/travis/build/CESNET/libyang/cmocka/build/CMakeFiles/CMakeTmp

Run Build Command:"/usr/bin/make" "cmTC_3bcdf/fast"
/usr/bin/make -f CMakeFiles/cmTC_3bcdf.dir/build.make CMakeFiles/cmTC_3bcdf.dir/build
make[1]: Entering directory '/home/travis/build/CESNET/libyang/cmocka/build/CMakeFiles/CMakeTmp'
Building C object CMakeFiles/cmTC_3bcdf.dir/src.c.o
/usr/bin/gcc   -DWITH_WMISSING_PROTOTYPES_FLAG -Werror -fPIE   -Wmissing-prototypes -o CMakeFiles/cmTC_3bcdf.dir/src.c.o   -c /home/travis/build/CESNET/libyang/cmocka/build/CMakeFiles/CMakeTmp/src.c
Linking C executable cmTC_3bcdf
/usr/local/cmake-3.12.4/bin/cmake -E cmake_link_script CMakeFiles/cmTC_3bcdf.dir/link.txt --verbose=1
/usr/bin/gcc  -DWITH_WMISSING_PROTOTYPES_FLAG -Werror    CMakeFiles/cmTC_3bcdf.dir/src.c.o  -o cmTC_3bcdf 
make[1]: Leaving directory '/home/travis/build/CESNET/libyang/cmocka/build/CMakeFiles/CMakeTmp'

Source file was:
int main(void) { return 0; }
Performing C SOURCE FILE Test WITH_WCAST_ALIGN_FLAG succeeded with the following output:
Change Dir: /home/travis/build/CESNET/libyang/cmocka/build/CMakeFiles/CMakeTmp

Run Build Command:"/usr/bin/make" "cmTC_89604/fast"
/usr/bin/make -f CMakeFiles/cmTC_89604.dir/build.make CMakeFiles/cmTC_89604.dir/build
make[1]: Entering directory '/home/travis/build/CESNET/libyang/cmocka/build/CMakeFiles/CMakeTmp'
Building C object CMakeFiles/cmTC_89604.dir/src.c.o
/usr/bin/gcc   -DWITH_WCAST_ALIGN_FLAG -Werror -fPIE   -Wcast-align -o CMakeFiles/cmTC_89604.dir/src.c.o   -c /home/travis/build/CESNET/libyang/cmocka/build/CMakeFiles/CMakeTmp/src.c
Linking C executable cmTC_89604
/usr/local/cmake-3.12.4/bin/cmake -E cmake_link_script CMakeFiles/cmTC_89604.dir/link.txt --verbose=1
/usr/bin/gcc  -DWITH_WCAST_ALIGN_FLAG -Werror    CMakeFiles/cmTC_89604.dir/src.c.o  -o cmTC_89604 
make[1]: Leaving directory '/home/travis/build/CESNET/libyang/cmocka/build/CMakeFiles/CMakeTmp'

Source file was:
int main(void) { return 0; }
Performing C SOURCE FILE Test WITH_WERROR_ADDRESS_FLAG succeeded with the following output:
Change Dir: /home/travis/build/CESNET/libyang/cmocka/build/CMakeFiles/CMakeTmp

Run Build Command:"/usr/bin/make" "cmTC_69198/fast"
/usr/bin/make -f CMakeFiles/cmTC_69198.dir/build.make CMakeFiles/cmTC_69198.dir/build
make[1]: Entering directory '/home/travis/build/CESNET/libyang/cmocka/build/CMakeFiles/CMakeTmp'
Building C object CMakeFiles/cmTC_69198.dir/src.c.o
/usr/bin/gcc   -DWITH_WERROR_ADDRESS_FLAG -Werror -fPIE   -Werror=address -o CMakeFiles/cmTC_69198.dir/src.c.o   -c /home/travis/build/CESNET/libyang/cmocka/build/CMakeFiles/CMakeTmp/src.c
Linking C executable cmTC_69198
/usr/local/cmake-3.12.4/bin/cmake -E cmake_link_script CMakeFiles/cmTC_69198.dir/link.txt --verbose=1
/usr/bin/gcc  -DWITH_WERROR_ADDRESS_FLAG -Werror    CMakeFiles/cmTC_69198.dir/src.c.o  -o cmTC_69198 
make[1]: Leaving directory '/home/travis/build/CESNET/libyang/cmocka/build/CMakeFiles/CMakeTmp'

Source file was:
int main(void) { return 0; }
Performing C SOURCE FILE Test WITH_WSTRICT_PROTOTYPES_FLAG succeeded with the following output:
Change Dir: /home/travis/build/CESNET/libyang/cmocka/build/CMakeFiles/CMakeTmp

Run Build Command:"/usr/bin/make" "cmTC_d02b6/fast"
/usr/bin/make -f CMakeFiles/cmTC_d02b6.dir/build.make CMakeFiles/cmTC_d02b6.dir/build
make[1]: Entering directory '/home/travis/build/CESNET/libyang/cmocka/build/CMakeFiles/CMakeTmp'
Building C object CMakeFiles/cmTC_d02b6.dir/src.c.o
/usr/bin/gcc   -DWITH_WSTRICT_PROTOTYPES_FLAG -Werror -fPIE   -Wstrict-prototypes -o CMakeFiles/cmTC_d02b6.dir/src.c.o   -c /home/travis/build/CESNET/libyang/cmocka/build/CMakeFiles/CMakeTmp/src.c
Linking C executable cmTC_d02b6
/usr/local/cmake-3.12.4/bin/cmake -E cmake_link_script CMakeFiles/cmTC_d02b6.dir/link.txt --verbose=1
/usr/bin/gcc  -DWITH_WSTRICT_PROTOTYPES_FLAG -Werror    CMakeFiles/cmTC_d02b6.dir/src.c.o  -o cmTC_d02b6 
make[1]: Leaving directory '/home/travis/build/CESNET/libyang/cmocka/build/CMakeFiles/CMakeTmp'

Source file was:
int main(void) { return 0; }
Performing C SOURCE FILE Test WITH_WERROR_STRICT_PROTOTYPES_FLAG succeeded with the following output:
Change Dir: /home/travis/build/CESNET/libyang/cmocka/build/CMakeFiles/CMakeTmp

Run Build Command:"/usr/bin/make" "cmTC_c1f3c/fast"
/usr/bin/make -f CMakeFiles/cmTC_c1f3c.dir/build.make CMakeFiles/cmTC_c1f3c.dir/build
make[1]: Entering directory '/home/travis/build/CESNET/libyang/cmocka/build/CMakeFiles/CMakeTmp'
Building C object CMakeFiles/cmTC_c1f3c.dir/src.c.o
/usr/bin/gcc   -DWITH_WERROR_STRICT_PROTOTYPES_FLAG -Werror -fPIE   -Werror=strict-prototypes -o CMakeFiles/cmTC_c1f3c.dir/src.c.o   -c /home/travis/build/CESNET/libyang/cmocka/build/CMakeFiles/CMakeTmp/src.c
Linking C executable cmTC_c1f3c
/usr/local/cmake-3.12.4/bin/cmake -E cmake_link_script CMakeFiles/cmTC_c1f3c.dir/link.txt --verbose=1
/usr/bin/gcc  -DWITH_WERROR_STRICT_PROTOTYPES_FLAG -Werror    CMakeFiles/cmTC_c1f3c.dir/src.c.o  -o cmTC_c1f3c 
make[1]: Leaving directory '/home/travis/build/CESNET/libyang/cmocka/build/CMakeFiles/CMakeTmp'

Source file was:
int main(void) { return 0; }
Performing C SOURCE FILE Test WITH_WWRITE_STRINGS_FLAG succeeded with the following output:
Change Dir: /home/travis/build/CESNET/libyang/cmocka/build/CMakeFiles/CMakeTmp

Run Build Command:"/usr/bin/make" "cmTC_b5364/fast"
/usr/bin/make -f CMakeFiles/cmTC_b5364.dir/build.make CMakeFiles/cmTC_b5364.dir/build
make[1]: Entering directory '/home/travis/build/CESNET/libyang/cmocka/build/CMakeFiles/CMakeTmp'
Building C object CMakeFiles/cmTC_b5364.dir/src.c.o
/usr/bin/gcc   -DWITH_WWRITE_STRINGS_FLAG -Werror -fPIE   -Wwrite-strings -o CMakeFiles/cmTC_b5364.dir/src.c.o   -c /home/travis/build/CESNET/libyang/cmocka/build/CMakeFiles/CMakeTmp/src.c
Linking C executable cmTC_b5364
/usr/local/cmake-3.12.4/bin/cmake -E cmake_link_script CMakeFiles/cmTC_b5364.dir/link.txt --verbose=1
/usr/bin/gcc  -DWITH_WWRITE_STRINGS_FLAG -Werror    CMakeFiles/cmTC_b5364.dir/src.c.o  -o cmTC_b5364 
make[1]: Leaving directory '/home/travis/build/CESNET/libyang/cmocka/build/CMakeFiles/CMakeTmp'

Source file was:
int main(void) { return 0; }
Performing C SOURCE FILE Test WITH_WERROR_WRITE_STRINGS_FLAG succeeded with the following output:
Change Dir: /home/travis/build/CESNET/libyang/cmocka/build/CMakeFiles/CMakeTmp

Run Build Command:"/usr/bin/make" "cmTC_7a154/fast"
/usr/bin/make -f CMakeFiles/cmTC_7a154.dir/build.make CMakeFiles/cmTC_7a154.dir/build
make[1]: Entering directory '/home/travis/build/CESNET/libyang/cmocka/build/CMakeFiles/CMakeTmp'
Building C object CMakeFiles/cmTC_7a154.dir/src.c.o
/usr/bin/gcc   -DWITH_WERROR_WRITE_STRINGS_FLAG -Werror -fPIE   -Werror=write-strings -o CMakeFiles/cmTC_7a154.dir/src.c.o   -c /home/travis/build/CESNET/libyang/cmocka/build/CMakeFiles/CMakeTmp/src.c
Linking C executable cmTC_7a154
/usr/local/cmake-3.12.4/bin/cmake -E cmake_link_script CMakeFiles/cmTC_7a154.dir/link.txt --verbose=1
/usr/bin/gcc  -DWITH_WERROR_WRITE_STRINGS_FLAG -Werror    CMakeFiles/cmTC_7a154.dir/src.c.o  -o cmTC_7a154 
make[1]: Leaving directory '/home/travis/build/CESNET/libyang/cmocka/build/CMakeFiles/CMakeTmp'

Source file was:
int main(void) { return 0; }
Performing C SOURCE FILE Test WITH_WERROR_IMPLICIT_FUNCTION_DECLARATION_FLAG succeeded with the following output:
Change Dir: /home/travis/build/CESNET/libyang/cmocka/build/CMakeFiles/CMakeTmp

Run Build Command:"/usr/bin/make" "cmTC_b00a8/fast"
/usr/bin/make -f CMakeFiles/cmTC_b00a8.dir/build.make CMakeFiles/cmTC_b00a8.dir/build
make[1]: Entering directory '/home/travis/build/CESNET/libyang/cmocka/build/CMakeFiles/CMakeTmp'
Building C object CMakeFiles/cmTC_b00a8.dir/src.c.o
/usr/bin/gcc   -DWITH_WERROR_IMPLICIT_FUNCTION_DECLARATION_FLAG -Werror -fPIE   -Werror-implicit-function-declaration -o CMakeFiles/cmTC_b00a8.dir/src.c.o   -c /home/travis/build/CESNET/libyang/cmocka/build/CMakeFiles/CMakeTmp/src.c
Linking C executable cmTC_b00a8
/usr/local/cmake-3.12.4/bin/cmake -E cmake_link_script CMakeFiles/cmTC_b00a8.dir/link.txt --verbose=1
/usr/bin/gcc  -DWITH_WERROR_IMPLICIT_FUNCTION_DECLARATION_FLAG -Werror    CMakeFiles/cmTC_b00a8.dir/src.c.o  -o cmTC_b00a8 
make[1]: Leaving directory '/home/travis/build/CESNET/libyang/cmocka/build/CMakeFiles/CMakeTmp'

Source file was:
int main(void) { return 0; }
Performing C SOURCE FILE Test WITH_WPOINTER_ARITH_FLAG succeeded with the following output:
Change Dir: /home/travis/build/CESNET/libyang/cmocka/build/CMakeFiles/CMakeTmp

Run Build Command:"/usr/bin/make" "cmTC_0e941/fast"
/usr/bin/make -f CMakeFiles/cmTC_0e941.dir/build.make CMakeFiles/cmTC_0e941.dir/build
make[1]: Entering directory '/home/travis/build/CESNET/libyang/cmocka/build/CMakeFiles/CMakeTmp'
Building C object CMakeFiles/cmTC_0e941.dir/src.c.o
/usr/bin/gcc   -DWITH_WPOINTER_ARITH_FLAG -Werror -fPIE   -Wpointer-arith -o CMakeFiles/cmTC_0e941.dir/src.c.o   -c /home/travis/build/CESNET/libyang/cmocka/build/CMakeFiles/CMakeTmp/src.c
Linking C executable cmTC_0e941
/usr/local/cmake-3.12.4/bin/cmake -E cmake_link_script CMakeFiles/cmTC_0e941.dir/link.txt --verbose=1
/usr/bin/gcc  -DWITH_WPOINTER_ARITH_FLAG -Werror    CMakeFiles/cmTC_0e941.dir/src.c.o  -o cmTC_0e941 
make[1]: Leaving directory '/home/travis/build/CESNET/libyang/cmocka/build/CMakeFiles/CMakeTmp'

Source file was:
int main(void) { return 0; }
Performing C SOURCE FILE Test WITH_WERROR_POINTER_ARITH_FLAG succeeded with the following output:
Change Dir: /home/travis/build/CESNET/libyang/cmocka/build/CMakeFiles/CMakeTmp

Run Build Command:"/usr/bin/make" "cmTC_b0128/fast"
/usr/bin/make -f CMakeFiles/cmTC_b0128.dir/build.make CMakeFiles/cmTC_b0128.dir/build
make[1]: Entering directory '/home/travis/build/CESNET/libyang/cmocka/build/CMakeFiles/CMakeTmp'
Building C object CMakeFiles/cmTC_b0128.dir/src.c.o
/usr/bin/gcc   -DWITH_WERROR_POINTER_ARITH_FLAG -Werror -fPIE   -Werror=pointer-arith -o CMakeFiles/cmTC_b0128.dir/src.c.o   -c /home/travis/build/CESNET/libyang/cmocka/build/CMakeFiles/CMakeTmp/src.c
Linking C executable cmTC_b0128
/usr/local/cmake-3.12.4/bin/cmake -E cmake_link_script CMakeFiles/cmTC_b0128.dir/link.txt --verbose=1
/usr/bin/gcc  -DWITH_WERROR_POINTER_ARITH_FLAG -Werror    CMakeFiles/cmTC_b0128.dir/src.c.o  -o cmTC_b0128 
make[1]: Leaving directory '/home/travis/build/CESNET/libyang/cmocka/build/CMakeFiles/CMakeTmp'

Source file was:
int main(void) { return 0; }
Performing C SOURCE FILE Test WITH_WDECLARATION_AFTER_STATEMENT_FLAG succeeded with the following output:
Change Dir: /home/travis/build/CESNET/libyang/cmocka/build/CMakeFiles/CMakeTmp

Run Build Command:"/usr/bin/make" "cmTC_6055e/fast"
/usr/bin/make -f CMakeFiles/cmTC_6055e.dir/build.make CMakeFiles/cmTC_6055e.dir/build
make[1]: Entering directory '/home/travis/build/CESNET/libyang/cmocka/build/CMakeFiles/CMakeTmp'
Building C object CMakeFiles/cmTC_6055e.dir/src.c.o
/usr/bin/gcc   -DWITH_WDECLARATION_AFTER_STATEMENT_FLAG -Werror -fPIE   -Wdeclaration-after-statement -o CMakeFiles/cmTC_6055e.dir/src.c.o   -c /home/travis/build/CESNET/libyang/cmocka/build/CMakeFiles/CMakeTmp/src.c
Linking C executable cmTC_6055e
/usr/local/cmake-3.12.4/bin/cmake -E cmake_link_script CMakeFiles/cmTC_6055e.dir/link.txt --verbose=1
/usr/bin/gcc  -DWITH_WDECLARATION_AFTER_STATEMENT_FLAG -Werror    CMakeFiles/cmTC_6055e.dir/src.c.o  -o cmTC_6055e 
make[1]: Leaving directory '/home/travis/build/CESNET/libyang/cmocka/build/CMakeFiles/CMakeTmp'

Source file was:
int main(void) { return 0; }
Performing C SOURCE FILE Test WITH_WERROR_DECLARATION_AFTER_STATEMENT_FLAG succeeded with the following output:
Change Dir: /home/travis/build/CESNET/libyang/cmocka/build/CMakeFiles/CMakeTmp

Run Build Command:"/usr/bin/make" "cmTC_d140d/fast"
/usr/bin/make -f CMakeFiles/cmTC_d140d.dir/build.make CMakeFiles/cmTC_d140d.dir/build
make[1]: Entering directory '/home/travis/build/CESNET/libyang/cmocka/build/CMakeFiles/CMakeTmp'
Building C object CMakeFiles/cmTC_d140d.dir/src.c.o
/usr/bin/gcc   -DWITH_WERROR_DECLARATION_AFTER_STATEMENT_FLAG -Werror -fPIE   -Werror=declaration-after-statement -o CMakeFiles/cmTC_d140d.dir/src.c.o   -c /home/travis/build/CESNET/libyang/cmocka/build/CMakeFiles/CMakeTmp/src.c
Linking C executable cmTC_d140d
/usr/local/cmake-3.12.4/bin/cmake -E cmake_link_script CMakeFiles/cmTC_d140d.dir/link.txt --verbose=1
/usr/bin/gcc  -DWITH_WERROR_DECLARATION_AFTER_STATEMENT_FLAG -Werror    CMakeFiles/cmTC_d140d.dir/src.c.o  -o cmTC_d140d 
make[1]: Leaving directory '/home/travis/build/CESNET/libyang/cmocka/build/CMakeFiles/CMakeTmp'

Source file was:
int main(void) { return 0; }
Performing C SOURCE FILE Test WITH_WRETURN_TYPE_FLAG succeeded with the following output:
Change Dir: /home/travis/build/CESNET/libyang/cmocka/build/CMakeFiles/CMakeTmp

Run Build Command:"/usr/bin/make" "cmTC_0da4d/fast"
/usr/bin/make -f CMakeFiles/cmTC_0da4d.dir/build.make CMakeFiles/cmTC_0da4d.dir/build
make[1]: Entering directory '/home/travis/build/CESNET/libyang/cmocka/build/CMakeFiles/CMakeTmp'
Building C object CMakeFiles/cmTC_0da4d.dir/src.c.o
/usr/bin/gcc   -DWITH_WRETURN_TYPE_FLAG -Werror -fPIE   -Wreturn-type -o CMakeFiles/cmTC_0da4d.dir/src.c.o   -c /home/travis/build/CESNET/libyang/cmocka/build/CMakeFiles/CMakeTmp/src.c
Linking C executable cmTC_0da4d
/usr/local/cmake-3.12.4/bin/cmake -E cmake_link_script CMakeFiles/cmTC_0da4d.dir/link.txt --verbose=1
/usr/bin/gcc  -DWITH_WRETURN_TYPE_FLAG -Werror    CMakeFiles/cmTC_0da4d.dir/src.c.o  -o cmTC_0da4d 
make[1]: Leaving directory '/home/travis/build/CESNET/libyang/cmocka/build/CMakeFiles/CMakeTmp'

Source file was:
int main(void) { return 0; }
Performing C SOURCE FILE Test WITH_WERROR_RETURN_TYPE_FLAG succeeded with the following output:
Change Dir: /home/travis/build/CESNET/libyang/cmocka/build/CMakeFiles/CMakeTmp

Run Build Command:"/usr/bin/make" "cmTC_6c789/fast"
/usr/bin/make -f CMakeFiles/cmTC_6c789.dir/build.make CMakeFiles/cmTC_6c789.dir/build
make[1]: Entering directory '/home/travis/build/CESNET/libyang/cmocka/build/CMakeFiles/CMakeTmp'
Building C object CMakeFiles/cmTC_6c789.dir/src.c.o
/usr/bin/gcc   -DWITH_WERROR_RETURN_TYPE_FLAG -Werror -fPIE   -Werror=return-type -o CMakeFiles/cmTC_6c789.dir/src.c.o   -c /home/travis/build/CESNET/libyang/cmocka/build/CMakeFiles/CMakeTmp/src.c
Linking C executable cmTC_6c789
/usr/local/cmake-3.12.4/bin/cmake -E cmake_link_script CMakeFiles/cmTC_6c789.dir/link.txt --verbose=1
/usr/bin/gcc  -DWITH_WERROR_RETURN_TYPE_FLAG -Werror    CMakeFiles/cmTC_6c789.dir/src.c.o  -o cmTC_6c789 
make[1]: Leaving directory '/home/travis/build/CESNET/libyang/cmocka/build/CMakeFiles/CMakeTmp'

Source file was:
int main(void) { return 0; }
Performing C SOURCE FILE Test WITH_WUNINITIALIZED_FLAG succeeded with the following output:
Change Dir: /home/travis/build/CESNET/libyang/cmocka/build/CMakeFiles/CMakeTmp

Run Build Command:"/usr/bin/make" "cmTC_8193b/fast"
/usr/bin/make -f CMakeFiles/cmTC_8193b.dir/build.make CMakeFiles/cmTC_8193b.dir/build
make[1]: Entering directory '/home/travis/build/CESNET/libyang/cmocka/build/CMakeFiles/CMakeTmp'
Building C object CMakeFiles/cmTC_8193b.dir/src.c.o
/usr/bin/gcc   -DWITH_WUNINITIALIZED_FLAG -Werror -fPIE   -Wuninitialized -o CMakeFiles/cmTC_8193b.dir/src.c.o   -c /home/travis/build/CESNET/libyang/cmocka/build/CMakeFiles/CMakeTmp/src.c
Linking C executable cmTC_8193b
/usr/local/cmake-3.12.4/bin/cmake -E cmake_link_script CMakeFiles/cmTC_8193b.dir/link.txt --verbose=1
/usr/bin/gcc  -DWITH_WUNINITIALIZED_FLAG -Werror    CMakeFiles/cmTC_8193b.dir/src.c.o  -o cmTC_8193b 
make[1]: Leaving directory '/home/travis/build/CESNET/libyang/cmocka/build/CMakeFiles/CMakeTmp'

Source file was:
int main(void) { return 0; }
Performing C SOURCE FILE Test WITH_WERROR_UNINITIALIZED_FLAG succeeded with the following output:
Change Dir: /home/travis/build/CESNET/libyang/cmocka/build/CMakeFiles/CMakeTmp

Run Build Command:"/usr/bin/make" "cmTC_5e1d4/fast"
/usr/bin/make -f CMakeFiles/cmTC_5e1d4.dir/build.make CMakeFiles/cmTC_5e1d4.dir/build
make[1]: Entering directory '/home/travis/build/CESNET/libyang/cmocka/build/CMakeFiles/CMakeTmp'
Building C object CMakeFiles/cmTC_5e1d4.dir/src.c.o
/usr/bin/gcc   -DWITH_WERROR_UNINITIALIZED_FLAG -Werror -fPIE   -Werror=uninitialized -o CMakeFiles/cmTC_5e1d4.dir/src.c.o   -c /home/travis/build/CESNET/libyang/cmocka/build/CMakeFiles/CMakeTmp/src.c
Linking C executable cmTC_5e1d4
/usr/local/cmake-3.12.4/bin/cmake -E cmake_link_script CMakeFiles/cmTC_5e1d4.dir/link.txt --verbose=1
/usr/bin/gcc  -DWITH_WERROR_UNINITIALIZED_FLAG -Werror    CMakeFiles/cmTC_5e1d4.dir/src.c.o  -o cmTC_5e1d4 
make[1]: Leaving directory '/home/travis/build/CESNET/libyang/cmocka/build/CMakeFiles/CMakeTmp'

Source file was:
int main(void) { return 0; }
Performing C SOURCE FILE Test WITH_WIMPLICIT_FALLTHROUGH_FLAG succeeded with the following output:
Change Dir: /home/travis/build/CESNET/libyang/cmocka/build/CMakeFiles/CMakeTmp

Run Build Command:"/usr/bin/make" "cmTC_34faf/fast"
/usr/bin/make -f CMakeFiles/cmTC_34faf.dir/build.make CMakeFiles/cmTC_34faf.dir/build
make[1]: Entering directory '/home/travis/build/CESNET/libyang/cmocka/build/CMakeFiles/CMakeTmp'
Building C object CMakeFiles/cmTC_34faf.dir/src.c.o
/usr/bin/gcc   -DWITH_WIMPLICIT_FALLTHROUGH_FLAG -Werror -fPIE   -Wimplicit-fallthrough -o CMakeFiles/cmTC_34faf.dir/src.c.o   -c /home/travis/build/CESNET/libyang/cmocka/build/CMakeFiles/CMakeTmp/src.c
Linking C executable cmTC_34faf
/usr/local/cmake-3.12.4/bin/cmake -E cmake_link_script CMakeFiles/cmTC_34faf.dir/link.txt --verbose=1
/usr/bin/gcc  -DWITH_WIMPLICIT_FALLTHROUGH_FLAG -Werror    CMakeFiles/cmTC_34faf.dir/src.c.o  -o cmTC_34faf 
make[1]: Leaving directory '/home/travis/build/CESNET/libyang/cmocka/build/CMakeFiles/CMakeTmp'

Source file was:
int main(void) { return 0; }
Performing C SOURCE FILE Test WITH_WERROR_STRICT_OVERFLOW_FLAG succeeded with the following output:
Change Dir: /home/travis/build/CESNET/libyang/cmocka/build/CMakeFiles/CMakeTmp

Run Build Command:"/usr/bin/make" "cmTC_e1f28/fast"
/usr/bin/make -f CMakeFiles/cmTC_e1f28.dir/build.make CMakeFiles/cmTC_e1f28.dir/build
make[1]: Entering directory '/home/travis/build/CESNET/libyang/cmocka/build/CMakeFiles/CMakeTmp'
Building C object CMakeFiles/cmTC_e1f28.dir/src.c.o
/usr/bin/gcc   -DWITH_WERROR_STRICT_OVERFLOW_FLAG -Werror -fPIE   -Werror=strict-overflow -o CMakeFiles/cmTC_e1f28.dir/src.c.o   -c /home/travis/build/CESNET/libyang/cmocka/build/CMakeFiles/CMakeTmp/src.c
Linking C executable cmTC_e1f28
/usr/local/cmake-3.12.4/bin/cmake -E cmake_link_script CMakeFiles/cmTC_e1f28.dir/link.txt --verbose=1
/usr/bin/gcc  -DWITH_WERROR_STRICT_OVERFLOW_FLAG -Werror    CMakeFiles/cmTC_e1f28.dir/src.c.o  -o cmTC_e1f28 
make[1]: Leaving directory '/home/travis/build/CESNET/libyang/cmocka/build/CMakeFiles/CMakeTmp'

Source file was:
int main(void) { return 0; }
Performing C SOURCE FILE Test WITH_WSTRICT_OVERFLOW_2_FLAG succeeded with the following output:
Change Dir: /home/travis/build/CESNET/libyang/cmocka/build/CMakeFiles/CMakeTmp

Run Build Command:"/usr/bin/make" "cmTC_d794d/fast"
/usr/bin/make -f CMakeFiles/cmTC_d794d.dir/build.make CMakeFiles/cmTC_d794d.dir/build
make[1]: Entering directory '/home/travis/build/CESNET/libyang/cmocka/build/CMakeFiles/CMakeTmp'
Building C object CMakeFiles/cmTC_d794d.dir/src.c.o
/usr/bin/gcc   -DWITH_WSTRICT_OVERFLOW_2_FLAG -Werror -fPIE   -Wstrict-overflow=2 -o CMakeFiles/cmTC_d794d.dir/src.c.o   -c /home/travis/build/CESNET/libyang/cmocka/build/CMakeFiles/CMakeTmp/src.c
Linking C executable cmTC_d794d
/usr/local/cmake-3.12.4/bin/cmake -E cmake_link_script CMakeFiles/cmTC_d794d.dir/link.txt --verbose=1
/usr/bin/gcc  -DWITH_WSTRICT_OVERFLOW_2_FLAG -Werror    CMakeFiles/cmTC_d794d.dir/src.c.o  -o cmTC_d794d 
make[1]: Leaving directory '/home/travis/build/CESNET/libyang/cmocka/build/CMakeFiles/CMakeTmp'

Source file was:
int main(void) { return 0; }
Performing C SOURCE FILE Test WITH_WNO_FORMAT_ZERO_LENGTH_FLAG succeeded with the following output:
Change Dir: /home/travis/build/CESNET/libyang/cmocka/build/CMakeFiles/CMakeTmp

Run Build Command:"/usr/bin/make" "cmTC_98f58/fast"
/usr/bin/make -f CMakeFiles/cmTC_98f58.dir/build.make CMakeFiles/cmTC_98f58.dir/build
make[1]: Entering directory '/home/travis/build/CESNET/libyang/cmocka/build/CMakeFiles/CMakeTmp'
Building C object CMakeFiles/cmTC_98f58.dir/src.c.o
/usr/bin/gcc   -DWITH_WNO_FORMAT_ZERO_LENGTH_FLAG -Werror -fPIE   -Wno-format-zero-length -o CMakeFiles/cmTC_98f58.dir/src.c.o   -c /home/travis/build/CESNET/libyang/cmocka/build/CMakeFiles/CMakeTmp/src.c
Linking C executable cmTC_98f58
/usr/local/cmake-3.12.4/bin/cmake -E cmake_link_script CMakeFiles/cmTC_98f58.dir/link.txt --verbose=1
/usr/bin/gcc  -DWITH_WNO_FORMAT_ZERO_LENGTH_FLAG -Werror    CMakeFiles/cmTC_98f58.dir/src.c.o  -o cmTC_98f58 
make[1]: Leaving directory '/home/travis/build/CESNET/libyang/cmocka/build/CMakeFiles/CMakeTmp'

Source file was:
int main(void) { return 0; }
Performing C SOURCE FILE Test WITH_WMISSING_FIELD_INITIALIZERS_FLAG succeeded with the following output:
Change Dir: /home/travis/build/CESNET/libyang/cmocka/build/CMakeFiles/CMakeTmp

Run Build Command:"/usr/bin/make" "cmTC_148ba/fast"
/usr/bin/make -f CMakeFiles/cmTC_148ba.dir/build.make CMakeFiles/cmTC_148ba.dir/build
make[1]: Entering directory '/home/travis/build/CESNET/libyang/cmocka/build/CMakeFiles/CMakeTmp'
Building C object CMakeFiles/cmTC_148ba.dir/src.c.o
/usr/bin/gcc   -DWITH_WMISSING_FIELD_INITIALIZERS_FLAG -Werror -fPIE   -Wmissing-field-initializers -o CMakeFiles/cmTC_148ba.dir/src.c.o   -c /home/travis/build/CESNET/libyang/cmocka/build/CMakeFiles/CMakeTmp/src.c
Linking C executable cmTC_148ba
/usr/local/cmake-3.12.4/bin/cmake -E cmake_link_script CMakeFiles/cmTC_148ba.dir/link.txt --verbose=1
/usr/bin/gcc  -DWITH_WMISSING_FIELD_INITIALIZERS_FLAG -Werror    CMakeFiles/cmTC_148ba.dir/src.c.o  -o cmTC_148ba 
make[1]: Leaving directory '/home/travis/build/CESNET/libyang/cmocka/build/CMakeFiles/CMakeTmp'

Source file was:
int main(void) { return 0; }
Performing C SOURCE FILE Test REQUIRED_FLAGS_WFORMAT succeeded with the following output:
Change Dir: /home/travis/build/CESNET/libyang/cmocka/build/CMakeFiles/CMakeTmp

Run Build Command:"/usr/bin/make" "cmTC_267db/fast"
/usr/bin/make -f CMakeFiles/cmTC_267db.dir/build.make CMakeFiles/cmTC_267db.dir/build
make[1]: Entering directory '/home/travis/build/CESNET/libyang/cmocka/build/CMakeFiles/CMakeTmp'
Building C object CMakeFiles/cmTC_267db.dir/src.c.o
/usr/bin/gcc   -DREQUIRED_FLAGS_WFORMAT -Werror -fPIE   -Wformat -o CMakeFiles/cmTC_267db.dir/src.c.o   -c /home/travis/build/CESNET/libyang/cmocka/build/CMakeFiles/CMakeTmp/src.c
Linking C executable cmTC_267db
/usr/local/cmake-3.12.4/bin/cmake -E cmake_link_script CMakeFiles/cmTC_267db.dir/link.txt --verbose=1
/usr/bin/gcc  -DREQUIRED_FLAGS_WFORMAT -Werror    CMakeFiles/cmTC_267db.dir/src.c.o  -o cmTC_267db 
make[1]: Leaving directory '/home/travis/build/CESNET/libyang/cmocka/build/CMakeFiles/CMakeTmp'

Source file was:
int main(void) { return 0; }
Performing C SOURCE FILE Test WITH_WFORMAT_SECURITY_FLAG succeeded with the following output:
Change Dir: /home/travis/build/CESNET/libyang/cmocka/build/CMakeFiles/CMakeTmp

Run Build Command:"/usr/bin/make" "cmTC_f730c/fast"
/usr/bin/make -f CMakeFiles/cmTC_f730c.dir/build.make CMakeFiles/cmTC_f730c.dir/build
make[1]: Entering directory '/home/travis/build/CESNET/libyang/cmocka/build/CMakeFiles/CMakeTmp'
Building C object CMakeFiles/cmTC_f730c.dir/src.c.o
/usr/bin/gcc   -DWITH_WFORMAT_SECURITY_FLAG -Werror -Wformat -fPIE   -Wformat-security -o CMakeFiles/cmTC_f730c.dir/src.c.o   -c /home/travis/build/CESNET/libyang/cmocka/build/CMakeFiles/CMakeTmp/src.c
Linking C executable cmTC_f730c
/usr/local/cmake-3.12.4/bin/cmake -E cmake_link_script CMakeFiles/cmTC_f730c.dir/link.txt --verbose=1
/usr/bin/gcc  -DWITH_WFORMAT_SECURITY_FLAG -Werror -Wformat    CMakeFiles/cmTC_f730c.dir/src.c.o  -o cmTC_f730c 
make[1]: Leaving directory '/home/travis/build/CESNET/libyang/cmocka/build/CMakeFiles/CMakeTmp'

Source file was:
int main(void) { return 0; }
Performing C SOURCE FILE Test WITH_WERROR_FORMAT_SECURITY_FLAG succeeded with the following output:
Change Dir: /home/travis/build/CESNET/libyang/cmocka/build/CMakeFiles/CMakeTmp

Run Build Command:"/usr/bin/make" "cmTC_56b93/fast"
/usr/bin/make -f CMakeFiles/cmTC_56b93.dir/build.make CMakeFiles/cmTC_56b93.dir/build
make[1]: Entering directory '/home/travis/build/CESNET/libyang/cmocka/build/CMakeFiles/CMakeTmp'
Building C object CMakeFiles/cmTC_56b93.dir/src.c.o
/usr/bin/gcc   -DWITH_WERROR_FORMAT_SECURITY_FLAG -Werror -Wformat -fPIE   -Werror=format-security -o CMakeFiles/cmTC_56b93.dir/src.c.o   -c /home/travis/build/CESNET/libyang/cmocka/build/CMakeFiles/CMakeTmp/src.c
Linking C executable cmTC_56b93
/usr/local/cmake-3.12.4/bin/cmake -E cmake_link_script CMakeFiles/cmTC_56b93.dir/link.txt --verbose=1
/usr/bin/gcc  -DWITH_WERROR_FORMAT_SECURITY_FLAG -Werror -Wformat    CMakeFiles/cmTC_56b93.dir/src.c.o  -o cmTC_56b93 
make[1]: Leaving directory '/home/travis/build/CESNET/libyang/cmocka/build/CMakeFiles/CMakeTmp'

Source file was:
int main(void) { return 0; }
Performing C SOURCE FILE Test WITH_FNO_COMMON_FLAG succeeded with the following output:
Change Dir: /home/travis/build/CESNET/libyang/cmocka/build/CMakeFiles/CMakeTmp

Run Build Command:"/usr/bin/make" "cmTC_dcdda/fast"
/usr/bin/make -f CMakeFiles/cmTC_dcdda.dir/build.make CMakeFiles/cmTC_dcdda.dir/build
make[1]: Entering directory '/home/travis/build/CESNET/libyang/cmocka/build/CMakeFiles/CMakeTmp'
Building C object CMakeFiles/cmTC_dcdda.dir/src.c.o
/usr/bin/gcc   -DWITH_FNO_COMMON_FLAG -Werror -Wformat -fPIE   -fno-common -o CMakeFiles/cmTC_dcdda.dir/src.c.o   -c /home/travis/build/CESNET/libyang/cmocka/build/CMakeFiles/CMakeTmp/src.c
Linking C executable cmTC_dcdda
/usr/local/cmake-3.12.4/bin/cmake -E cmake_link_script CMakeFiles/cmTC_dcdda.dir/link.txt --verbose=1
/usr/bin/gcc  -DWITH_FNO_COMMON_FLAG -Werror -Wformat    CMakeFiles/cmTC_dcdda.dir/src.c.o  -o cmTC_dcdda 
make[1]: Leaving directory '/home/travis/build/CESNET/libyang/cmocka/build/CMakeFiles/CMakeTmp'

Source file was:
int main(void) { return 0; }
Performing C SOURCE FILE Test WITH_STACK_PROTECTOR_STRONG succeeded with the following output:
Change Dir: /home/travis/build/CESNET/libyang/cmocka/build/CMakeFiles/CMakeTmp

Run Build Command:"/usr/bin/make" "cmTC_c3984/fast"
/usr/bin/make -f CMakeFiles/cmTC_c3984.dir/build.make CMakeFiles/cmTC_c3984.dir/build
make[1]: Entering directory '/home/travis/build/CESNET/libyang/cmocka/build/CMakeFiles/CMakeTmp'
Building C object CMakeFiles/cmTC_c3984.dir/src.c.o
/usr/bin/gcc   -DWITH_STACK_PROTECTOR_STRONG -fstack-protector-strong -fPIE   -o CMakeFiles/cmTC_c3984.dir/src.c.o   -c /home/travis/build/CESNET/libyang/cmocka/build/CMakeFiles/CMakeTmp/src.c
Linking C executable cmTC_c3984
/usr/local/cmake-3.12.4/bin/cmake -E cmake_link_script CMakeFiles/cmTC_c3984.dir/link.txt --verbose=1
/usr/bin/gcc  -DWITH_STACK_PROTECTOR_STRONG -fstack-protector-strong    CMakeFiles/cmTC_c3984.dir/src.c.o  -o cmTC_c3984 
make[1]: Leaving directory '/home/travis/build/CESNET/libyang/cmocka/build/CMakeFiles/CMakeTmp'

Source file was:
int main(int argc, char **argv) { char buffer[256]; return buffer[argc]=0;}
Performing C SOURCE FILE Test WITH_VISIBILITY_HIDDEN succeeded with the following output:
Change Dir: /home/travis/build/CESNET/libyang/cmocka/build/CMakeFiles/CMakeTmp

Run Build Command:"/usr/bin/make" "cmTC_11c20/fast"
/usr/bin/make -f CMakeFiles/cmTC_11c20.dir/build.make CMakeFiles/cmTC_11c20.dir/build
make[1]: Entering directory '/home/travis/build/CESNET/libyang/cmocka/build/CMakeFiles/CMakeTmp'
Building C object CMakeFiles/cmTC_11c20.dir/src.c.o
/usr/bin/gcc   -DWITH_VISIBILITY_HIDDEN -fPIE   -fvisibility=hidden -o CMakeFiles/cmTC_11c20.dir/src.c.o   -c /home/travis/build/CESNET/libyang/cmocka/build/CMakeFiles/CMakeTmp/src.c
Linking C executable cmTC_11c20
/usr/local/cmake-3.12.4/bin/cmake -E cmake_link_script CMakeFiles/cmTC_11c20.dir/link.txt --verbose=1
/usr/bin/gcc  -DWITH_VISIBILITY_HIDDEN    CMakeFiles/cmTC_11c20.dir/src.c.o  -o cmTC_11c20 
make[1]: Leaving directory '/home/travis/build/CESNET/libyang/cmocka/build/CMakeFiles/CMakeTmp'

Source file was:
int main(void) { return 0; }
Determining if the include file assert.h exists passed with the following output:
Change Dir: /home/travis/build/CESNET/libyang/cmocka/build/CMakeFiles/CMakeTmp

Run Build Command:"/usr/bin/make" "cmTC_10df0/fast"
/usr/bin/make -f CMakeFiles/cmTC_10df0.dir/build.make CMakeFiles/cmTC_10df0.dir/build
make[1]: Entering directory '/home/travis/build/CESNET/libyang/cmocka/build/CMakeFiles/CMakeTmp'
Building C object CMakeFiles/cmTC_10df0.dir/CheckIncludeFile.c.o
/usr/bin/gcc   -fPIE   -o CMakeFiles/cmTC_10df0.dir/CheckIncludeFile.c.o   -c /home/travis/build/CESNET/libyang/cmocka/build/CMakeFiles/CMakeTmp/CheckIncludeFile.c
Linking C executable cmTC_10df0
/usr/local/cmake-3.12.4/bin/cmake -E cmake_link_script CMakeFiles/cmTC_10df0.dir/link.txt --verbose=1
/usr/bin/gcc      CMakeFiles/cmTC_10df0.dir/CheckIncludeFile.c.o  -o cmTC_10df0 
make[1]: Leaving directory '/home/travis/build/CESNET/libyang/cmocka/build/CMakeFiles/CMakeTmp'


Determining if the include file inttypes.h exists passed with the following output:
Change Dir: /home/travis/build/CESNET/libyang/cmocka/build/CMakeFiles/CMakeTmp

Run Build Command:"/usr/bin/make" "cmTC_53468/fast"
/usr/bin/make -f CMakeFiles/cmTC_53468.dir/build.make CMakeFiles/cmTC_53468.dir/build
make[1]: Entering directory '/home/travis/build/CESNET/libyang/cmocka/build/CMakeFiles/CMakeTmp'
Building C object CMakeFiles/cmTC_53468.dir/CheckIncludeFile.c.o
/usr/bin/gcc   -fPIE   -o CMakeFiles/cmTC_53468.dir/CheckIncludeFile.c.o   -c /home/travis/build/CESNET/libyang/cmocka/build/CMakeFiles/CMakeTmp/CheckIncludeFile.c
Linking C executable cmTC_53468
/usr/local/cmake-3.12.4/bin/cmake -E cmake_link_script CMakeFiles/cmTC_53468.dir/link.txt --verbose=1
/usr/bin/gcc      CMakeFiles/cmTC_53468.dir/CheckIncludeFile.c.o  -o cmTC_53468 
make[1]: Leaving directory '/home/travis/build/CESNET/libyang/cmocka/build/CMakeFiles/CMakeTmp'


Determining if the include file malloc.h exists passed with the following output:
Change Dir: /home/travis/build/CESNET/libyang/cmocka/build/CMakeFiles/CMakeTmp

Run Build Command:"/usr/bin/make" "cmTC_5100e/fast"
/usr/bin/make -f CMakeFiles/cmTC_5100e.dir/build.make CMakeFiles/cmTC_5100e.dir/build
make[1]: Entering directory '/home/travis/build/CESNET/libyang/cmocka/build/CMakeFiles/CMakeTmp'
Building C object CMakeFiles/cmTC_5100e.dir/CheckIncludeFile.c.o
/usr/bin/gcc   -fPIE   -o CMakeFiles/cmTC_5100e.dir/CheckIncludeFile.c.o   -c /home/travis/build/CESNET/libyang/cmocka/build/CMakeFiles/CMakeTmp/CheckIncludeFile.c
Linking C executable cmTC_5100e
/usr/local/cmake-3.12.4/bin/cmake -E cmake_link_script CMakeFiles/cmTC_5100e.dir/link.txt --verbose=1
/usr/bin/gcc      CMakeFiles/cmTC_5100e.dir/CheckIncludeFile.c.o  -o cmTC_5100e 
make[1]: Leaving directory '/home/travis/build/CESNET/libyang/cmocka/build/CMakeFiles/CMakeTmp'


Determining if the include file memory.h exists passed with the following output:
Change Dir: /home/travis/build/CESNET/libyang/cmocka/build/CMakeFiles/CMakeTmp

Run Build Command:"/usr/bin/make" "cmTC_36607/fast"
/usr/bin/make -f CMakeFiles/cmTC_36607.dir/build.make CMakeFiles/cmTC_36607.dir/build
make[1]: Entering directory '/home/travis/build/CESNET/libyang/cmocka/build/CMakeFiles/CMakeTmp'
Building C object CMakeFiles/cmTC_36607.dir/CheckIncludeFile.c.o
/usr/bin/gcc   -fPIE   -o CMakeFiles/cmTC_36607.dir/CheckIncludeFile.c.o   -c /home/travis/build/CESNET/libyang/cmocka/build/CMakeFiles/CMakeTmp/CheckIncludeFile.c
Linking C executable cmTC_36607
/usr/local/cmake-3.12.4/bin/cmake -E cmake_link_script CMakeFiles/cmTC_36607.dir/link.txt --verbose=1
/usr/bin/gcc      CMakeFiles/cmTC_36607.dir/CheckIncludeFile.c.o  -o cmTC_36607 
make[1]: Leaving directory '/home/travis/build/CESNET/libyang/cmocka/build/CMakeFiles/CMakeTmp'


Determining if the include file setjmp.h exists passed with the following output:
Change Dir: /home/travis/build/CESNET/libyang/cmocka/build/CMakeFiles/CMakeTmp

Run Build Command:"/usr/bin/make" "cmTC_6e31c/fast"
/usr/bin/make -f CMakeFiles/cmTC_6e31c.dir/build.make CMakeFiles/cmTC_6e31c.dir/build
make[1]: Entering directory '/home/travis/build/CESNET/libyang/cmocka/build/CMakeFiles/CMakeTmp'
Building C object CMakeFiles/cmTC_6e31c.dir/CheckIncludeFile.c.o
/usr/bin/gcc   -fPIE   -o CMakeFiles/cmTC_6e31c.dir/CheckIncludeFile.c.o   -c /home/travis/build/CESNET/libyang/cmocka/build/CMakeFiles/CMakeTmp/CheckIncludeFile.c
Linking C executable cmTC_6e31c
/usr/local/cmake-3.12.4/bin/cmake -E cmake_link_script CMakeFiles/cmTC_6e31c.dir/link.txt --verbose=1
/usr/bin/gcc      CMakeFiles/cmTC_6e31c.dir/CheckIncludeFile.c.o  -o cmTC_6e31c 
make[1]: Leaving directory '/home/travis/build/CESNET/libyang/cmocka/build/CMakeFiles/CMakeTmp'


Determining if the include file signal.h exists passed with the following output:
Change Dir: /home/travis/build/CESNET/libyang/cmocka/build/CMakeFiles/CMakeTmp

Run Build Command:"/usr/bin/make" "cmTC_4900a/fast"
/usr/bin/make -f CMakeFiles/cmTC_4900a.dir/build.make CMakeFiles/cmTC_4900a.dir/build
make[1]: Entering directory '/home/travis/build/CESNET/libyang/cmocka/build/CMakeFiles/CMakeTmp'
Building C object CMakeFiles/cmTC_4900a.dir/CheckIncludeFile.c.o
/usr/bin/gcc   -fPIE   -o CMakeFiles/cmTC_4900a.dir/CheckIncludeFile.c.o   -c /home/travis/build/CESNET/libyang/cmocka/build/CMakeFiles/CMakeTmp/CheckIncludeFile.c
Linking C executable cmTC_4900a
/usr/local/cmake-3.12.4/bin/cmake -E cmake_link_script CMakeFiles/cmTC_4900a.dir/link.txt --verbose=1
/usr/bin/gcc      CMakeFiles/cmTC_4900a.dir/CheckIncludeFile.c.o  -o cmTC_4900a 
make[1]: Leaving directory '/home/travis/build/CESNET/libyang/cmocka/build/CMakeFiles/CMakeTmp'


Determining if the include file stdarg.h exists passed with the following output:
Change Dir: /home/travis/build/CESNET/libyang/cmocka/build/CMakeFiles/CMakeTmp

Run Build Command:"/usr/bin/make" "cmTC_661db/fast"
/usr/bin/make -f CMakeFiles/cmTC_661db.dir/build.make CMakeFiles/cmTC_661db.dir/build
make[1]: Entering directory '/home/travis/build/CESNET/libyang/cmocka/build/CMakeFiles/CMakeTmp'
Building C object CMakeFiles/cmTC_661db.dir/CheckIncludeFile.c.o
/usr/bin/gcc   -fPIE   -o CMakeFiles/cmTC_661db.dir/CheckIncludeFile.c.o   -c /home/travis/build/CESNET/libyang/cmocka/build/CMakeFiles/CMakeTmp/CheckIncludeFile.c
Linking C executable cmTC_661db
/usr/local/cmake-3.12.4/bin/cmake -E cmake_link_script CMakeFiles/cmTC_661db.dir/link.txt --verbose=1
/usr/bin/gcc      CMakeFiles/cmTC_661db.dir/CheckIncludeFile.c.o  -o cmTC_661db 
make[1]: Leaving directory '/home/travis/build/CESNET/libyang/cmocka/build/CMakeFiles/CMakeTmp'


Determining if the include file stddef.h exists passed with the following output:
Change Dir: /home/travis/build/CESNET/libyang/cmocka/build/CMakeFiles/CMakeTmp

Run Build Command:"/usr/bin/make" "cmTC_d3ab1/fast"
/usr/bin/make -f CMakeFiles/cmTC_d3ab1.dir/build.make CMakeFiles/cmTC_d3ab1.dir/build
make[1]: Entering directory '/home/travis/build/CESNET/libyang/cmocka/build/CMakeFiles/CMakeTmp'
Building C object CMakeFiles/cmTC_d3ab1.dir/CheckIncludeFile.c.o
/usr/bin/gcc   -fPIE   -o CMakeFiles/cmTC_d3ab1.dir/CheckIncludeFile.c.o   -c /home/travis/build/CESNET/libyang/cmocka/build/CMakeFiles/CMakeTmp/CheckIncludeFile.c
Linking C executable cmTC_d3ab1
/usr/local/cmake-3.12.4/bin/cmake -E cmake_link_script CMakeFiles/cmTC_d3ab1.dir/link.txt --verbose=1
/usr/bin/gcc      CMakeFiles/cmTC_d3ab1.dir/CheckIncludeFile.c.o  -o cmTC_d3ab1 
make[1]: Leaving directory '/home/travis/build/CESNET/libyang/cmocka/build/CMakeFiles/CMakeTmp'


Determining if the include file stdint.h exists passed with the following output:
Change Dir: /home/travis/build/CESNET/libyang/cmocka/build/CMakeFiles/CMakeTmp

Run Build Command:"/usr/bin/make" "cmTC_8aa50/fast"
/usr/bin/make -f CMakeFiles/cmTC_8aa50.dir/build.make CMakeFiles/cmTC_8aa50.dir/build
make[1]: Entering directory '/home/travis/build/CESNET/libyang/cmocka/build/CMakeFiles/CMakeTmp'
Building C object CMakeFiles/cmTC_8aa50.dir/CheckIncludeFile.c.o
/usr/bin/gcc   -fPIE   -o CMakeFiles/cmTC_8aa50.dir/CheckIncludeFile.c.o   -c /home/travis/build/CESNET/libyang/cmocka/build/CMakeFiles/CMakeTmp/CheckIncludeFile.c
Linking C executable cmTC_8aa50
/usr/local/cmake-3.12.4/bin/cmake -E cmake_link_script CMakeFiles/cmTC_8aa50.dir/link.txt --verbose=1
/usr/bin/gcc      CMakeFiles/cmTC_8aa50.dir/CheckIncludeFile.c.o  -o cmTC_8aa50 
make[1]: Leaving directory '/home/travis/build/CESNET/libyang/cmocka/build/CMakeFiles/CMakeTmp'


Determining if the include file stdio.h exists passed with the following output:
Change Dir: /home/travis/build/CESNET/libyang/cmocka/build/CMakeFiles/CMakeTmp

Run Build Command:"/usr/bin/make" "cmTC_81e8d/fast"
/usr/bin/make -f CMakeFiles/cmTC_81e8d.dir/build.make CMakeFiles/cmTC_81e8d.dir/build
make[1]: Entering directory '/home/travis/build/CESNET/libyang/cmocka/build/CMakeFiles/CMakeTmp'
Building C object CMakeFiles/cmTC_81e8d.dir/CheckIncludeFile.c.o
/usr/bin/gcc   -fPIE   -o CMakeFiles/cmTC_81e8d.dir/CheckIncludeFile.c.o   -c /home/travis/build/CESNET/libyang/cmocka/build/CMakeFiles/CMakeTmp/CheckIncludeFile.c
Linking C executable cmTC_81e8d
/usr/local/cmake-3.12.4/bin/cmake -E cmake_link_script CMakeFiles/cmTC_81e8d.dir/link.txt --verbose=1
/usr/bin/gcc      CMakeFiles/cmTC_81e8d.dir/CheckIncludeFile.c.o  -o cmTC_81e8d 
make[1]: Leaving directory '/home/travis/build/CESNET/libyang/cmocka/build/CMakeFiles/CMakeTmp'


Determining if the include file stdlib.h exists passed with the following output:
Change Dir: /home/travis/build/CESNET/libyang/cmocka/build/CMakeFiles/CMakeTmp

Run Build Command:"/usr/bin/make" "cmTC_74438/fast"
/usr/bin/make -f CMakeFiles/cmTC_74438.dir/build.make CMakeFiles/cmTC_74438.dir/build
make[1]: Entering directory '/home/travis/build/CESNET/libyang/cmocka/build/CMakeFiles/CMakeTmp'
Building C object CMakeFiles/cmTC_74438.dir/CheckIncludeFile.c.o
/usr/bin/gcc   -fPIE   -o CMakeFiles/cmTC_74438.dir/CheckIncludeFile.c.o   -c /home/travis/build/CESNET/libyang/cmocka/build/CMakeFiles/CMakeTmp/CheckIncludeFile.c
Linking C executable cmTC_74438
/usr/local/cmake-3.12.4/bin/cmake -E cmake_link_script CMakeFiles/cmTC_74438.dir/link.txt --verbose=1
/usr/bin/gcc      CMakeFiles/cmTC_74438.dir/CheckIncludeFile.c.o  -o cmTC_74438 
make[1]: Leaving directory '/home/travis/build/CESNET/libyang/cmocka/build/CMakeFiles/CMakeTmp'


Determining if the include file string.h exists passed with the following output:
Change Dir: /home/travis/build/CESNET/libyang/cmocka/build/CMakeFiles/CMakeTmp

Run Build Command:"/usr/bin/make" "cmTC_1a7fc/fast"
/usr/bin/make -f CMakeFiles/cmTC_1a7fc.dir/build.make CMakeFiles/cmTC_1a7fc.dir/build
make[1]: Entering directory '/home/travis/build/CESNET/libyang/cmocka/build/CMakeFiles/CMakeTmp'
Building C object CMakeFiles/cmTC_1a7fc.dir/CheckIncludeFile.c.o
/usr/bin/gcc   -fPIE   -o CMakeFiles/cmTC_1a7fc.dir/CheckIncludeFile.c.o   -c /home/travis/build/CESNET/libyang/cmocka/build/CMakeFiles/CMakeTmp/CheckIncludeFile.c
Linking C executable cmTC_1a7fc
/usr/local/cmake-3.12.4/bin/cmake -E cmake_link_script CMakeFiles/cmTC_1a7fc.dir/link.txt --verbose=1
/usr/bin/gcc      CMakeFiles/cmTC_1a7fc.dir/CheckIncludeFile.c.o  -o cmTC_1a7fc 
make[1]: Leaving directory '/home/travis/build/CESNET/libyang/cmocka/build/CMakeFiles/CMakeTmp'


Determining if the include file strings.h exists passed with the following output:
Change Dir: /home/travis/build/CESNET/libyang/cmocka/build/CMakeFiles/CMakeTmp

Run Build Command:"/usr/bin/make" "cmTC_cafd3/fast"
/usr/bin/make -f CMakeFiles/cmTC_cafd3.dir/build.make CMakeFiles/cmTC_cafd3.dir/build
make[1]: Entering directory '/home/travis/build/CESNET/libyang/cmocka/build/CMakeFiles/CMakeTmp'
Building C object CMakeFiles/cmTC_cafd3.dir/CheckIncludeFile.c.o
/usr/bin/gcc   -fPIE   -o CMakeFiles/cmTC_cafd3.dir/CheckIncludeFile.c.o   -c /home/travis/build/CESNET/libyang/cmocka/build/CMakeFiles/CMakeTmp/CheckIncludeFile.c
Linking C executable cmTC_cafd3
/usr/local/cmake-3.12.4/bin/cmake -E cmake_link_script CMakeFiles/cmTC_cafd3.dir/link.txt --verbose=1
/usr/bin/gcc      CMakeFiles/cmTC_cafd3.dir/CheckIncludeFile.c.o  -o cmTC_cafd3 
make[1]: Leaving directory '/home/travis/build/CESNET/libyang/cmocka/build/CMakeFiles/CMakeTmp'


Determining if the include file sys/stat.h exists passed with the following output:
Change Dir: /home/travis/build/CESNET/libyang/cmocka/build/CMakeFiles/CMakeTmp

Run Build Command:"/usr/bin/make" "cmTC_f8878/fast"
/usr/bin/make -f CMakeFiles/cmTC_f8878.dir/build.make CMakeFiles/cmTC_f8878.dir/build
make[1]: Entering directory '/home/travis/build/CESNET/libyang/cmocka/build/CMakeFiles/CMakeTmp'
Building C object CMakeFiles/cmTC_f8878.dir/CheckIncludeFile.c.o
/usr/bin/gcc   -fPIE   -o CMakeFiles/cmTC_f8878.dir/CheckIncludeFile.c.o   -c /home/travis/build/CESNET/libyang/cmocka/build/CMakeFiles/CMakeTmp/CheckIncludeFile.c
Linking C executable cmTC_f8878
/usr/local/cmake-3.12.4/bin/cmake -E cmake_link_script CMakeFiles/cmTC_f8878.dir/link.txt --verbose=1
/usr/bin/gcc      CMakeFiles/cmTC_f8878.dir/CheckIncludeFile.c.o  -o cmTC_f8878 
make[1]: Leaving directory '/home/travis/build/CESNET/libyang/cmocka/build/CMakeFiles/CMakeTmp'


Determining if the include file sys/types.h exists passed with the following output:
Change Dir: /home/travis/build/CESNET/libyang/cmocka/build/CMakeFiles/CMakeTmp

Run Build Command:"/usr/bin/make" "cmTC_db509/fast"
/usr/bin/make -f CMakeFiles/cmTC_db509.dir/build.make CMakeFiles/cmTC_db509.dir/build
make[1]: Entering directory '/home/travis/build/CESNET/libyang/cmocka/build/CMakeFiles/CMakeTmp'
Building C object CMakeFiles/cmTC_db509.dir/CheckIncludeFile.c.o
/usr/bin/gcc   -fPIE   -o CMakeFiles/cmTC_db509.dir/CheckIncludeFile.c.o   -c /home/travis/build/CESNET/libyang/cmocka/build/CMakeFiles/CMakeTmp/CheckIncludeFile.c
Linking C executable cmTC_db509
/usr/local/cmake-3.12.4/bin/cmake -E cmake_link_script CMakeFiles/cmTC_db509.dir/link.txt --verbose=1
/usr/bin/gcc      CMakeFiles/cmTC_db509.dir/CheckIncludeFile.c.o  -o cmTC_db509 
make[1]: Leaving directory '/home/travis/build/CESNET/libyang/cmocka/build/CMakeFiles/CMakeTmp'


Determining if the include file time.h exists passed with the following output:
Change Dir: /home/travis/build/CESNET/libyang/cmocka/build/CMakeFiles/CMakeTmp

Run Build Command:"/usr/bin/make" "cmTC_b3f74/fast"
/usr/bin/make -f CMakeFiles/cmTC_b3f74.dir/build.make CMakeFiles/cmTC_b3f74.dir/build
make[1]: Entering directory '/home/travis/build/CESNET/libyang/cmocka/build/CMakeFiles/CMakeTmp'
Building C object CMakeFiles/cmTC_b3f74.dir/CheckIncludeFile.c.o
/usr/bin/gcc   -fPIE   -o CMakeFiles/cmTC_b3f74.dir/CheckIncludeFile.c.o   -c /home/travis/build/CESNET/libyang/cmocka/build/CMakeFiles/CMakeTmp/CheckIncludeFile.c
Linking C executable cmTC_b3f74
/usr/local/cmake-3.12.4/bin/cmake -E cmake_link_script CMakeFiles/cmTC_b3f74.dir/link.txt --verbose=1
/usr/bin/gcc      CMakeFiles/cmTC_b3f74.dir/CheckIncludeFile.c.o  -o cmTC_b3f74 
make[1]: Leaving directory '/home/travis/build/CESNET/libyang/cmocka/build/CMakeFiles/CMakeTmp'


Determining if the include file unistd.h exists passed with the following output:
Change Dir: /home/travis/build/CESNET/libyang/cmocka/build/CMakeFiles/CMakeTmp

Run Build Command:"/usr/bin/make" "cmTC_d9e89/fast"
/usr/bin/make -f CMakeFiles/cmTC_d9e89.dir/build.make CMakeFiles/cmTC_d9e89.dir/build
make[1]: Entering directory '/home/travis/build/CESNET/libyang/cmocka/build/CMakeFiles/CMakeTmp'
Building C object CMakeFiles/cmTC_d9e89.dir/CheckIncludeFile.c.o
/usr/bin/gcc   -fPIE   -o CMakeFiles/cmTC_d9e89.dir/CheckIncludeFile.c.o   -c /home/travis/build/CESNET/libyang/cmocka/build/CMakeFiles/CMakeTmp/CheckIncludeFile.c
Linking C executable cmTC_d9e89
/usr/local/cmake-3.12.4/bin/cmake -E cmake_link_script CMakeFiles/cmTC_d9e89.dir/link.txt --verbose=1
/usr/bin/gcc      CMakeFiles/cmTC_d9e89.dir/CheckIncludeFile.c.o  -o cmTC_d9e89 
make[1]: Leaving directory '/home/travis/build/CESNET/libyang/cmocka/build/CMakeFiles/CMakeTmp'


Performing C SOURCE FILE Test HAVE_STRUCT_TIMESPEC succeeded with the following output:
Change Dir: /home/travis/build/CESNET/libyang/cmocka/build/CMakeFiles/CMakeTmp

Run Build Command:"/usr/bin/make" "cmTC_93f26/fast"
/usr/bin/make -f CMakeFiles/cmTC_93f26.dir/build.make CMakeFiles/cmTC_93f26.dir/build
make[1]: Entering directory '/home/travis/build/CESNET/libyang/cmocka/build/CMakeFiles/CMakeTmp'
Building C object CMakeFiles/cmTC_93f26.dir/src.c.o
/usr/bin/gcc   -DHAVE_STRUCT_TIMESPEC -fPIE   -o CMakeFiles/cmTC_93f26.dir/src.c.o   -c /home/travis/build/CESNET/libyang/cmocka/build/CMakeFiles/CMakeTmp/src.c
Linking C executable cmTC_93f26
/usr/local/cmake-3.12.4/bin/cmake -E cmake_link_script CMakeFiles/cmTC_93f26.dir/link.txt --verbose=1
/usr/bin/gcc  -DHAVE_STRUCT_TIMESPEC    CMakeFiles/cmTC_93f26.dir/src.c.o  -o cmTC_93f26 
make[1]: Leaving directory '/home/travis/build/CESNET/libyang/cmocka/build/CMakeFiles/CMakeTmp'

Source file was:

#include <time.h>

int main()
{
   (void)sizeof(((struct timespec *)0)->tv_sec);
   return 0;
}

Determining size of uintptr_t passed with the following output:
Change Dir: /home/travis/build/CESNET/libyang/cmocka/build/CMakeFiles/CMakeTmp

Run Build Command:"/usr/bin/make" "cmTC_e7329/fast"
/usr/bin/make -f CMakeFiles/cmTC_e7329.dir/build.make CMakeFiles/cmTC_e7329.dir/build
make[1]: Entering directory '/home/travis/build/CESNET/libyang/cmocka/build/CMakeFiles/CMakeTmp'
Building C object CMakeFiles/cmTC_e7329.dir/UINTPTR_T.c.o
/usr/bin/gcc   -fPIE   -o CMakeFiles/cmTC_e7329.dir/UINTPTR_T.c.o   -c /home/travis/build/CESNET/libyang/cmocka/build/CMakeFiles/CheckTypeSize/UINTPTR_T.c
Linking C executable cmTC_e7329
/usr/local/cmake-3.12.4/bin/cmake -E cmake_link_script CMakeFiles/cmTC_e7329.dir/link.txt --verbose=1
/usr/bin/gcc      CMakeFiles/cmTC_e7329.dir/UINTPTR_T.c.o  -o cmTC_e7329 
make[1]: Leaving directory '/home/travis/build/CESNET/libyang/cmocka/build/CMakeFiles/CMakeTmp'


Determining if the function calloc exists passed with the following output:
Change Dir: /home/travis/build/CESNET/libyang/cmocka/build/CMakeFiles/CMakeTmp

Run Build Command:"/usr/bin/make" "cmTC_ed351/fast"
/usr/bin/make -f CMakeFiles/cmTC_ed351.dir/build.make CMakeFiles/cmTC_ed351.dir/build
make[1]: Entering directory '/home/travis/build/CESNET/libyang/cmocka/build/CMakeFiles/CMakeTmp'
Building C object CMakeFiles/cmTC_ed351.dir/CheckFunctionExists.c.o
/usr/bin/gcc   -DCHECK_FUNCTION_EXISTS=calloc -fPIE   -o CMakeFiles/cmTC_ed351.dir/CheckFunctionExists.c.o   -c /usr/local/cmake-3.12.4/share/cmake-3.12/Modules/CheckFunctionExists.c
<command-line>:0:23: warning: conflicting types for built-in function calloc [-Wbuiltin-declaration-mismatch]
/usr/local/cmake-3.12.4/share/cmake-3.12/Modules/CheckFunctionExists.c:7:3: note: in expansion of macro CHECK_FUNCTION_EXISTS
   CHECK_FUNCTION_EXISTS(void);
   ^~~~~~~~~~~~~~~~~~~~~
Linking C executable cmTC_ed351
/usr/local/cmake-3.12.4/bin/cmake -E cmake_link_script CMakeFiles/cmTC_ed351.dir/link.txt --verbose=1
/usr/bin/gcc  -DCHECK_FUNCTION_EXISTS=calloc    CMakeFiles/cmTC_ed351.dir/CheckFunctionExists.c.o  -o cmTC_ed351 
make[1]: Leaving directory '/home/travis/build/CESNET/libyang/cmocka/build/CMakeFiles/CMakeTmp'


Determining if the function exit exists passed with the following output:
Change Dir: /home/travis/build/CESNET/libyang/cmocka/build/CMakeFiles/CMakeTmp

Run Build Command:"/usr/bin/make" "cmTC_d910e/fast"
/usr/bin/make -f CMakeFiles/cmTC_d910e.dir/build.make CMakeFiles/cmTC_d910e.dir/build
make[1]: Entering directory '/home/travis/build/CESNET/libyang/cmocka/build/CMakeFiles/CMakeTmp'
Building C object CMakeFiles/cmTC_d910e.dir/CheckFunctionExists.c.o
/usr/bin/gcc   -DCHECK_FUNCTION_EXISTS=exit -fPIE   -o CMakeFiles/cmTC_d910e.dir/CheckFunctionExists.c.o   -c /usr/local/cmake-3.12.4/share/cmake-3.12/Modules/CheckFunctionExists.c
<command-line>:0:23: warning: conflicting types for built-in function exit [-Wbuiltin-declaration-mismatch]
/usr/local/cmake-3.12.4/share/cmake-3.12/Modules/CheckFunctionExists.c:7:3: note: in expansion of macro CHECK_FUNCTION_EXISTS
   CHECK_FUNCTION_EXISTS(void);
   ^~~~~~~~~~~~~~~~~~~~~
Linking C executable cmTC_d910e
/usr/local/cmake-3.12.4/bin/cmake -E cmake_link_script CMakeFiles/cmTC_d910e.dir/link.txt --verbose=1
/usr/bin/gcc  -DCHECK_FUNCTION_EXISTS=exit    CMakeFiles/cmTC_d910e.dir/CheckFunctionExists.c.o  -o cmTC_d910e 
make[1]: Leaving directory '/home/travis/build/CESNET/libyang/cmocka/build/CMakeFiles/CMakeTmp'


Determining if the function fprintf exists passed with the following output:
Change Dir: /home/travis/build/CESNET/libyang/cmocka/build/CMakeFiles/CMakeTmp

Run Build Command:"/usr/bin/make" "cmTC_9b5bc/fast"
/usr/bin/make -f CMakeFiles/cmTC_9b5bc.dir/build.make CMakeFiles/cmTC_9b5bc.dir/build
make[1]: Entering directory '/home/travis/build/CESNET/libyang/cmocka/build/CMakeFiles/CMakeTmp'
Building C object CMakeFiles/cmTC_9b5bc.dir/CheckFunctionExists.c.o
/usr/bin/gcc   -DCHECK_FUNCTION_EXISTS=fprintf -fPIE   -o CMakeFiles/cmTC_9b5bc.dir/CheckFunctionExists.c.o   -c /usr/local/cmake-3.12.4/share/cmake-3.12/Modules/CheckFunctionExists.c
<command-line>:0:23: warning: conflicting types for built-in function fprintf [-Wbuiltin-declaration-mismatch]
/usr/local/cmake-3.12.4/share/cmake-3.12/Modules/CheckFunctionExists.c:7:3: note: in expansion of macro CHECK_FUNCTION_EXISTS
   CHECK_FUNCTION_EXISTS(void);
   ^~~~~~~~~~~~~~~~~~~~~
Linking C executable cmTC_9b5bc
/usr/local/cmake-3.12.4/bin/cmake -E cmake_link_script CMakeFiles/cmTC_9b5bc.dir/link.txt --verbose=1
/usr/bin/gcc  -DCHECK_FUNCTION_EXISTS=fprintf    CMakeFiles/cmTC_9b5bc.dir/CheckFunctionExists.c.o  -o cmTC_9b5bc 
make[1]: Leaving directory '/home/travis/build/CESNET/libyang/cmocka/build/CMakeFiles/CMakeTmp'


Determining if the function free exists passed with the following output:
Change Dir: /home/travis/build/CESNET/libyang/cmocka/build/CMakeFiles/CMakeTmp

Run Build Command:"/usr/bin/make" "cmTC_52f77/fast"
/usr/bin/make -f CMakeFiles/cmTC_52f77.dir/build.make CMakeFiles/cmTC_52f77.dir/build
make[1]: Entering directory '/home/travis/build/CESNET/libyang/cmocka/build/CMakeFiles/CMakeTmp'
Building C object CMakeFiles/cmTC_52f77.dir/CheckFunctionExists.c.o
/usr/bin/gcc   -DCHECK_FUNCTION_EXISTS=free -fPIE   -o CMakeFiles/cmTC_52f77.dir/CheckFunctionExists.c.o   -c /usr/local/cmake-3.12.4/share/cmake-3.12/Modules/CheckFunctionExists.c
<command-line>:0:23: warning: conflicting types for built-in function free [-Wbuiltin-declaration-mismatch]
/usr/local/cmake-3.12.4/share/cmake-3.12/Modules/CheckFunctionExists.c:7:3: note: in expansion of macro CHECK_FUNCTION_EXISTS
   CHECK_FUNCTION_EXISTS(void);
   ^~~~~~~~~~~~~~~~~~~~~
Linking C executable cmTC_52f77
/usr/local/cmake-3.12.4/bin/cmake -E cmake_link_script CMakeFiles/cmTC_52f77.dir/link.txt --verbose=1
/usr/bin/gcc  -DCHECK_FUNCTION_EXISTS=free    CMakeFiles/cmTC_52f77.dir/CheckFunctionExists.c.o  -o cmTC_52f77 
make[1]: Leaving directory '/home/travis/build/CESNET/libyang/cmocka/build/CMakeFiles/CMakeTmp'


Determining if the function longjmp exists passed with the following output:
Change Dir: /home/travis/build/CESNET/libyang/cmocka/build/CMakeFiles/CMakeTmp

Run Build Command:"/usr/bin/make" "cmTC_6654a/fast"
/usr/bin/make -f CMakeFiles/cmTC_6654a.dir/build.make CMakeFiles/cmTC_6654a.dir/build
make[1]: Entering directory '/home/travis/build/CESNET/libyang/cmocka/build/CMakeFiles/CMakeTmp'
Building C object CMakeFiles/cmTC_6654a.dir/CheckFunctionExists.c.o
/usr/bin/gcc   -DCHECK_FUNCTION_EXISTS=longjmp -fPIE   -o CMakeFiles/cmTC_6654a.dir/CheckFunctionExists.c.o   -c /usr/local/cmake-3.12.4/share/cmake-3.12/Modules/CheckFunctionExists.c
Linking C executable cmTC_6654a
/usr/local/cmake-3.12.4/bin/cmake -E cmake_link_script CMakeFiles/cmTC_6654a.dir/link.txt --verbose=1
/usr/bin/gcc  -DCHECK_FUNCTION_EXISTS=longjmp    CMakeFiles/cmTC_6654a.dir/CheckFunctionExists.c.o  -o cmTC_6654a 
make[1]: Leaving directory '/home/travis/build/CESNET/libyang/cmocka/build/CMakeFiles/CMakeTmp'


Determining if the function siglongjmp exists passed with the following output:
Change Dir: /home/travis/build/CESNET/libyang/cmocka/build/CMakeFiles/CMakeTmp

Run Build Command:"/usr/bin/make" "cmTC_5b779/fast"
/usr/bin/make -f CMakeFiles/cmTC_5b779.dir/build.make CMakeFiles/cmTC_5b779.dir/build
make[1]: Entering directory '/home/travis/build/CESNET/libyang/cmocka/build/CMakeFiles/CMakeTmp'
Building C object CMakeFiles/cmTC_5b779.dir/CheckFunctionExists.c.o
/usr/bin/gcc   -DCHECK_FUNCTION_EXISTS=siglongjmp -fPIE   -o CMakeFiles/cmTC_5b779.dir/CheckFunctionExists.c.o   -c /usr/local/cmake-3.12.4/share/cmake-3.12/Modules/CheckFunctionExists.c
Linking C executable cmTC_5b779
/usr/local/cmake-3.12.4/bin/cmake -E cmake_link_script CMakeFiles/cmTC_5b779.dir/link.txt --verbose=1
/usr/bin/gcc  -DCHECK_FUNCTION_EXISTS=siglongjmp    CMakeFiles/cmTC_5b779.dir/CheckFunctionExists.c.o  -o cmTC_5b779 
make[1]: Leaving directory '/home/travis/build/CESNET/libyang/cmocka/build/CMakeFiles/CMakeTmp'


Determining if the function malloc exists passed with the following output:
Change Dir: /home/travis/build/CESNET/libyang/cmocka/build/CMakeFiles/CMakeTmp

Run Build Command:"/usr/bin/make" "cmTC_d3728/fast"
/usr/bin/make -f CMakeFiles/cmTC_d3728.dir/build.make CMakeFiles/cmTC_d3728.dir/build
make[1]: Entering directory '/home/travis/build/CESNET/libyang/cmocka/build/CMakeFiles/CMakeTmp'
Building C object CMakeFiles/cmTC_d3728.dir/CheckFunctionExists.c.o
/usr/bin/gcc   -DCHECK_FUNCTION_EXISTS=malloc -fPIE   -o CMakeFiles/cmTC_d3728.dir/CheckFunctionExists.c.o   -c /usr/local/cmake-3.12.4/share/cmake-3.12/Modules/CheckFunctionExists.c
<command-line>:0:23: warning: conflicting types for built-in function malloc [-Wbuiltin-declaration-mismatch]
/usr/local/cmake-3.12.4/share/cmake-3.12/Modules/CheckFunctionExists.c:7:3: note: in expansion of macro CHECK_FUNCTION_EXISTS
   CHECK_FUNCTION_EXISTS(void);
   ^~~~~~~~~~~~~~~~~~~~~
Linking C executable cmTC_d3728
/usr/local/cmake-3.12.4/bin/cmake -E cmake_link_script CMakeFiles/cmTC_d3728.dir/link.txt --verbose=1
/usr/bin/gcc  -DCHECK_FUNCTION_EXISTS=malloc    CMakeFiles/cmTC_d3728.dir/CheckFunctionExists.c.o  -o cmTC_d3728 
make[1]: Leaving directory '/home/travis/build/CESNET/libyang/cmocka/build/CMakeFiles/CMakeTmp'


Determining if the function memcpy exists passed with the following output:
Change Dir: /home/travis/build/CESNET/libyang/cmocka/build/CMakeFiles/CMakeTmp

Run Build Command:"/usr/bin/make" "cmTC_1ae0d/fast"
/usr/bin/make -f CMakeFiles/cmTC_1ae0d.dir/build.make CMakeFiles/cmTC_1ae0d.dir/build
make[1]: Entering directory '/home/travis/build/CESNET/libyang/cmocka/build/CMakeFiles/CMakeTmp'
Building C object CMakeFiles/cmTC_1ae0d.dir/CheckFunctionExists.c.o
/usr/bin/gcc   -DCHECK_FUNCTION_EXISTS=memcpy -fPIE   -o CMakeFiles/cmTC_1ae0d.dir/CheckFunctionExists.c.o   -c /usr/local/cmake-3.12.4/share/cmake-3.12/Modules/CheckFunctionExists.c
<command-line>:0:23: warning: conflicting types for built-in function memcpy [-Wbuiltin-declaration-mismatch]
/usr/local/cmake-3.12.4/share/cmake-3.12/Modules/CheckFunctionExists.c:7:3: note: in expansion of macro CHECK_FUNCTION_EXISTS
   CHECK_FUNCTION_EXISTS(void);
   ^~~~~~~~~~~~~~~~~~~~~
Linking C executable cmTC_1ae0d
/usr/local/cmake-3.12.4/bin/cmake -E cmake_link_script CMakeFiles/cmTC_1ae0d.dir/link.txt --verbose=1
/usr/bin/gcc  -DCHECK_FUNCTION_EXISTS=memcpy    CMakeFiles/cmTC_1ae0d.dir/CheckFunctionExists.c.o  -o cmTC_1ae0d 
make[1]: Leaving directory '/home/travis/build/CESNET/libyang/cmocka/build/CMakeFiles/CMakeTmp'


Determining if the function memset exists passed with the following output:
Change Dir: /home/travis/build/CESNET/libyang/cmocka/build/CMakeFiles/CMakeTmp

Run Build Command:"/usr/bin/make" "cmTC_d122a/fast"
/usr/bin/make -f CMakeFiles/cmTC_d122a.dir/build.make CMakeFiles/cmTC_d122a.dir/build
make[1]: Entering directory '/home/travis/build/CESNET/libyang/cmocka/build/CMakeFiles/CMakeTmp'
Building C object CMakeFiles/cmTC_d122a.dir/CheckFunctionExists.c.o
/usr/bin/gcc   -DCHECK_FUNCTION_EXISTS=memset -fPIE   -o CMakeFiles/cmTC_d122a.dir/CheckFunctionExists.c.o   -c /usr/local/cmake-3.12.4/share/cmake-3.12/Modules/CheckFunctionExists.c
<command-line>:0:23: warning: conflicting types for built-in function memset [-Wbuiltin-declaration-mismatch]
/usr/local/cmake-3.12.4/share/cmake-3.12/Modules/CheckFunctionExists.c:7:3: note: in expansion of macro CHECK_FUNCTION_EXISTS
   CHECK_FUNCTION_EXISTS(void);
   ^~~~~~~~~~~~~~~~~~~~~
Linking C executable cmTC_d122a
/usr/local/cmake-3.12.4/bin/cmake -E cmake_link_script CMakeFiles/cmTC_d122a.dir/link.txt --verbose=1
/usr/bin/gcc  -DCHECK_FUNCTION_EXISTS=memset    CMakeFiles/cmTC_d122a.dir/CheckFunctionExists.c.o  -o cmTC_d122a 
make[1]: Leaving directory '/home/travis/build/CESNET/libyang/cmocka/build/CMakeFiles/CMakeTmp'


Determining if the function printf exists passed with the following output:
Change Dir: /home/travis/build/CESNET/libyang/cmocka/build/CMakeFiles/CMakeTmp

Run Build Command:"/usr/bin/make" "cmTC_3c3e9/fast"
/usr/bin/make -f CMakeFiles/cmTC_3c3e9.dir/build.make CMakeFiles/cmTC_3c3e9.dir/build
make[1]: Entering directory '/home/travis/build/CESNET/libyang/cmocka/build/CMakeFiles/CMakeTmp'
Building C object CMakeFiles/cmTC_3c3e9.dir/CheckFunctionExists.c.o
/usr/bin/gcc   -DCHECK_FUNCTION_EXISTS=printf -fPIE   -o CMakeFiles/cmTC_3c3e9.dir/CheckFunctionExists.c.o   -c /usr/local/cmake-3.12.4/share/cmake-3.12/Modules/CheckFunctionExists.c
<command-line>:0:23: warning: conflicting types for built-in function printf [-Wbuiltin-declaration-mismatch]
/usr/local/cmake-3.12.4/share/cmake-3.12/Modules/CheckFunctionExists.c:7:3: note: in expansion of macro CHECK_FUNCTION_EXISTS
   CHECK_FUNCTION_EXISTS(void);
   ^~~~~~~~~~~~~~~~~~~~~
Linking C executable cmTC_3c3e9
/usr/local/cmake-3.12.4/bin/cmake -E cmake_link_script CMakeFiles/cmTC_3c3e9.dir/link.txt --verbose=1
/usr/bin/gcc  -DCHECK_FUNCTION_EXISTS=printf    CMakeFiles/cmTC_3c3e9.dir/CheckFunctionExists.c.o  -o cmTC_3c3e9 
make[1]: Leaving directory '/home/travis/build/CESNET/libyang/cmocka/build/CMakeFiles/CMakeTmp'


Determining if the function setjmp exists passed with the following output:
Change Dir: /home/travis/build/CESNET/libyang/cmocka/build/CMakeFiles/CMakeTmp

Run Build Command:"/usr/bin/make" "cmTC_52fe5/fast"
/usr/bin/make -f CMakeFiles/cmTC_52fe5.dir/build.make CMakeFiles/cmTC_52fe5.dir/build
make[1]: Entering directory '/home/travis/build/CESNET/libyang/cmocka/build/CMakeFiles/CMakeTmp'
Building C object CMakeFiles/cmTC_52fe5.dir/CheckFunctionExists.c.o
/usr/bin/gcc   -DCHECK_FUNCTION_EXISTS=setjmp -fPIE   -o CMakeFiles/cmTC_52fe5.dir/CheckFunctionExists.c.o   -c /usr/local/cmake-3.12.4/share/cmake-3.12/Modules/CheckFunctionExists.c
Linking C executable cmTC_52fe5
/usr/local/cmake-3.12.4/bin/cmake -E cmake_link_script CMakeFiles/cmTC_52fe5.dir/link.txt --verbose=1
/usr/bin/gcc  -DCHECK_FUNCTION_EXISTS=setjmp    CMakeFiles/cmTC_52fe5.dir/CheckFunctionExists.c.o  -o cmTC_52fe5 
make[1]: Leaving directory '/home/travis/build/CESNET/libyang/cmocka/build/CMakeFiles/CMakeTmp'


Determining if the function signal exists passed with the following output:
Change Dir: /home/travis/build/CESNET/libyang/cmocka/build/CMakeFiles/CMakeTmp

Run Build Command:"/usr/bin/make" "cmTC_5299c/fast"
/usr/bin/make -f CMakeFiles/cmTC_5299c.dir/build.make CMakeFiles/cmTC_5299c.dir/build
make[1]: Entering directory '/home/travis/build/CESNET/libyang/cmocka/build/CMakeFiles/CMakeTmp'
Building C object CMakeFiles/cmTC_5299c.dir/CheckFunctionExists.c.o
/usr/bin/gcc   -DCHECK_FUNCTION_EXISTS=signal -fPIE   -o CMakeFiles/cmTC_5299c.dir/CheckFunctionExists.c.o   -c /usr/local/cmake-3.12.4/share/cmake-3.12/Modules/CheckFunctionExists.c
Linking C executable cmTC_5299c
/usr/local/cmake-3.12.4/bin/cmake -E cmake_link_script CMakeFiles/cmTC_5299c.dir/link.txt --verbose=1
/usr/bin/gcc  -DCHECK_FUNCTION_EXISTS=signal    CMakeFiles/cmTC_5299c.dir/CheckFunctionExists.c.o  -o cmTC_5299c 
make[1]: Leaving directory '/home/travis/build/CESNET/libyang/cmocka/build/CMakeFiles/CMakeTmp'


Determining if the function strsignal exists passed with the following output:
Change Dir: /home/travis/build/CESNET/libyang/cmocka/build/CMakeFiles/CMakeTmp

Run Build Command:"/usr/bin/make" "cmTC_0b69a/fast"
/usr/bin/make -f CMakeFiles/cmTC_0b69a.dir/build.make CMakeFiles/cmTC_0b69a.dir/build
make[1]: Entering directory '/home/travis/build/CESNET/libyang/cmocka/build/CMakeFiles/CMakeTmp'
Building C object CMakeFiles/cmTC_0b69a.dir/CheckFunctionExists.c.o
/usr/bin/gcc   -DCHECK_FUNCTION_EXISTS=strsignal -fPIE   -o CMakeFiles/cmTC_0b69a.dir/CheckFunctionExists.c.o   -c /usr/local/cmake-3.12.4/share/cmake-3.12/Modules/CheckFunctionExists.c
Linking C executable cmTC_0b69a
/usr/local/cmake-3.12.4/bin/cmake -E cmake_link_script CMakeFiles/cmTC_0b69a.dir/link.txt --verbose=1
/usr/bin/gcc  -DCHECK_FUNCTION_EXISTS=strsignal    CMakeFiles/cmTC_0b69a.dir/CheckFunctionExists.c.o  -o cmTC_0b69a 
make[1]: Leaving directory '/home/travis/build/CESNET/libyang/cmocka/build/CMakeFiles/CMakeTmp'


Determining if the function strcmp exists passed with the following output:
Change Dir: /home/travis/build/CESNET/libyang/cmocka/build/CMakeFiles/CMakeTmp

Run Build Command:"/usr/bin/make" "cmTC_362f6/fast"
/usr/bin/make -f CMakeFiles/cmTC_362f6.dir/build.make CMakeFiles/cmTC_362f6.dir/build
make[1]: Entering directory '/home/travis/build/CESNET/libyang/cmocka/build/CMakeFiles/CMakeTmp'
Building C object CMakeFiles/cmTC_362f6.dir/CheckFunctionExists.c.o
/usr/bin/gcc   -DCHECK_FUNCTION_EXISTS=strcmp -fPIE   -o CMakeFiles/cmTC_362f6.dir/CheckFunctionExists.c.o   -c /usr/local/cmake-3.12.4/share/cmake-3.12/Modules/CheckFunctionExists.c
<command-line>:0:23: warning: conflicting types for built-in function strcmp [-Wbuiltin-declaration-mismatch]
/usr/local/cmake-3.12.4/share/cmake-3.12/Modules/CheckFunctionExists.c:7:3: note: in expansion of macro CHECK_FUNCTION_EXISTS
   CHECK_FUNCTION_EXISTS(void);
   ^~~~~~~~~~~~~~~~~~~~~
Linking C executable cmTC_362f6
/usr/local/cmake-3.12.4/bin/cmake -E cmake_link_script CMakeFiles/cmTC_362f6.dir/link.txt --verbose=1
/usr/bin/gcc  -DCHECK_FUNCTION_EXISTS=strcmp    CMakeFiles/cmTC_362f6.dir/CheckFunctionExists.c.o  -o cmTC_362f6 
make[1]: Leaving directory '/home/travis/build/CESNET/libyang/cmocka/build/CMakeFiles/CMakeTmp'


Determining if the function clock_gettime exists passed with the following output:
Change Dir: /home/travis/build/CESNET/libyang/cmocka/build/CMakeFiles/CMakeTmp

Run Build Command:"/usr/bin/make" "cmTC_0968b/fast"
/usr/bin/make -f CMakeFiles/cmTC_0968b.dir/build.make CMakeFiles/cmTC_0968b.dir/build
make[1]: Entering directory '/home/travis/build/CESNET/libyang/cmocka/build/CMakeFiles/CMakeTmp'
Building C object CMakeFiles/cmTC_0968b.dir/CheckFunctionExists.c.o
/usr/bin/gcc   -DCHECK_FUNCTION_EXISTS=clock_gettime -fPIE   -o CMakeFiles/cmTC_0968b.dir/CheckFunctionExists.c.o   -c /usr/local/cmake-3.12.4/share/cmake-3.12/Modules/CheckFunctionExists.c
Linking C executable cmTC_0968b
/usr/local/cmake-3.12.4/bin/cmake -E cmake_link_script CMakeFiles/cmTC_0968b.dir/link.txt --verbose=1
/usr/bin/gcc  -DCHECK_FUNCTION_EXISTS=clock_gettime    CMakeFiles/cmTC_0968b.dir/CheckFunctionExists.c.o  -o cmTC_0968b 
make[1]: Leaving directory '/home/travis/build/CESNET/libyang/cmocka/build/CMakeFiles/CMakeTmp'


Determining if the function sprintf exists passed with the following output:
Change Dir: /home/travis/build/CESNET/libyang/cmocka/build/CMakeFiles/CMakeTmp

Run Build Command:"/usr/bin/make" "cmTC_7be58/fast"
/usr/bin/make -f CMakeFiles/cmTC_7be58.dir/build.make CMakeFiles/cmTC_7be58.dir/build
make[1]: Entering directory '/home/travis/build/CESNET/libyang/cmocka/build/CMakeFiles/CMakeTmp'
Building C object CMakeFiles/cmTC_7be58.dir/CheckFunctionExists.c.o
/usr/bin/gcc   -DCHECK_FUNCTION_EXISTS=sprintf -fPIE   -o CMakeFiles/cmTC_7be58.dir/CheckFunctionExists.c.o   -c /usr/local/cmake-3.12.4/share/cmake-3.12/Modules/CheckFunctionExists.c
<command-line>:0:23: warning: conflicting types for built-in function sprintf [-Wbuiltin-declaration-mismatch]
/usr/local/cmake-3.12.4/share/cmake-3.12/Modules/CheckFunctionExists.c:7:3: note: in expansion of macro CHECK_FUNCTION_EXISTS
   CHECK_FUNCTION_EXISTS(void);
   ^~~~~~~~~~~~~~~~~~~~~
Linking C executable cmTC_7be58
/usr/local/cmake-3.12.4/bin/cmake -E cmake_link_script CMakeFiles/cmTC_7be58.dir/link.txt --verbose=1
/usr/bin/gcc  -DCHECK_FUNCTION_EXISTS=sprintf    CMakeFiles/cmTC_7be58.dir/CheckFunctionExists.c.o  -o cmTC_7be58 
make[1]: Leaving directory '/home/travis/build/CESNET/libyang/cmocka/build/CMakeFiles/CMakeTmp'


Determining if the function vsnprintf exists passed with the following output:
Change Dir: /home/travis/build/CESNET/libyang/cmocka/build/CMakeFiles/CMakeTmp

Run Build Command:"/usr/bin/make" "cmTC_d7f6e/fast"
/usr/bin/make -f CMakeFiles/cmTC_d7f6e.dir/build.make CMakeFiles/cmTC_d7f6e.dir/build
make[1]: Entering directory '/home/travis/build/CESNET/libyang/cmocka/build/CMakeFiles/CMakeTmp'
Building C object CMakeFiles/cmTC_d7f6e.dir/CheckFunctionExists.c.o
/usr/bin/gcc   -DCHECK_FUNCTION_EXISTS=vsnprintf -fPIE   -o CMakeFiles/cmTC_d7f6e.dir/CheckFunctionExists.c.o   -c /usr/local/cmake-3.12.4/share/cmake-3.12/Modules/CheckFunctionExists.c
<command-line>:0:23: warning: conflicting types for built-in function vsnprintf [-Wbuiltin-declaration-mismatch]
/usr/local/cmake-3.12.4/share/cmake-3.12/Modules/CheckFunctionExists.c:7:3: note: in expansion of macro CHECK_FUNCTION_EXISTS
   CHECK_FUNCTION_EXISTS(void);
   ^~~~~~~~~~~~~~~~~~~~~
Linking C executable cmTC_d7f6e
/usr/local/cmake-3.12.4/bin/cmake -E cmake_link_script CMakeFiles/cmTC_d7f6e.dir/link.txt --verbose=1
/usr/bin/gcc  -DCHECK_FUNCTION_EXISTS=vsnprintf    CMakeFiles/cmTC_d7f6e.dir/CheckFunctionExists.c.o  -o cmTC_d7f6e 
make[1]: Leaving directory '/home/travis/build/CESNET/libyang/cmocka/build/CMakeFiles/CMakeTmp'


Performing C SOURCE FILE Test HAVE_GCC_THREAD_LOCAL_STORAGE succeeded with the following output:
Change Dir: /home/travis/build/CESNET/libyang/cmocka/build/CMakeFiles/CMakeTmp

Run Build Command:"/usr/bin/make" "cmTC_24f2f/fast"
/usr/bin/make -f CMakeFiles/cmTC_24f2f.dir/build.make CMakeFiles/cmTC_24f2f.dir/build
make[1]: Entering directory '/home/travis/build/CESNET/libyang/cmocka/build/CMakeFiles/CMakeTmp'
Building C object CMakeFiles/cmTC_24f2f.dir/src.c.o
/usr/bin/gcc   -DHAVE_GCC_THREAD_LOCAL_STORAGE -fPIE   -o CMakeFiles/cmTC_24f2f.dir/src.c.o   -c /home/travis/build/CESNET/libyang/cmocka/build/CMakeFiles/CMakeTmp/src.c
Linking C executable cmTC_24f2f
/usr/local/cmake-3.12.4/bin/cmake -E cmake_link_script CMakeFiles/cmTC_24f2f.dir/link.txt --verbose=1
/usr/bin/gcc  -DHAVE_GCC_THREAD_LOCAL_STORAGE    CMakeFiles/cmTC_24f2f.dir/src.c.o  -o cmTC_24f2f 
make[1]: Leaving directory '/home/travis/build/CESNET/libyang/cmocka/build/CMakeFiles/CMakeTmp'

Source file was:

__thread int tls;

int main(void) {
    return 0;
}
Performing C SOURCE FILE Test HAVE_CLOCK_REALTIME succeeded with the following output:
Change Dir: /home/travis/build/CESNET/libyang/cmocka/build/CMakeFiles/CMakeTmp

Run Build Command:"/usr/bin/make" "cmTC_1248a/fast"
/usr/bin/make -f CMakeFiles/cmTC_1248a.dir/build.make CMakeFiles/cmTC_1248a.dir/build
make[1]: Entering directory '/home/travis/build/CESNET/libyang/cmocka/build/CMakeFiles/CMakeTmp'
Building C object CMakeFiles/cmTC_1248a.dir/src.c.o
/usr/bin/gcc   -DHAVE_CLOCK_REALTIME -fPIE   -o CMakeFiles/cmTC_1248a.dir/src.c.o   -c /home/travis/build/CESNET/libyang/cmocka/build/CMakeFiles/CMakeTmp/src.c
Linking C executable cmTC_1248a
/usr/local/cmake-3.12.4/bin/cmake -E cmake_link_script CMakeFiles/cmTC_1248a.dir/link.txt --verbose=1
/usr/bin/gcc  -DHAVE_CLOCK_REALTIME    CMakeFiles/cmTC_1248a.dir/src.c.o  -o cmTC_1248a /usr/lib/x86_64-linux-gnu/librt.so 
make[1]: Leaving directory '/home/travis/build/CESNET/libyang/cmocka/build/CMakeFiles/CMakeTmp'

Source file was:

#include <time.h>

int main(void) {
    struct timespec ts;

    clock_gettime(CLOCK_REALTIME, &ts);

    return 0;
}
Determining size of unsigned short passed with the following output:
Change Dir: /home/travis/build/CESNET/libyang/cmocka/build/CMakeFiles/CMakeTmp

Run Build Command:"/usr/bin/make" "cmTC_f7aaf/fast"
/usr/bin/make -f CMakeFiles/cmTC_f7aaf.dir/build.make CMakeFiles/cmTC_f7aaf.dir/build
make[1]: Entering directory '/home/travis/build/CESNET/libyang/cmocka/build/CMakeFiles/CMakeTmp'
Building C object CMakeFiles/cmTC_f7aaf.dir/CMAKE_SIZEOF_UNSIGNED_SHORT.c.o
/usr/bin/gcc   -fPIE   -o CMakeFiles/cmTC_f7aaf.dir/CMAKE_SIZEOF_UNSIGNED_SHORT.c.o   -c /home/travis/build/CESNET/libyang/cmocka/build/CMakeFiles/CheckTypeSize/CMAKE_SIZEOF_UNSIGNED_SHORT.c
Linking C executable cmTC_f7aaf
/usr/local/cmake-3.12.4/bin/cmake -E cmake_link_script CMakeFiles/cmTC_f7aaf.dir/link.txt --verbose=1
/usr/bin/gcc      CMakeFiles/cmTC_f7aaf.dir/CMAKE_SIZEOF_UNSIGNED_SHORT.c.o  -o cmTC_f7aaf 
make[1]: Leaving directory '/home/travis/build/CESNET/libyang/cmocka/build/CMakeFiles/CMakeTmp'


Determining if the system is big endian passed with the following output:
Change Dir: /home/travis/build/CESNET/libyang/cmocka/build/CMakeFiles/CMakeTmp

Run Build Command:"/usr/bin/make" "cmTC_442ed/fast"
/usr/bin/make -f CMakeFiles/cmTC_442ed.dir/build.make CMakeFiles/cmTC_442ed.dir/build
make[1]: Entering directory '/home/travis/build/CESNET/libyang/cmocka/build/CMakeFiles/CMakeTmp'
Building C object CMakeFiles/cmTC_442ed.dir/TestEndianess.c.o
/usr/bin/gcc   -fPIE   -o CMakeFiles/cmTC_442ed.dir/TestEndianess.c.o   -c /home/travis/build/CESNET/libyang/cmocka/build/CMakeFiles/CMakeTmp/TestEndianess.c
Linking C executable cmTC_442ed
/usr/local/cmake-3.12.4/bin/cmake -E cmake_link_script CMakeFiles/cmTC_442ed.dir/link.txt --verbose=1
/usr/bin/gcc      CMakeFiles/cmTC_442ed.dir/TestEndianess.c.o  -o cmTC_442ed 
make[1]: Leaving directory '/home/travis/build/CESNET/libyang/cmocka/build/CMakeFiles/CMakeTmp'

TestEndianess.c:
/* A 16 bit integer is required. */
typedef unsigned short cmakeint16;

/* On a little endian machine, these 16bit ints will give "THIS IS LITTLE ENDIAN."
   On a big endian machine the characters will be exchanged pairwise. */
const cmakeint16 info_little[] =  {0x4854, 0x5349, 0x4920, 0x2053, 0x494c, 0x5454, 0x454c, 0x4520, 0x444e, 0x4149, 0x2e4e, 0x0000};

/* on a big endian machine, these 16bit ints will give "THIS IS BIG ENDIAN."
   On a little endian machine the characters will be exchanged pairwise. */
const cmakeint16 info_big[] =     {0x5448, 0x4953, 0x2049, 0x5320, 0x4249, 0x4720, 0x454e, 0x4449, 0x414e, 0x2e2e, 0x0000};

#ifdef __CLASSIC_C__
int main(argc, argv) int argc; char *argv[];
#else
int main(int argc, char *argv[])
#endif
{
  int require = 0;
  require += info_little[argc];
  require += info_big[argc];
  (void)argv;
  return require;
}


